<?xml version="1.0" encoding="UTF-8"?>
<robot generator="Robot 7.3.2 (Python 3.13.5 on win32)" generated="2025-07-06T12:34:42.725442" rpa="false" schemaversion="5">
<suite id="s1" name="GuidedSellingFlow" source="D:\Guided-Selling-Automation\Tests\GuidedSellingFlow.robot">
<kw name="Run Setup Only Once" owner="pabot.PabotLib" type="SETUP">
<msg time="2025-07-06T12:34:45.515523" level="INFO">Setup skipped in this item</msg>
<arg>Initialize Parallel Result Storage</arg>
<doc>Runs a keyword only once at the first possible moment when
an execution has gone through this step.
[https://pabot.org/PabotLib.html?ref=log#run-setup-only-once|Open online docs.]</doc>
<status status="PASS" start="2025-07-06T12:34:45.506942" elapsed="0.010072"/>
</kw>
<test id="s1-t1" name="Run GS for orcmf" line="72">
<kw name="Begin Web Test" owner="Common" type="SETUP">
<kw name="Open Browser" owner="SeleniumLibrary">
<msg time="2025-07-06T12:34:45.520887" level="INFO">Opening browser 'firefox' to base url 'about:blank'.</msg>
<arg>about:blank</arg>
<arg>firefox</arg>
<doc>Opens a new browser instance to the optional ``url``.</doc>
<status status="PASS" start="2025-07-06T12:34:45.520404" elapsed="11.588828"/>
</kw>
<kw name="Maximize Browser Window" owner="SeleniumLibrary">
<doc>Maximizes current browser window.</doc>
<status status="PASS" start="2025-07-06T12:34:57.109834" elapsed="0.004087"/>
</kw>
<kw name="Set Selenium Timeout" owner="SeleniumLibrary">
<arg>15s</arg>
<doc>Sets the timeout that is used by various keywords.</doc>
<status status="PASS" start="2025-07-06T12:34:57.114362" elapsed="0.004979"/>
</kw>
<status status="PASS" start="2025-07-06T12:34:45.519700" elapsed="11.599967"/>
</kw>
<kw name="Execute Guided Selling Flow for All Combinations">
<kw name="Open Storefront and Accept Cookies">
<kw name="Go To" owner="SeleniumLibrary">
<msg time="2025-07-06T12:34:57.124388" level="INFO">Opening url 'https://storefront:fpg2022@staging.afterall.com'</msg>
<arg>${env}</arg>
<doc>Navigates the current browser window to the provided ``url``.</doc>
<status status="PASS" start="2025-07-06T12:34:57.123717" elapsed="6.466700"/>
</kw>
<kw name="Wait Until Element Is Visible" owner="SeleniumLibrary">
<arg>${rejectCookies}</arg>
<doc>Waits until the element ``locator`` is visible.</doc>
<status status="PASS" start="2025-07-06T12:35:03.590939" elapsed="0.273874"/>
</kw>
<kw name="Click Element" owner="SeleniumLibrary">
<msg time="2025-07-06T12:35:03.866203" level="INFO">Clicking element 'xpath://a[@aria-controls="consent-dialog" and contains(text(), "Accept Without Tracking")]'.</msg>
<arg>${rejectCookies}</arg>
<doc>Click the element identified by ``locator``.</doc>
<status status="PASS" start="2025-07-06T12:35:03.865371" elapsed="1.028109"/>
</kw>
<kw name="Wait Until Element Is Not Visible" owner="SeleniumLibrary">
<arg>${rejectCookies}</arg>
<doc>Waits until the element ``locator`` is not visible.</doc>
<status status="PASS" start="2025-07-06T12:35:04.894094" elapsed="0.290627"/>
</kw>
<status status="PASS" start="2025-07-06T12:34:57.122696" elapsed="8.062240"/>
</kw>
<kw name="Start Guided Selling Until Disposition Step">
<kw name="Go To" owner="SeleniumLibrary">
<msg time="2025-07-06T12:35:05.186381" level="INFO">Opening url 'https://staging.afterall.com/funeral-cremation/oregon/molalla/molalla-funeral-chapel/orcmf.html'</msg>
<arg>${url}</arg>
<doc>Navigates the current browser window to the provided ``url``.</doc>
<status status="PASS" start="2025-07-06T12:35:05.186079" elapsed="6.443451"/>
</kw>
<kw name="Wait Until Element Is Visible" owner="SeleniumLibrary">
<arg>${arrangeOnline}</arg>
<doc>Waits until the element ``locator`` is visible.</doc>
<status status="PASS" start="2025-07-06T12:35:11.630078" elapsed="0.110217"/>
</kw>
<kw name="Click Element" owner="SeleniumLibrary">
<msg time="2025-07-06T12:35:11.741611" level="INFO">Clicking element 'xpath://button[contains(@class, 'b-location_details-btn') and contains(text(), 'Arrange Online')]'.</msg>
<arg>${arrangeOnline}</arg>
<doc>Click the element identified by ``locator``.</doc>
<status status="PASS" start="2025-07-06T12:35:11.740808" elapsed="0.895491"/>
</kw>
<kw name="Wait Until Element Is Visible" owner="SeleniumLibrary">
<arg>${startPlanning}</arg>
<doc>Waits until the element ``locator`` is visible.</doc>
<status status="PASS" start="2025-07-06T12:35:12.636814" elapsed="0.025290"/>
</kw>
<kw name="Click Element" owner="SeleniumLibrary">
<msg time="2025-07-06T12:35:12.663455" level="INFO">Clicking element 'xpath://button[@data-widget-event-click="startPlanning"]'.</msg>
<arg>${startPlanning}</arg>
<doc>Click the element identified by ``locator``.</doc>
<status status="PASS" start="2025-07-06T12:35:12.662615" elapsed="0.386429"/>
</kw>
<kw name="Run Keyword And Return Status" owner="BuiltIn">
<kw name="Wait Until Element Is Visible" owner="SeleniumLibrary">
<msg time="2025-07-06T12:35:16.446850" level="INFO" html="true">&lt;/td&gt;&lt;/tr&gt;&lt;tr&gt;&lt;td colspan="3"&gt;&lt;a href="selenium-screenshot-1.png"&gt;&lt;img src="selenium-screenshot-1.png" width="800px"&gt;&lt;/a&gt;</msg>
<msg time="2025-07-06T12:35:16.447293" level="FAIL">Element 'xpath://h2[@class="b-dialog-title" and normalize-space(text())="Active Plan Found"]' not visible after 3 seconds.</msg>
<arg>${activePlanFoundPopup}</arg>
<arg>timeout=3s</arg>
<doc>Waits until the element ``locator`` is visible.</doc>
<status status="FAIL" start="2025-07-06T12:35:13.050601" elapsed="3.402830">Element 'xpath://h2[@class="b-dialog-title" and normalize-space(text())="Active Plan Found"]' not visible after 3 seconds.</status>
</kw>
<msg time="2025-07-06T12:35:16.453972" level="INFO">${isPopupPresent} = False</msg>
<var>${isPopupPresent}</var>
<arg>Wait Until Element Is Visible</arg>
<arg>${activePlanFoundPopup}</arg>
<arg>timeout=3s</arg>
<doc>Runs the given keyword with given arguments and returns the status as a Boolean value.</doc>
<status status="PASS" start="2025-07-06T12:35:13.049659" elapsed="3.404451"/>
</kw>
<if>
<branch type="IF" condition="'${isPopupPresent}' == 'True'">
<kw name="Click Element" owner="SeleniumLibrary">
<arg>${startNewCTA}</arg>
<doc>Click the element identified by ``locator``.</doc>
<status status="NOT RUN" start="2025-07-06T12:35:16.455462" elapsed="0.000264"/>
</kw>
<status status="NOT RUN" start="2025-07-06T12:35:16.454565" elapsed="0.001405"/>
</branch>
<status status="PASS" start="2025-07-06T12:35:16.454454" elapsed="0.001768"/>
</if>
<kw name="Wait Until Page Contains Element" owner="SeleniumLibrary">
<arg>${immediateNeedRadio}</arg>
<doc>Waits until the element ``locator`` appears on the current page.</doc>
<status status="PASS" start="2025-07-06T12:35:16.456573" elapsed="0.006338"/>
</kw>
<kw name="Click Element" owner="SeleniumLibrary">
<msg time="2025-07-06T12:35:16.464084" level="INFO">Clicking element 'xpath://span[normalize-space(text())="I need to arrange a service now"]'.</msg>
<arg>${immediateNeedRadio}</arg>
<doc>Click the element identified by ``locator``.</doc>
<status status="PASS" start="2025-07-06T12:35:16.463379" elapsed="0.315508"/>
</kw>
<kw name="Wait Until Element Is Visible" owner="SeleniumLibrary">
<arg>${lovedOneDetailsStep}</arg>
<doc>Waits until the element ``locator`` is visible.</doc>
<status status="PASS" start="2025-07-06T12:35:16.779442" elapsed="0.712283"/>
</kw>
<kw name="Wait Until Element Is Visible" owner="SeleniumLibrary">
<arg>${firstNameInput}</arg>
<doc>Waits until the element ``locator`` is visible.</doc>
<status status="PASS" start="2025-07-06T12:35:17.492188" elapsed="0.042401"/>
</kw>
<kw name="Input Text" owner="SeleniumLibrary">
<msg time="2025-07-06T12:35:17.535954" level="INFO">Typing text 'Test' into text field 'xpath://input[@name="dwfrm_guidedSelling_firstName"]'.</msg>
<arg>${firstNameInput}</arg>
<arg>${lovedOneFirstName}</arg>
<doc>Types the given ``text`` into the text field identified by ``locator``.</doc>
<status status="PASS" start="2025-07-06T12:35:17.535095" elapsed="0.375541"/>
</kw>
<kw name="Wait Until Element Is Visible" owner="SeleniumLibrary">
<arg>${lastNameInput}</arg>
<doc>Waits until the element ``locator`` is visible.</doc>
<status status="PASS" start="2025-07-06T12:35:17.911154" elapsed="0.048686"/>
</kw>
<kw name="Input Text" owner="SeleniumLibrary">
<msg time="2025-07-06T12:35:17.960881" level="INFO">Typing text 'Test' into text field 'xpath://input[@name="dwfrm_guidedSelling_lastName"]'.</msg>
<arg>${lastNameInput}</arg>
<arg>${lovedOneLastName}</arg>
<doc>Types the given ``text`` into the text field identified by ``locator``.</doc>
<status status="PASS" start="2025-07-06T12:35:17.960154" elapsed="0.097436"/>
</kw>
<kw name="Wait Until Element Is Visible" owner="SeleniumLibrary">
<arg>${dateOfPassingLabel}</arg>
<doc>Waits until the element ``locator`` is visible.</doc>
<status status="PASS" start="2025-07-06T12:35:18.058121" elapsed="0.032002"/>
</kw>
<kw name="Mouse Down" owner="SeleniumLibrary">
<msg time="2025-07-06T12:35:18.091472" level="INFO">Simulating Mouse Down on element 'xpath://label[@for="dwfrm_guidedSelling_date"]'.</msg>
<arg>${dateOfPassingLabel}</arg>
<doc>Simulates pressing the left mouse button on the element ``locator``.</doc>
<status status="PASS" start="2025-07-06T12:35:18.090663" elapsed="0.308776"/>
</kw>
<kw name="Mouse Up" owner="SeleniumLibrary">
<msg time="2025-07-06T12:35:18.400748" level="INFO">Simulating Mouse Up on element 'xpath://label[@for="dwfrm_guidedSelling_date"]'.</msg>
<arg>${dateOfPassingLabel}</arg>
<doc>Simulates releasing the left mouse button on the element ``locator``.</doc>
<status status="PASS" start="2025-07-06T12:35:18.399948" elapsed="0.332198"/>
</kw>
<kw name="Sleep" owner="BuiltIn">
<msg time="2025-07-06T12:35:19.733978" level="INFO">Slept 1 second.</msg>
<arg>1s</arg>
<doc>Pauses the test executed for the given time.</doc>
<status status="PASS" start="2025-07-06T12:35:18.732727" elapsed="1.001893"/>
</kw>
<kw name="Press Keys" owner="SeleniumLibrary">
<msg time="2025-07-06T12:35:19.738659" level="INFO">Sending key(s) ('07012025',) to xpath://input[@name="dwfrm_guidedSelling_date"] element.</msg>
<msg time="2025-07-06T12:35:20.086108" level="INFO">Sending keys 07012025</msg>
<arg>${dateOfPassingInput}</arg>
<arg>${dateOfPassing}</arg>
<doc>Simulates the user pressing key(s) to an element or on the active browser.</doc>
<status status="PASS" start="2025-07-06T12:35:19.735797" elapsed="0.422855"/>
</kw>
<kw name="Wait Until Element Is Visible" owner="SeleniumLibrary">
<arg>${continueCTA}</arg>
<doc>Waits until the element ``locator`` is visible.</doc>
<status status="PASS" start="2025-07-06T12:35:20.159126" elapsed="0.019137"/>
</kw>
<kw name="Click Element" owner="SeleniumLibrary">
<msg time="2025-07-06T12:35:20.179217" level="INFO">Clicking element 'xpath://button[@type="submit" and @name="dwfrm_guidedSelling_continue"]'.</msg>
<arg>${continueCTA}</arg>
<doc>Click the element identified by ``locator``.</doc>
<status status="PASS" start="2025-07-06T12:35:20.178569" elapsed="0.298172"/>
</kw>
<kw name="Wait Until Element Is Visible" owner="SeleniumLibrary">
<arg>${personalDetailsStep}</arg>
<doc>Waits until the element ``locator`` is visible.</doc>
<status status="PASS" start="2025-07-06T12:35:20.477354" elapsed="1.469020"/>
</kw>
<kw name="Wait Until Element Is Visible" owner="SeleniumLibrary">
<arg>${firstNameInput}</arg>
<doc>Waits until the element ``locator`` is visible.</doc>
<status status="PASS" start="2025-07-06T12:35:21.946843" elapsed="0.021149"/>
</kw>
<kw name="Input Text" owner="SeleniumLibrary">
<msg time="2025-07-06T12:35:21.969407" level="INFO">Typing text 'Test' into text field 'xpath://input[@name="dwfrm_guidedSelling_firstName"]'.</msg>
<arg>${firstNameInput}</arg>
<arg>${ownerFirstName}</arg>
<doc>Types the given ``text`` into the text field identified by ``locator``.</doc>
<status status="PASS" start="2025-07-06T12:35:21.968566" elapsed="0.079193"/>
</kw>
<kw name="Wait Until Element Is Visible" owner="SeleniumLibrary">
<arg>${lastNameInput}</arg>
<doc>Waits until the element ``locator`` is visible.</doc>
<status status="PASS" start="2025-07-06T12:35:22.048289" elapsed="0.028276"/>
</kw>
<kw name="Input Text" owner="SeleniumLibrary">
<msg time="2025-07-06T12:35:22.077937" level="INFO">Typing text 'Test' into text field 'xpath://input[@name="dwfrm_guidedSelling_lastName"]'.</msg>
<arg>${lastNameInput}</arg>
<arg>${ownerLastName}</arg>
<doc>Types the given ``text`` into the text field identified by ``locator``.</doc>
<status status="PASS" start="2025-07-06T12:35:22.077098" elapsed="0.046483"/>
</kw>
<kw name="Wait Until Element Is Visible" owner="SeleniumLibrary">
<arg>${ownerPhoneNumberInput}</arg>
<doc>Waits until the element ``locator`` is visible.</doc>
<status status="PASS" start="2025-07-06T12:35:22.124133" elapsed="0.017708"/>
</kw>
<kw name="Input Text" owner="SeleniumLibrary">
<msg time="2025-07-06T12:35:22.142672" level="INFO">Typing text '+1(987) 654-3210' into text field 'xpath://input[@name="dwfrm_guidedSelling_phone"]'.</msg>
<arg>${ownerPhoneNumberInput}</arg>
<arg>${ownerPhoneNumber}</arg>
<doc>Types the given ``text`` into the text field identified by ``locator``.</doc>
<status status="PASS" start="2025-07-06T12:35:22.142146" elapsed="0.072608"/>
</kw>
<kw name="Wait Until Element Is Visible" owner="SeleniumLibrary">
<arg>${ownerEmailAddressInput}</arg>
<doc>Waits until the element ``locator`` is visible.</doc>
<status status="PASS" start="2025-07-06T12:35:22.215270" elapsed="0.015505"/>
</kw>
<kw name="Input Text" owner="SeleniumLibrary">
<msg time="2025-07-06T12:35:22.231593" level="INFO">Typing text 'd.kaneriya+test@astoundigital.com' into text field 'xpath://input[@name="dwfrm_guidedSelling_email"]'.</msg>
<arg>${ownerEmailAddressInput}</arg>
<arg>${ownerEmailAddress}</arg>
<doc>Types the given ``text`` into the text field identified by ``locator``.</doc>
<status status="PASS" start="2025-07-06T12:35:22.231095" elapsed="0.145188"/>
</kw>
<kw name="Select From List By Label" owner="SeleniumLibrary">
<msg time="2025-07-06T12:35:22.377789" level="INFO">Selecting options from selection list 'xpath://select[@id="dwfrm_guidedSelling_relationship"]' by label Uncle.</msg>
<arg>${ownerRelationShip}</arg>
<arg>${ownerRelationShipValue}</arg>
<doc>Selects options from selection list ``locator`` by ``labels``.</doc>
<status status="PASS" start="2025-07-06T12:35:22.376876" elapsed="0.271388"/>
</kw>
<kw name="Get WebElement" owner="SeleniumLibrary">
<msg time="2025-07-06T12:35:22.656734" level="INFO">${nextStep} = &lt;selenium.webdriver.remote.webelement.WebElement (session="e54ad984-939a-4459-8772-b710b4ec8e5f", element="8229c38d-e666-48a7-9eff-051383376e62")&gt;</msg>
<var>${nextStep}</var>
<arg>${continueCTA}</arg>
<doc>Returns the first WebElement matching the given ``locator``.</doc>
<status status="PASS" start="2025-07-06T12:35:22.648577" elapsed="0.008243"/>
</kw>
<kw name="Execute Javascript" owner="SeleniumLibrary">
<msg time="2025-07-06T12:35:22.658413" level="INFO">Executing JavaScript:
arguments[0].click();
By using argument:
'&lt;selenium.webdriver.remote.webelement.WebElement (session="e54ad984-939a-4459-8772-b710b4ec8e5f", element="8229c38d-e666-48a7-9eff-051383376e62")&gt;'</msg>
<arg>arguments[0].click();</arg>
<arg>ARGUMENTS</arg>
<arg>${nextStep}</arg>
<doc>Executes the given JavaScript code with possible arguments.</doc>
<status status="PASS" start="2025-07-06T12:35:22.657112" elapsed="0.167570"/>
</kw>
<arg>${url}</arg>
<status status="PASS" start="2025-07-06T12:35:05.185448" elapsed="17.639660"/>
</kw>
<kw name="Get Text" owner="SeleniumLibrary">
<msg time="2025-07-06T12:35:22.897805" level="INFO">${location} = Molalla Funeral Chapel</msg>
<var>${location}</var>
<arg>${locationName}</arg>
<doc>Returns the text value of the element identified by ``locator``.</doc>
<status status="PASS" start="2025-07-06T12:35:22.825590" elapsed="0.072381"/>
</kw>
<kw name="Fetch All Disposition Options">
<kw name="Wait Until Element Is Visible" owner="SeleniumLibrary">
<arg>${disposition&amp;serviceOptions}</arg>
<doc>Waits until the element ``locator`` is visible.</doc>
<status status="PASS" start="2025-07-06T12:35:22.900174" elapsed="1.682541"/>
</kw>
<kw name="Get WebElements" owner="SeleniumLibrary">
<msg time="2025-07-06T12:35:24.588771" level="INFO">@{options} = [ &lt;selenium.webdriver.remote.webelement.WebElement (session="e54ad984-939a-4459-8772-b710b4ec8e5f", element="380ea8db-b34e-4bf4-98b4-0779fad5ec76")&gt; | &lt;selenium.webdriver.remote.webelement.WebElement ...</msg>
<var>@{options}</var>
<arg>${disposition&amp;serviceOptions}</arg>
<doc>Returns a list of WebElement objects matching the ``locator``.</doc>
<status status="PASS" start="2025-07-06T12:35:24.583153" elapsed="0.005715"/>
</kw>
<return>
<value>@{options}</value>
<status status="PASS" start="2025-07-06T12:35:24.589056" elapsed="0.000233"/>
</return>
<msg time="2025-07-06T12:35:24.589612" level="INFO">@{dispositionOptions} = [ &lt;selenium.webdriver.remote.webelement.WebElement (session="e54ad984-939a-4459-8772-b710b4ec8e5f", element="380ea8db-b34e-4bf4-98b4-0779fad5ec76")&gt; | &lt;selenium.webdriver.remote.webelement.WebElement ...</msg>
<var>@{dispositionOptions}</var>
<status status="PASS" start="2025-07-06T12:35:22.898565" elapsed="1.691120"/>
</kw>
<kw name="Get Length" owner="BuiltIn">
<msg time="2025-07-06T12:35:24.590237" level="INFO">Length is 2.</msg>
<msg time="2025-07-06T12:35:24.590374" level="INFO">${dispositionLength} = 2</msg>
<var>${dispositionLength}</var>
<arg>${dispositionOptions}</arg>
<doc>Returns and logs the length of the given item as an integer.</doc>
<status status="PASS" start="2025-07-06T12:35:24.589914" elapsed="0.000523"/>
</kw>
<for flavor="IN RANGE">
<iter>
<kw name="Fetch All Disposition Options">
<kw name="Wait Until Element Is Visible" owner="SeleniumLibrary">
<arg>${disposition&amp;serviceOptions}</arg>
<doc>Waits until the element ``locator`` is visible.</doc>
<status status="PASS" start="2025-07-06T12:35:24.592534" elapsed="0.017096"/>
</kw>
<kw name="Get WebElements" owner="SeleniumLibrary">
<msg time="2025-07-06T12:35:24.613578" level="INFO">@{options} = [ &lt;selenium.webdriver.remote.webelement.WebElement (session="e54ad984-939a-4459-8772-b710b4ec8e5f", element="380ea8db-b34e-4bf4-98b4-0779fad5ec76")&gt; | &lt;selenium.webdriver.remote.webelement.WebElement ...</msg>
<var>@{options}</var>
<arg>${disposition&amp;serviceOptions}</arg>
<doc>Returns a list of WebElement objects matching the ``locator``.</doc>
<status status="PASS" start="2025-07-06T12:35:24.609939" elapsed="0.003735"/>
</kw>
<return>
<value>@{options}</value>
<status status="PASS" start="2025-07-06T12:35:24.613838" elapsed="0.000204"/>
</return>
<msg time="2025-07-06T12:35:24.614371" level="INFO">@{dispositionOptions} = [ &lt;selenium.webdriver.remote.webelement.WebElement (session="e54ad984-939a-4459-8772-b710b4ec8e5f", element="380ea8db-b34e-4bf4-98b4-0779fad5ec76")&gt; | &lt;selenium.webdriver.remote.webelement.WebElement ...</msg>
<var>@{dispositionOptions}</var>
<status status="PASS" start="2025-07-06T12:35:24.591743" elapsed="0.022694"/>
</kw>
<kw name="Get From List" owner="Collections">
<msg time="2025-07-06T12:35:24.615087" level="INFO">${disposition} = &lt;selenium.webdriver.remote.webelement.WebElement (session="e54ad984-939a-4459-8772-b710b4ec8e5f", element="380ea8db-b34e-4bf4-98b4-0779fad5ec76")&gt;</msg>
<var>${disposition}</var>
<arg>${dispositionOptions}</arg>
<arg>${dispIndex}</arg>
<doc>Returns the value specified with an ``index`` from ``list``.</doc>
<status status="PASS" start="2025-07-06T12:35:24.614683" elapsed="0.000466"/>
</kw>
<kw name="Get Text" owner="SeleniumLibrary">
<msg time="2025-07-06T12:35:24.627190" level="INFO">${dispLabel} = Burial</msg>
<var>${dispLabel}</var>
<arg>${disposition}</arg>
<doc>Returns the text value of the element identified by ``locator``.</doc>
<status status="PASS" start="2025-07-06T12:35:24.615377" elapsed="0.011895"/>
</kw>
<kw name="Click Element" owner="SeleniumLibrary">
<msg time="2025-07-06T12:35:24.628277" level="INFO">Clicking element '&lt;selenium.webdriver.remote.webelement.WebElement (session="e54ad984-939a-4459-8772-b710b4ec8e5f", element="380ea8db-b34e-4bf4-98b4-0779fad5ec76")&gt;'.</msg>
<arg>${disposition}</arg>
<doc>Click the element identified by ``locator``.</doc>
<status status="PASS" start="2025-07-06T12:35:24.627620" elapsed="0.270959"/>
</kw>
<kw name="Click Element" owner="SeleniumLibrary">
<msg time="2025-07-06T12:35:24.899307" level="INFO">Clicking element 'xpath://button[@type="submit" and @name="dwfrm_guidedSelling_continue"]'.</msg>
<arg>${continueCTA}</arg>
<doc>Click the element identified by ``locator``.</doc>
<status status="PASS" start="2025-07-06T12:35:24.898880" elapsed="0.272093"/>
</kw>
<kw name="Fetch All Service Method Options">
<kw name="Wait Until Element Is Visible" owner="SeleniumLibrary">
<arg>${serviceDetailsStep}</arg>
<doc>Waits until the element ``locator`` is visible.</doc>
<status status="PASS" start="2025-07-06T12:35:25.172900" elapsed="0.645108"/>
</kw>
<kw name="Wait Until Element Is Visible" owner="SeleniumLibrary">
<arg>${disposition&amp;serviceOptions}</arg>
<doc>Waits until the element ``locator`` is visible.</doc>
<status status="PASS" start="2025-07-06T12:35:25.818734" elapsed="0.024622"/>
</kw>
<kw name="Get WebElements" owner="SeleniumLibrary">
<msg time="2025-07-06T12:35:25.850172" level="INFO">@{services} = [ &lt;selenium.webdriver.remote.webelement.WebElement (session="e54ad984-939a-4459-8772-b710b4ec8e5f", element="93c9f732-eca0-4f21-bbf2-f5b49c7f0550")&gt; | &lt;selenium.webdriver.remote.webelement.WebElement ...</msg>
<var>@{services}</var>
<arg>${disposition&amp;serviceOptions}</arg>
<doc>Returns a list of WebElement objects matching the ``locator``.</doc>
<status status="PASS" start="2025-07-06T12:35:25.843948" elapsed="0.006400"/>
</kw>
<return>
<value>@{services}</value>
<status status="PASS" start="2025-07-06T12:35:25.850674" elapsed="0.000472"/>
</return>
<msg time="2025-07-06T12:35:25.851845" level="INFO">@{serviceOptions} = [ &lt;selenium.webdriver.remote.webelement.WebElement (session="e54ad984-939a-4459-8772-b710b4ec8e5f", element="93c9f732-eca0-4f21-bbf2-f5b49c7f0550")&gt; | &lt;selenium.webdriver.remote.webelement.WebElement ...</msg>
<var>@{serviceOptions}</var>
<status status="PASS" start="2025-07-06T12:35:25.171696" elapsed="0.680299"/>
</kw>
<kw name="Get Length" owner="BuiltIn">
<msg time="2025-07-06T12:35:25.853263" level="INFO">Length is 3.</msg>
<msg time="2025-07-06T12:35:25.853627" level="INFO">${serviceLength} = 3</msg>
<var>${serviceLength}</var>
<arg>${serviceOptions}</arg>
<doc>Returns and logs the length of the given item as an integer.</doc>
<status status="PASS" start="2025-07-06T12:35:25.852473" elapsed="0.001312"/>
</kw>
<for flavor="IN RANGE">
<iter>
<if>
<branch type="IF" condition="${serviceIndex} != 0">
<kw name="Fetch All Disposition Options">
<var>@{dispositionOptions}</var>
<status status="NOT RUN" start="2025-07-06T12:35:25.857775" elapsed="0.000375"/>
</kw>
<kw name="Get From List" owner="Collections">
<var>${disposition}</var>
<arg>${dispositionOptions}</arg>
<arg>${dispIndex}</arg>
<doc>Returns the value specified with an ``index`` from ``list``.</doc>
<status status="NOT RUN" start="2025-07-06T12:35:25.858729" elapsed="0.000325"/>
</kw>
<kw name="Get Text" owner="SeleniumLibrary">
<var>${dispLabel}</var>
<arg>${disposition}</arg>
<doc>Returns the text value of the element identified by ``locator``.</doc>
<status status="NOT RUN" start="2025-07-06T12:35:25.859601" elapsed="0.000320"/>
</kw>
<kw name="Click Element" owner="SeleniumLibrary">
<arg>${disposition}</arg>
<doc>Click the element identified by ``locator``.</doc>
<status status="NOT RUN" start="2025-07-06T12:35:25.860461" elapsed="0.000313"/>
</kw>
<kw name="Click Element" owner="SeleniumLibrary">
<arg>${continueCTA}</arg>
<doc>Click the element identified by ``locator``.</doc>
<status status="NOT RUN" start="2025-07-06T12:35:25.861307" elapsed="0.000322"/>
</kw>
<status status="NOT RUN" start="2025-07-06T12:35:25.856806" elapsed="0.005089"/>
</branch>
<status status="PASS" start="2025-07-06T12:35:25.856717" elapsed="0.005426"/>
</if>
<kw name="Fetch All Service Method Options">
<kw name="Wait Until Element Is Visible" owner="SeleniumLibrary">
<arg>${serviceDetailsStep}</arg>
<doc>Waits until the element ``locator`` is visible.</doc>
<status status="PASS" start="2025-07-06T12:35:25.863753" elapsed="0.024845"/>
</kw>
<kw name="Wait Until Element Is Visible" owner="SeleniumLibrary">
<arg>${disposition&amp;serviceOptions}</arg>
<doc>Waits until the element ``locator`` is visible.</doc>
<status status="PASS" start="2025-07-06T12:35:25.889149" elapsed="0.024619"/>
</kw>
<kw name="Get WebElements" owner="SeleniumLibrary">
<msg time="2025-07-06T12:35:25.920238" level="INFO">@{services} = [ &lt;selenium.webdriver.remote.webelement.WebElement (session="e54ad984-939a-4459-8772-b710b4ec8e5f", element="93c9f732-eca0-4f21-bbf2-f5b49c7f0550")&gt; | &lt;selenium.webdriver.remote.webelement.WebElement ...</msg>
<var>@{services}</var>
<arg>${disposition&amp;serviceOptions}</arg>
<doc>Returns a list of WebElement objects matching the ``locator``.</doc>
<status status="PASS" start="2025-07-06T12:35:25.914322" elapsed="0.006079"/>
</kw>
<return>
<value>@{services}</value>
<status status="PASS" start="2025-07-06T12:35:25.920812" elapsed="0.000403"/>
</return>
<msg time="2025-07-06T12:35:25.922029" level="INFO">@{serviceOptions} = [ &lt;selenium.webdriver.remote.webelement.WebElement (session="e54ad984-939a-4459-8772-b710b4ec8e5f", element="93c9f732-eca0-4f21-bbf2-f5b49c7f0550")&gt; | &lt;selenium.webdriver.remote.webelement.WebElement ...</msg>
<var>@{serviceOptions}</var>
<status status="PASS" start="2025-07-06T12:35:25.862691" elapsed="0.059530"/>
</kw>
<kw name="Get From List" owner="Collections">
<msg time="2025-07-06T12:35:25.923699" level="INFO">${service} = &lt;selenium.webdriver.remote.webelement.WebElement (session="e54ad984-939a-4459-8772-b710b4ec8e5f", element="93c9f732-eca0-4f21-bbf2-f5b49c7f0550")&gt;</msg>
<var>${service}</var>
<arg>${serviceOptions}</arg>
<arg>${serviceIndex}</arg>
<doc>Returns the value specified with an ``index`` from ``list``.</doc>
<status status="PASS" start="2025-07-06T12:35:25.922776" elapsed="0.001068"/>
</kw>
<kw name="Get Text" owner="SeleniumLibrary">
<msg time="2025-07-06T12:35:25.957691" level="INFO">${serviceLabel} = A private viewing, service, or celebration at church, funeral home, or other location</msg>
<var>${serviceLabel}</var>
<arg>${service}</arg>
<doc>Returns the text value of the element identified by ``locator``.</doc>
<status status="PASS" start="2025-07-06T12:35:25.924710" elapsed="0.033345"/>
</kw>
<if>
<branch type="IF" condition="'${serviceLabel}' == 'A private viewing, service, or celebration at church, funeral home, or other location'">
<kw name="Set Variable" owner="BuiltIn">
<msg time="2025-07-06T12:35:25.960265" level="INFO">${serviceLabel} = Facilities</msg>
<var>${serviceLabel}</var>
<arg>Facilities</arg>
<doc>Returns the given values which can then be assigned to a variables.</doc>
<status status="PASS" start="2025-07-06T12:35:25.959493" elapsed="0.000911"/>
</kw>
<status status="PASS" start="2025-07-06T12:35:25.958572" elapsed="0.002120"/>
</branch>
<branch type="ELSE IF" condition="'${serviceLabel}' == 'No formal service. Just the Burial selection' or '${serviceLabel}' == 'No formal service. Just the Cremation selection'">
<kw name="Set Variable" owner="BuiltIn">
<var>${serviceLabel}</var>
<arg>No Facilities</arg>
<doc>Returns the given values which can then be assigned to a variables.</doc>
<status status="NOT RUN" start="2025-07-06T12:35:25.961504" elapsed="0.000334"/>
</kw>
<status status="NOT RUN" start="2025-07-06T12:35:25.960891" elapsed="0.001240"/>
</branch>
<branch type="ELSE IF" condition="'${serviceLabel}' == 'I’m not sure yet'">
<kw name="Set Variable" owner="BuiltIn">
<var>${serviceLabel}</var>
<arg>All</arg>
<doc>Returns the given values which can then be assigned to a variables.</doc>
<status status="NOT RUN" start="2025-07-06T12:35:25.963038" elapsed="0.000349"/>
</kw>
<status status="NOT RUN" start="2025-07-06T12:35:25.962374" elapsed="0.001296"/>
</branch>
<status status="PASS" start="2025-07-06T12:35:25.958485" elapsed="0.005444"/>
</if>
<kw name="Get WebElement" owner="SeleniumLibrary">
<msg time="2025-07-06T12:35:25.965584" level="INFO">${service} = &lt;selenium.webdriver.remote.webelement.WebElement (session="e54ad984-939a-4459-8772-b710b4ec8e5f", element="93c9f732-eca0-4f21-bbf2-f5b49c7f0550")&gt;</msg>
<var>${service}</var>
<arg>${service}</arg>
<doc>Returns the first WebElement matching the given ``locator``.</doc>
<status status="PASS" start="2025-07-06T12:35:25.964548" elapsed="0.001218"/>
</kw>
<kw name="Execute Javascript" owner="SeleniumLibrary">
<msg time="2025-07-06T12:35:25.967649" level="INFO">Executing JavaScript:
arguments[0].click();
By using argument:
'&lt;selenium.webdriver.remote.webelement.WebElement (session="e54ad984-939a-4459-8772-b710b4ec8e5f", element="93c9f732-eca0-4f21-bbf2-f5b49c7f0550")&gt;'</msg>
<arg>arguments[0].click();</arg>
<arg>ARGUMENTS</arg>
<arg>${service}</arg>
<doc>Executes the given JavaScript code with possible arguments.</doc>
<status status="PASS" start="2025-07-06T12:35:25.966331" elapsed="0.070159"/>
</kw>
<kw name="Get Package Count for Current Selection">
<kw name="Wait Until Element Is Visible" owner="SeleniumLibrary">
<arg>${packageOptions}</arg>
<doc>Waits until the element ``locator`` is visible.</doc>
<status status="PASS" start="2025-07-06T12:35:26.038850" elapsed="1.649317"/>
</kw>
<kw name="Get WebElements" owner="SeleniumLibrary">
<msg time="2025-07-06T12:35:27.701713" level="INFO">${packages} = [&lt;selenium.webdriver.remote.webelement.WebElement (session="e54ad984-939a-4459-8772-b710b4ec8e5f", element="7b6eaba3-5273-4551-8539-5b128c6eb714")&gt;, &lt;selenium.webdriver.remote.webelement.WebElement (s...</msg>
<var>${packages}</var>
<arg>${packageOptions}</arg>
<doc>Returns a list of WebElement objects matching the ``locator``.</doc>
<status status="PASS" start="2025-07-06T12:35:27.688684" elapsed="0.013177"/>
</kw>
<kw name="Get Length" owner="BuiltIn">
<msg time="2025-07-06T12:35:27.703151" level="INFO">Length is 4.</msg>
<msg time="2025-07-06T12:35:27.703474" level="INFO">${count} = 4</msg>
<var>${count}</var>
<arg>${packages}</arg>
<doc>Returns and logs the length of the given item as an integer.</doc>
<status status="PASS" start="2025-07-06T12:35:27.702457" elapsed="0.001133"/>
</kw>
<return>
<value>${count}</value>
<status status="PASS" start="2025-07-06T12:35:27.703863" elapsed="0.000329"/>
</return>
<msg time="2025-07-06T12:35:27.704852" level="INFO">${packageCount} = 4</msg>
<var>${packageCount}</var>
<status status="PASS" start="2025-07-06T12:35:26.037484" elapsed="1.667519"/>
</kw>
<kw name="Log" owner="BuiltIn">
<msg time="2025-07-06T12:35:27.706624" level="INFO">Package Combination - Location: Molalla Funeral Chapel | orcmf | Disposition: Burial | Service: Facilities | Packages: 4</msg>
<arg>Package Combination - Location: ${location} | ${locationId} | Disposition: ${dispLabel} | Service: ${serviceLabel} | Packages: ${packageCount}</arg>
<doc>Logs the given message with the given level.</doc>
<status status="PASS" start="2025-07-06T12:35:27.705521" elapsed="0.001310"/>
</kw>
<kw name="Log To Console" owner="BuiltIn">
<arg>Package Combination - Location: ${location} | ${locationId} | Disposition: ${dispLabel} | Service: ${serviceLabel} | Packages: ${packageCount}</arg>
<doc>Logs the given message to the console.</doc>
<status status="PASS" start="2025-07-06T12:35:27.707269" elapsed="0.001111"/>
</kw>
<kw name="Catenate" owner="BuiltIn">
<msg time="2025-07-06T12:35:27.710153" level="INFO">${dataRow} = Molalla Funeral Chapel|orcmf|Burial|Facilities|4</msg>
<var>${dataRow}</var>
<arg>SEPARATOR=|</arg>
<arg>${location}</arg>
<arg>${locationId}</arg>
<arg>${dispLabel}</arg>
<arg>${serviceLabel}</arg>
<arg>${packageCount}</arg>
<doc>Catenates the given items together and returns the resulted string.</doc>
<status status="PASS" start="2025-07-06T12:35:27.708982" elapsed="0.001323"/>
</kw>
<kw name="Acquire Lock" owner="pabot.PabotLib">
<arg>result</arg>
<doc>Wait for a lock with name.
[https://pabot.org/PabotLib.html?ref=log#acquire-lock|Open online docs.]</doc>
<status status="PASS" start="2025-07-06T12:35:27.711066" elapsed="0.003339"/>
</kw>
<kw name="Get Parallel Value For Key" owner="pabot.PabotLib">
<msg time="2025-07-06T12:35:27.718210" level="INFO">${existing} = 
Canby Funeral Chapel|orccf|Burial|Facilities|4</msg>
<var>${existing}</var>
<arg>testResultsGlobal</arg>
<doc>Get the value for a key. If there is no value for the key then empty
string is returned.
[https://pabot.org/PabotLib.html?ref=log#get-parallel-value-for-key|Open online docs.]</doc>
<status status="PASS" start="2025-07-06T12:35:27.715014" elapsed="0.003371"/>
</kw>
<if>
<branch type="IF" condition="$existing == 'NONE'">
<kw name="Set Variable" owner="BuiltIn">
<var>${existing}</var>
<arg>${dataRow}</arg>
<doc>Returns the given values which can then be assigned to a variables.</doc>
<status status="NOT RUN" start="2025-07-06T12:35:27.719815" elapsed="0.000377"/>
</kw>
<status status="NOT RUN" start="2025-07-06T12:35:27.718817" elapsed="0.001667"/>
</branch>
<branch type="ELSE">
<kw name="Catenate" owner="BuiltIn">
<msg time="2025-07-06T12:35:27.722388" level="INFO">${existing} = 
Canby Funeral Chapel|orccf|Burial|Facilities|4
Molalla Funeral Chapel|orcmf|Burial|Facilities|4</msg>
<var>${existing}</var>
<arg>SEPARATOR=\n</arg>
<arg>${existing}</arg>
<arg>${dataRow}</arg>
<doc>Catenates the given items together and returns the resulted string.</doc>
<status status="PASS" start="2025-07-06T12:35:27.721405" elapsed="0.001123"/>
</kw>
<status status="PASS" start="2025-07-06T12:35:27.720787" elapsed="0.002058"/>
</branch>
<status status="PASS" start="2025-07-06T12:35:27.718734" elapsed="0.004358"/>
</if>
<kw name="Set Parallel Value For Key" owner="pabot.PabotLib">
<arg>testResultsGlobal</arg>
<arg>${existing}</arg>
<doc>Set a globally available key and value that can be accessed
from all the pabot processes.
[https://pabot.org/PabotLib.html?ref=log#set-parallel-value-for-key|Open online docs.]</doc>
<status status="PASS" start="2025-07-06T12:35:27.723470" elapsed="0.003000"/>
</kw>
<kw name="Release Lock" owner="pabot.PabotLib">
<arg>result</arg>
<doc>Release a lock with name.
[https://pabot.org/PabotLib.html?ref=log#release-lock|Open online docs.]</doc>
<status status="PASS" start="2025-07-06T12:35:27.727011" elapsed="0.002929"/>
</kw>
<kw name="Evaluate" owner="BuiltIn">
<msg time="2025-07-06T12:35:27.731739" level="INFO">${isLastService} = False</msg>
<var>${isLastService}</var>
<arg>${serviceIndex} == ${serviceLength}-1</arg>
<doc>Evaluates the given expression in Python and returns the result.</doc>
<status status="PASS" start="2025-07-06T12:35:27.730472" elapsed="0.001408"/>
</kw>
<kw name="Evaluate" owner="BuiltIn">
<msg time="2025-07-06T12:35:27.733897" level="INFO">${isLastDisposition} = False</msg>
<var>${isLastDisposition}</var>
<arg>${dispIndex} == ${dispositionLength}-1</arg>
<doc>Evaluates the given expression in Python and returns the result.</doc>
<status status="PASS" start="2025-07-06T12:35:27.732420" elapsed="0.001755"/>
</kw>
<if>
<branch type="IF" condition="not (${isLastService} and ${isLastDisposition})">
<kw name="Start Guided Selling Until Disposition Step">
<kw name="Go To" owner="SeleniumLibrary">
<msg time="2025-07-06T12:35:27.738977" level="INFO">Opening url 'https://staging.afterall.com/funeral-cremation/oregon/molalla/molalla-funeral-chapel/orcmf.html'</msg>
<arg>${url}</arg>
<doc>Navigates the current browser window to the provided ``url``.</doc>
<status status="PASS" start="2025-07-06T12:35:27.738265" elapsed="4.543541"/>
</kw>
<kw name="Wait Until Element Is Visible" owner="SeleniumLibrary">
<arg>${arrangeOnline}</arg>
<doc>Waits until the element ``locator`` is visible.</doc>
<status status="PASS" start="2025-07-06T12:35:32.282300" elapsed="1.373978"/>
</kw>
<kw name="Click Element" owner="SeleniumLibrary">
<msg time="2025-07-06T12:35:33.657487" level="INFO">Clicking element 'xpath://button[contains(@class, 'b-location_details-btn') and contains(text(), 'Arrange Online')]'.</msg>
<arg>${arrangeOnline}</arg>
<doc>Click the element identified by ``locator``.</doc>
<status status="PASS" start="2025-07-06T12:35:33.656752" elapsed="0.701127"/>
</kw>
<kw name="Wait Until Element Is Visible" owner="SeleniumLibrary">
<arg>${startPlanning}</arg>
<doc>Waits until the element ``locator`` is visible.</doc>
<status status="PASS" start="2025-07-06T12:35:34.358384" elapsed="0.037217"/>
</kw>
<kw name="Click Element" owner="SeleniumLibrary">
<msg time="2025-07-06T12:35:34.396960" level="INFO">Clicking element 'xpath://button[@data-widget-event-click="startPlanning"]'.</msg>
<arg>${startPlanning}</arg>
<doc>Click the element identified by ``locator``.</doc>
<status status="PASS" start="2025-07-06T12:35:34.396141" elapsed="0.348456"/>
</kw>
<kw name="Run Keyword And Return Status" owner="BuiltIn">
<kw name="Wait Until Element Is Visible" owner="SeleniumLibrary">
<arg>${activePlanFoundPopup}</arg>
<arg>timeout=3s</arg>
<doc>Waits until the element ``locator`` is visible.</doc>
<status status="PASS" start="2025-07-06T12:35:34.745924" elapsed="0.224639"/>
</kw>
<msg time="2025-07-06T12:35:34.971135" level="INFO">${isPopupPresent} = True</msg>
<var>${isPopupPresent}</var>
<arg>Wait Until Element Is Visible</arg>
<arg>${activePlanFoundPopup}</arg>
<arg>timeout=3s</arg>
<doc>Runs the given keyword with given arguments and returns the status as a Boolean value.</doc>
<status status="PASS" start="2025-07-06T12:35:34.745173" elapsed="0.226051"/>
</kw>
<if>
<branch type="IF" condition="'${isPopupPresent}' == 'True'">
<kw name="Click Element" owner="SeleniumLibrary">
<msg time="2025-07-06T12:35:34.972864" level="INFO">Clicking element 'xpath://button[normalize-space(text())="Start New"]'.</msg>
<arg>${startNewCTA}</arg>
<doc>Click the element identified by ``locator``.</doc>
<status status="PASS" start="2025-07-06T12:35:34.972373" elapsed="0.280814"/>
</kw>
<status status="PASS" start="2025-07-06T12:35:34.971530" elapsed="0.281930"/>
</branch>
<status status="PASS" start="2025-07-06T12:35:34.971457" elapsed="0.282263"/>
</if>
<kw name="Wait Until Page Contains Element" owner="SeleniumLibrary">
<arg>${immediateNeedRadio}</arg>
<doc>Waits until the element ``locator`` appears on the current page.</doc>
<status status="PASS" start="2025-07-06T12:35:35.254410" elapsed="0.852501"/>
</kw>
<kw name="Click Element" owner="SeleniumLibrary">
<msg time="2025-07-06T12:35:36.108677" level="INFO">Clicking element 'xpath://span[normalize-space(text())="I need to arrange a service now"]'.</msg>
<arg>${immediateNeedRadio}</arg>
<doc>Click the element identified by ``locator``.</doc>
<status status="PASS" start="2025-07-06T12:35:36.107494" elapsed="0.294772"/>
</kw>
<kw name="Wait Until Element Is Visible" owner="SeleniumLibrary">
<arg>${lovedOneDetailsStep}</arg>
<doc>Waits until the element ``locator`` is visible.</doc>
<status status="PASS" start="2025-07-06T12:35:36.402548" elapsed="0.632686"/>
</kw>
<kw name="Wait Until Element Is Visible" owner="SeleniumLibrary">
<arg>${firstNameInput}</arg>
<doc>Waits until the element ``locator`` is visible.</doc>
<status status="PASS" start="2025-07-06T12:35:37.035529" elapsed="0.013403"/>
</kw>
<kw name="Input Text" owner="SeleniumLibrary">
<msg time="2025-07-06T12:35:37.049722" level="INFO">Typing text 'Test' into text field 'xpath://input[@name="dwfrm_guidedSelling_firstName"]'.</msg>
<arg>${firstNameInput}</arg>
<arg>${lovedOneFirstName}</arg>
<doc>Types the given ``text`` into the text field identified by ``locator``.</doc>
<status status="PASS" start="2025-07-06T12:35:37.049220" elapsed="0.046045"/>
</kw>
<kw name="Wait Until Element Is Visible" owner="SeleniumLibrary">
<arg>${lastNameInput}</arg>
<doc>Waits until the element ``locator`` is visible.</doc>
<status status="PASS" start="2025-07-06T12:35:37.095581" elapsed="0.016019"/>
</kw>
<kw name="Input Text" owner="SeleniumLibrary">
<msg time="2025-07-06T12:35:37.112763" level="INFO">Typing text 'Test' into text field 'xpath://input[@name="dwfrm_guidedSelling_lastName"]'.</msg>
<arg>${lastNameInput}</arg>
<arg>${lovedOneLastName}</arg>
<doc>Types the given ``text`` into the text field identified by ``locator``.</doc>
<status status="PASS" start="2025-07-06T12:35:37.112117" elapsed="0.032687"/>
</kw>
<kw name="Wait Until Element Is Visible" owner="SeleniumLibrary">
<arg>${dateOfPassingLabel}</arg>
<doc>Waits until the element ``locator`` is visible.</doc>
<status status="PASS" start="2025-07-06T12:35:37.145282" elapsed="0.014741"/>
</kw>
<kw name="Mouse Down" owner="SeleniumLibrary">
<msg time="2025-07-06T12:35:37.160766" level="INFO">Simulating Mouse Down on element 'xpath://label[@for="dwfrm_guidedSelling_date"]'.</msg>
<arg>${dateOfPassingLabel}</arg>
<doc>Simulates pressing the left mouse button on the element ``locator``.</doc>
<status status="PASS" start="2025-07-06T12:35:37.160313" elapsed="0.273459"/>
</kw>
<kw name="Mouse Up" owner="SeleniumLibrary">
<msg time="2025-07-06T12:35:37.434525" level="INFO">Simulating Mouse Up on element 'xpath://label[@for="dwfrm_guidedSelling_date"]'.</msg>
<arg>${dateOfPassingLabel}</arg>
<doc>Simulates releasing the left mouse button on the element ``locator``.</doc>
<status status="PASS" start="2025-07-06T12:35:37.434066" elapsed="0.288940"/>
</kw>
<kw name="Sleep" owner="BuiltIn">
<msg time="2025-07-06T12:35:38.724960" level="INFO">Slept 1 second.</msg>
<arg>1s</arg>
<doc>Pauses the test executed for the given time.</doc>
<status status="PASS" start="2025-07-06T12:35:37.723417" elapsed="1.001773"/>
</kw>
<kw name="Press Keys" owner="SeleniumLibrary">
<msg time="2025-07-06T12:35:38.727569" level="INFO">Sending key(s) ('07012025',) to xpath://input[@name="dwfrm_guidedSelling_date"] element.</msg>
<msg time="2025-07-06T12:35:39.095244" level="INFO">Sending keys 07012025</msg>
<arg>${dateOfPassingInput}</arg>
<arg>${dateOfPassing}</arg>
<doc>Simulates the user pressing key(s) to an element or on the active browser.</doc>
<status status="PASS" start="2025-07-06T12:35:38.726175" elapsed="0.517554"/>
</kw>
<kw name="Wait Until Element Is Visible" owner="SeleniumLibrary">
<arg>${continueCTA}</arg>
<doc>Waits until the element ``locator`` is visible.</doc>
<status status="PASS" start="2025-07-06T12:35:39.244056" elapsed="0.033274"/>
</kw>
<kw name="Click Element" owner="SeleniumLibrary">
<msg time="2025-07-06T12:35:39.278099" level="INFO">Clicking element 'xpath://button[@type="submit" and @name="dwfrm_guidedSelling_continue"]'.</msg>
<arg>${continueCTA}</arg>
<doc>Click the element identified by ``locator``.</doc>
<status status="PASS" start="2025-07-06T12:35:39.277638" elapsed="0.268905"/>
</kw>
<kw name="Wait Until Element Is Visible" owner="SeleniumLibrary">
<arg>${personalDetailsStep}</arg>
<doc>Waits until the element ``locator`` is visible.</doc>
<status status="PASS" start="2025-07-06T12:35:39.547007" elapsed="0.629685"/>
</kw>
<kw name="Wait Until Element Is Visible" owner="SeleniumLibrary">
<arg>${firstNameInput}</arg>
<doc>Waits until the element ``locator`` is visible.</doc>
<status status="PASS" start="2025-07-06T12:35:40.176995" elapsed="0.012599"/>
</kw>
<kw name="Input Text" owner="SeleniumLibrary">
<msg time="2025-07-06T12:35:40.190410" level="INFO">Typing text 'Test' into text field 'xpath://input[@name="dwfrm_guidedSelling_firstName"]'.</msg>
<arg>${firstNameInput}</arg>
<arg>${ownerFirstName}</arg>
<doc>Types the given ``text`` into the text field identified by ``locator``.</doc>
<status status="PASS" start="2025-07-06T12:35:40.189930" elapsed="0.031892"/>
</kw>
<kw name="Wait Until Element Is Visible" owner="SeleniumLibrary">
<arg>${lastNameInput}</arg>
<doc>Waits until the element ``locator`` is visible.</doc>
<status status="PASS" start="2025-07-06T12:35:40.222122" elapsed="0.018025"/>
</kw>
<kw name="Input Text" owner="SeleniumLibrary">
<msg time="2025-07-06T12:35:40.241523" level="INFO">Typing text 'Test' into text field 'xpath://input[@name="dwfrm_guidedSelling_lastName"]'.</msg>
<arg>${lastNameInput}</arg>
<arg>${ownerLastName}</arg>
<doc>Types the given ``text`` into the text field identified by ``locator``.</doc>
<status status="PASS" start="2025-07-06T12:35:40.240618" elapsed="0.044068"/>
</kw>
<kw name="Wait Until Element Is Visible" owner="SeleniumLibrary">
<arg>${ownerPhoneNumberInput}</arg>
<doc>Waits until the element ``locator`` is visible.</doc>
<status status="PASS" start="2025-07-06T12:35:40.285114" elapsed="0.020074"/>
</kw>
<kw name="Input Text" owner="SeleniumLibrary">
<msg time="2025-07-06T12:35:40.306743" level="INFO">Typing text '+1(987) 654-3210' into text field 'xpath://input[@name="dwfrm_guidedSelling_phone"]'.</msg>
<arg>${ownerPhoneNumberInput}</arg>
<arg>${ownerPhoneNumber}</arg>
<doc>Types the given ``text`` into the text field identified by ``locator``.</doc>
<status status="PASS" start="2025-07-06T12:35:40.305716" elapsed="0.059631"/>
</kw>
<kw name="Wait Until Element Is Visible" owner="SeleniumLibrary">
<arg>${ownerEmailAddressInput}</arg>
<doc>Waits until the element ``locator`` is visible.</doc>
<status status="PASS" start="2025-07-06T12:35:40.365845" elapsed="0.019857"/>
</kw>
<kw name="Input Text" owner="SeleniumLibrary">
<msg time="2025-07-06T12:35:40.386887" level="INFO">Typing text 'd.kaneriya+test@astoundigital.com' into text field 'xpath://input[@name="dwfrm_guidedSelling_email"]'.</msg>
<arg>${ownerEmailAddressInput}</arg>
<arg>${ownerEmailAddress}</arg>
<doc>Types the given ``text`` into the text field identified by ``locator``.</doc>
<status status="PASS" start="2025-07-06T12:35:40.386152" elapsed="0.105219"/>
</kw>
<kw name="Select From List By Label" owner="SeleniumLibrary">
<msg time="2025-07-06T12:35:40.492672" level="INFO">Selecting options from selection list 'xpath://select[@id="dwfrm_guidedSelling_relationship"]' by label Uncle.</msg>
<arg>${ownerRelationShip}</arg>
<arg>${ownerRelationShipValue}</arg>
<doc>Selects options from selection list ``locator`` by ``labels``.</doc>
<status status="PASS" start="2025-07-06T12:35:40.491873" elapsed="0.277613"/>
</kw>
<kw name="Get WebElement" owner="SeleniumLibrary">
<msg time="2025-07-06T12:35:40.773736" level="INFO">${nextStep} = &lt;selenium.webdriver.remote.webelement.WebElement (session="e54ad984-939a-4459-8772-b710b4ec8e5f", element="29fdb375-a43a-4a09-a277-8fc98ac409ed")&gt;</msg>
<var>${nextStep}</var>
<arg>${continueCTA}</arg>
<doc>Returns the first WebElement matching the given ``locator``.</doc>
<status status="PASS" start="2025-07-06T12:35:40.769766" elapsed="0.004055"/>
</kw>
<kw name="Execute Javascript" owner="SeleniumLibrary">
<msg time="2025-07-06T12:35:40.774818" level="INFO">Executing JavaScript:
arguments[0].click();
By using argument:
'&lt;selenium.webdriver.remote.webelement.WebElement (session="e54ad984-939a-4459-8772-b710b4ec8e5f", element="29fdb375-a43a-4a09-a277-8fc98ac409ed")&gt;'</msg>
<arg>arguments[0].click();</arg>
<arg>ARGUMENTS</arg>
<arg>${nextStep}</arg>
<doc>Executes the given JavaScript code with possible arguments.</doc>
<status status="PASS" start="2025-07-06T12:35:40.774107" elapsed="0.037038"/>
</kw>
<arg>${url}</arg>
<status status="PASS" start="2025-07-06T12:35:27.737016" elapsed="13.074425"/>
</kw>
<status status="PASS" start="2025-07-06T12:35:27.734970" elapsed="13.076585"/>
</branch>
<status status="PASS" start="2025-07-06T12:35:27.734736" elapsed="13.076933"/>
</if>
<var name="${serviceIndex}">0</var>
<status status="PASS" start="2025-07-06T12:35:25.856245" elapsed="14.955487"/>
</iter>
<iter>
<if>
<branch type="IF" condition="${serviceIndex} != 0">
<kw name="Fetch All Disposition Options">
<kw name="Wait Until Element Is Visible" owner="SeleniumLibrary">
<arg>${disposition&amp;serviceOptions}</arg>
<doc>Waits until the element ``locator`` is visible.</doc>
<status status="PASS" start="2025-07-06T12:35:40.814272" elapsed="1.689119"/>
</kw>
<kw name="Get WebElements" owner="SeleniumLibrary">
<msg time="2025-07-06T12:35:42.511995" level="INFO">@{options} = [ &lt;selenium.webdriver.remote.webelement.WebElement (session="e54ad984-939a-4459-8772-b710b4ec8e5f", element="24493308-920b-4fb1-886e-44daf27d6ef5")&gt; | &lt;selenium.webdriver.remote.webelement.WebElement ...</msg>
<var>@{options}</var>
<arg>${disposition&amp;serviceOptions}</arg>
<doc>Returns a list of WebElement objects matching the ``locator``.</doc>
<status status="PASS" start="2025-07-06T12:35:42.503823" elapsed="0.008604"/>
</kw>
<return>
<value>@{options}</value>
<status status="PASS" start="2025-07-06T12:35:42.512808" elapsed="0.000364"/>
</return>
<msg time="2025-07-06T12:35:42.514387" level="INFO">@{dispositionOptions} = [ &lt;selenium.webdriver.remote.webelement.WebElement (session="e54ad984-939a-4459-8772-b710b4ec8e5f", element="24493308-920b-4fb1-886e-44daf27d6ef5")&gt; | &lt;selenium.webdriver.remote.webelement.WebElement ...</msg>
<var>@{dispositionOptions}</var>
<status status="PASS" start="2025-07-06T12:35:40.813789" elapsed="1.700876"/>
</kw>
<kw name="Get From List" owner="Collections">
<msg time="2025-07-06T12:35:42.516275" level="INFO">${disposition} = &lt;selenium.webdriver.remote.webelement.WebElement (session="e54ad984-939a-4459-8772-b710b4ec8e5f", element="24493308-920b-4fb1-886e-44daf27d6ef5")&gt;</msg>
<var>${disposition}</var>
<arg>${dispositionOptions}</arg>
<arg>${dispIndex}</arg>
<doc>Returns the value specified with an ``index`` from ``list``.</doc>
<status status="PASS" start="2025-07-06T12:35:42.515238" elapsed="0.001297"/>
</kw>
<kw name="Get Text" owner="SeleniumLibrary">
<msg time="2025-07-06T12:35:42.530176" level="INFO">${dispLabel} = Burial</msg>
<var>${dispLabel}</var>
<arg>${disposition}</arg>
<doc>Returns the text value of the element identified by ``locator``.</doc>
<status status="PASS" start="2025-07-06T12:35:42.516844" elapsed="0.013461"/>
</kw>
<kw name="Click Element" owner="SeleniumLibrary">
<msg time="2025-07-06T12:35:42.531470" level="INFO">Clicking element '&lt;selenium.webdriver.remote.webelement.WebElement (session="e54ad984-939a-4459-8772-b710b4ec8e5f", element="24493308-920b-4fb1-886e-44daf27d6ef5")&gt;'.</msg>
<arg>${disposition}</arg>
<doc>Click the element identified by ``locator``.</doc>
<status status="PASS" start="2025-07-06T12:35:42.530768" elapsed="0.273417"/>
</kw>
<kw name="Click Element" owner="SeleniumLibrary">
<msg time="2025-07-06T12:35:42.805617" level="INFO">Clicking element 'xpath://button[@type="submit" and @name="dwfrm_guidedSelling_continue"]'.</msg>
<arg>${continueCTA}</arg>
<doc>Click the element identified by ``locator``.</doc>
<status status="PASS" start="2025-07-06T12:35:42.804744" elapsed="0.316451"/>
</kw>
<status status="PASS" start="2025-07-06T12:35:40.813309" elapsed="2.308211"/>
</branch>
<status status="PASS" start="2025-07-06T12:35:40.813263" elapsed="2.308536"/>
</if>
<kw name="Fetch All Service Method Options">
<kw name="Wait Until Element Is Visible" owner="SeleniumLibrary">
<arg>${serviceDetailsStep}</arg>
<doc>Waits until the element ``locator`` is visible.</doc>
<status status="PASS" start="2025-07-06T12:35:43.123452" elapsed="0.671430"/>
</kw>
<kw name="Wait Until Element Is Visible" owner="SeleniumLibrary">
<arg>${disposition&amp;serviceOptions}</arg>
<doc>Waits until the element ``locator`` is visible.</doc>
<status status="PASS" start="2025-07-06T12:35:43.795360" elapsed="0.019987"/>
</kw>
<kw name="Get WebElements" owner="SeleniumLibrary">
<msg time="2025-07-06T12:35:43.822096" level="INFO">@{services} = [ &lt;selenium.webdriver.remote.webelement.WebElement (session="e54ad984-939a-4459-8772-b710b4ec8e5f", element="6e565354-13fd-423f-91e6-b565f1f32dba")&gt; | &lt;selenium.webdriver.remote.webelement.WebElement ...</msg>
<var>@{services}</var>
<arg>${disposition&amp;serviceOptions}</arg>
<doc>Returns a list of WebElement objects matching the ``locator``.</doc>
<status status="PASS" start="2025-07-06T12:35:43.815824" elapsed="0.006418"/>
</kw>
<return>
<value>@{services}</value>
<status status="PASS" start="2025-07-06T12:35:43.822511" elapsed="0.000318"/>
</return>
<msg time="2025-07-06T12:35:43.823425" level="INFO">@{serviceOptions} = [ &lt;selenium.webdriver.remote.webelement.WebElement (session="e54ad984-939a-4459-8772-b710b4ec8e5f", element="6e565354-13fd-423f-91e6-b565f1f32dba")&gt; | &lt;selenium.webdriver.remote.webelement.WebElement ...</msg>
<var>@{serviceOptions}</var>
<status status="PASS" start="2025-07-06T12:35:43.122232" elapsed="0.701454"/>
</kw>
<kw name="Get From List" owner="Collections">
<msg time="2025-07-06T12:35:43.825246" level="INFO">${service} = &lt;selenium.webdriver.remote.webelement.WebElement (session="e54ad984-939a-4459-8772-b710b4ec8e5f", element="2bdc31ef-8d2d-4743-8d0d-44b64d83325d")&gt;</msg>
<var>${service}</var>
<arg>${serviceOptions}</arg>
<arg>${serviceIndex}</arg>
<doc>Returns the value specified with an ``index`` from ``list``.</doc>
<status status="PASS" start="2025-07-06T12:35:43.824277" elapsed="0.001112"/>
</kw>
<kw name="Get Text" owner="SeleniumLibrary">
<msg time="2025-07-06T12:35:43.844692" level="INFO">${serviceLabel} = No formal service. Just the Burial selection</msg>
<var>${serviceLabel}</var>
<arg>${service}</arg>
<doc>Returns the text value of the element identified by ``locator``.</doc>
<status status="PASS" start="2025-07-06T12:35:43.825914" elapsed="0.018914"/>
</kw>
<if>
<branch type="IF" condition="'${serviceLabel}' == 'A private viewing, service, or celebration at church, funeral home, or other location'">
<kw name="Set Variable" owner="BuiltIn">
<var>${serviceLabel}</var>
<arg>Facilities</arg>
<doc>Returns the given values which can then be assigned to a variables.</doc>
<status status="NOT RUN" start="2025-07-06T12:35:43.845931" elapsed="0.000236"/>
</kw>
<status status="NOT RUN" start="2025-07-06T12:35:43.845205" elapsed="0.001190"/>
</branch>
<branch type="ELSE IF" condition="'${serviceLabel}' == 'No formal service. Just the Burial selection' or '${serviceLabel}' == 'No formal service. Just the Cremation selection'">
<kw name="Set Variable" owner="BuiltIn">
<msg time="2025-07-06T12:35:43.847902" level="INFO">${serviceLabel} = No Facilities</msg>
<var>${serviceLabel}</var>
<arg>No Facilities</arg>
<doc>Returns the given values which can then be assigned to a variables.</doc>
<status status="PASS" start="2025-07-06T12:35:43.847368" elapsed="0.000645"/>
</kw>
<status status="PASS" start="2025-07-06T12:35:43.846590" elapsed="0.001654"/>
</branch>
<branch type="ELSE IF" condition="'${serviceLabel}' == 'I’m not sure yet'">
<kw name="Set Variable" owner="BuiltIn">
<var>${serviceLabel}</var>
<arg>All</arg>
<doc>Returns the given values which can then be assigned to a variables.</doc>
<status status="NOT RUN" start="2025-07-06T12:35:43.848912" elapsed="0.000230"/>
</kw>
<status status="NOT RUN" start="2025-07-06T12:35:43.848438" elapsed="0.000922"/>
</branch>
<status status="PASS" start="2025-07-06T12:35:43.845140" elapsed="0.004411"/>
</if>
<kw name="Get WebElement" owner="SeleniumLibrary">
<msg time="2025-07-06T12:35:43.850585" level="INFO">${service} = &lt;selenium.webdriver.remote.webelement.WebElement (session="e54ad984-939a-4459-8772-b710b4ec8e5f", element="2bdc31ef-8d2d-4743-8d0d-44b64d83325d")&gt;</msg>
<var>${service}</var>
<arg>${service}</arg>
<doc>Returns the first WebElement matching the given ``locator``.</doc>
<status status="PASS" start="2025-07-06T12:35:43.849825" elapsed="0.000877"/>
</kw>
<kw name="Execute Javascript" owner="SeleniumLibrary">
<msg time="2025-07-06T12:35:43.852373" level="INFO">Executing JavaScript:
arguments[0].click();
By using argument:
'&lt;selenium.webdriver.remote.webelement.WebElement (session="e54ad984-939a-4459-8772-b710b4ec8e5f", element="2bdc31ef-8d2d-4743-8d0d-44b64d83325d")&gt;'</msg>
<arg>arguments[0].click();</arg>
<arg>ARGUMENTS</arg>
<arg>${service}</arg>
<doc>Executes the given JavaScript code with possible arguments.</doc>
<status status="PASS" start="2025-07-06T12:35:43.851221" elapsed="0.054286"/>
</kw>
<kw name="Get Package Count for Current Selection">
<kw name="Wait Until Element Is Visible" owner="SeleniumLibrary">
<arg>${packageOptions}</arg>
<doc>Waits until the element ``locator`` is visible.</doc>
<status status="PASS" start="2025-07-06T12:35:43.906436" elapsed="2.072937"/>
</kw>
<kw name="Get WebElements" owner="SeleniumLibrary">
<msg time="2025-07-06T12:35:45.987555" level="INFO">${packages} = [&lt;selenium.webdriver.remote.webelement.WebElement (session="e54ad984-939a-4459-8772-b710b4ec8e5f", element="9160dbd9-847e-414b-bc4c-773f17974a89")&gt;]</msg>
<var>${packages}</var>
<arg>${packageOptions}</arg>
<doc>Returns a list of WebElement objects matching the ``locator``.</doc>
<status status="PASS" start="2025-07-06T12:35:45.980025" elapsed="0.007691"/>
</kw>
<kw name="Get Length" owner="BuiltIn">
<msg time="2025-07-06T12:35:45.988930" level="INFO">Length is 1.</msg>
<msg time="2025-07-06T12:35:45.989238" level="INFO">${count} = 1</msg>
<var>${count}</var>
<arg>${packages}</arg>
<doc>Returns and logs the length of the given item as an integer.</doc>
<status status="PASS" start="2025-07-06T12:35:45.988268" elapsed="0.001105"/>
</kw>
<return>
<value>${count}</value>
<status status="PASS" start="2025-07-06T12:35:45.989682" elapsed="0.000361"/>
</return>
<msg time="2025-07-06T12:35:45.990610" level="INFO">${packageCount} = 1</msg>
<var>${packageCount}</var>
<status status="PASS" start="2025-07-06T12:35:43.905881" elapsed="2.084862"/>
</kw>
<kw name="Log" owner="BuiltIn">
<msg time="2025-07-06T12:35:45.992449" level="INFO">Package Combination - Location: Molalla Funeral Chapel | orcmf | Disposition: Burial | Service: No Facilities | Packages: 1</msg>
<arg>Package Combination - Location: ${location} | ${locationId} | Disposition: ${dispLabel} | Service: ${serviceLabel} | Packages: ${packageCount}</arg>
<doc>Logs the given message with the given level.</doc>
<status status="PASS" start="2025-07-06T12:35:45.991419" elapsed="0.001247"/>
</kw>
<kw name="Log To Console" owner="BuiltIn">
<arg>Package Combination - Location: ${location} | ${locationId} | Disposition: ${dispLabel} | Service: ${serviceLabel} | Packages: ${packageCount}</arg>
<doc>Logs the given message to the console.</doc>
<status status="PASS" start="2025-07-06T12:35:45.993195" elapsed="0.001095"/>
</kw>
<kw name="Catenate" owner="BuiltIn">
<msg time="2025-07-06T12:35:45.995894" level="INFO">${dataRow} = Molalla Funeral Chapel|orcmf|Burial|No Facilities|1</msg>
<var>${dataRow}</var>
<arg>SEPARATOR=|</arg>
<arg>${location}</arg>
<arg>${locationId}</arg>
<arg>${dispLabel}</arg>
<arg>${serviceLabel}</arg>
<arg>${packageCount}</arg>
<doc>Catenates the given items together and returns the resulted string.</doc>
<status status="PASS" start="2025-07-06T12:35:45.994767" elapsed="0.001283"/>
</kw>
<kw name="Acquire Lock" owner="pabot.PabotLib">
<arg>result</arg>
<doc>Wait for a lock with name.
[https://pabot.org/PabotLib.html?ref=log#acquire-lock|Open online docs.]</doc>
<status status="PASS" start="2025-07-06T12:35:45.996694" elapsed="0.003075"/>
</kw>
<kw name="Get Parallel Value For Key" owner="pabot.PabotLib">
<msg time="2025-07-06T12:35:46.003421" level="INFO">${existing} = 
Canby Funeral Chapel|orccf|Burial|Facilities|4
Molalla Funeral Chapel|orcmf|Burial|Facilities|4</msg>
<var>${existing}</var>
<arg>testResultsGlobal</arg>
<doc>Get the value for a key. If there is no value for the key then empty
string is returned.
[https://pabot.org/PabotLib.html?ref=log#get-parallel-value-for-key|Open online docs.]</doc>
<status status="PASS" start="2025-07-06T12:35:46.000285" elapsed="0.003332"/>
</kw>
<if>
<branch type="IF" condition="$existing == 'NONE'">
<kw name="Set Variable" owner="BuiltIn">
<var>${existing}</var>
<arg>${dataRow}</arg>
<doc>Returns the given values which can then be assigned to a variables.</doc>
<status status="NOT RUN" start="2025-07-06T12:35:46.005143" elapsed="0.000653"/>
</kw>
<status status="NOT RUN" start="2025-07-06T12:35:46.004099" elapsed="0.001998"/>
</branch>
<branch type="ELSE">
<kw name="Catenate" owner="BuiltIn">
<msg time="2025-07-06T12:35:46.008245" level="INFO">${existing} = 
Canby Funeral Chapel|orccf|Burial|Facilities|4
Molalla Funeral Chapel|orcmf|Burial|Facilities|4
Molalla Funeral Chapel|orcmf|Burial|No Facilities|1</msg>
<var>${existing}</var>
<arg>SEPARATOR=\n</arg>
<arg>${existing}</arg>
<arg>${dataRow}</arg>
<doc>Catenates the given items together and returns the resulted string.</doc>
<status status="PASS" start="2025-07-06T12:35:46.007049" elapsed="0.001389"/>
</kw>
<status status="PASS" start="2025-07-06T12:35:46.006381" elapsed="0.002409"/>
</branch>
<status status="PASS" start="2025-07-06T12:35:46.004017" elapsed="0.005072"/>
</if>
<kw name="Set Parallel Value For Key" owner="pabot.PabotLib">
<arg>testResultsGlobal</arg>
<arg>${existing}</arg>
<doc>Set a globally available key and value that can be accessed
from all the pabot processes.
[https://pabot.org/PabotLib.html?ref=log#set-parallel-value-for-key|Open online docs.]</doc>
<status status="PASS" start="2025-07-06T12:35:46.009462" elapsed="0.003019"/>
</kw>
<kw name="Release Lock" owner="pabot.PabotLib">
<arg>result</arg>
<doc>Release a lock with name.
[https://pabot.org/PabotLib.html?ref=log#release-lock|Open online docs.]</doc>
<status status="PASS" start="2025-07-06T12:35:46.013092" elapsed="0.003401"/>
</kw>
<kw name="Evaluate" owner="BuiltIn">
<msg time="2025-07-06T12:35:46.018118" level="INFO">${isLastService} = False</msg>
<var>${isLastService}</var>
<arg>${serviceIndex} == ${serviceLength}-1</arg>
<doc>Evaluates the given expression in Python and returns the result.</doc>
<status status="PASS" start="2025-07-06T12:35:46.017046" elapsed="0.001278"/>
</kw>
<kw name="Evaluate" owner="BuiltIn">
<msg time="2025-07-06T12:35:46.020054" level="INFO">${isLastDisposition} = False</msg>
<var>${isLastDisposition}</var>
<arg>${dispIndex} == ${dispositionLength}-1</arg>
<doc>Evaluates the given expression in Python and returns the result.</doc>
<status status="PASS" start="2025-07-06T12:35:46.018864" elapsed="0.001332"/>
</kw>
<if>
<branch type="IF" condition="not (${isLastService} and ${isLastDisposition})">
<kw name="Start Guided Selling Until Disposition Step">
<kw name="Go To" owner="SeleniumLibrary">
<msg time="2025-07-06T12:35:46.023781" level="INFO">Opening url 'https://staging.afterall.com/funeral-cremation/oregon/molalla/molalla-funeral-chapel/orcmf.html'</msg>
<arg>${url}</arg>
<doc>Navigates the current browser window to the provided ``url``.</doc>
<status status="PASS" start="2025-07-06T12:35:46.023200" elapsed="5.224539"/>
</kw>
<kw name="Wait Until Element Is Visible" owner="SeleniumLibrary">
<arg>${arrangeOnline}</arg>
<doc>Waits until the element ``locator`` is visible.</doc>
<status status="PASS" start="2025-07-06T12:35:51.248316" elapsed="0.805087"/>
</kw>
<kw name="Click Element" owner="SeleniumLibrary">
<msg time="2025-07-06T12:35:52.054818" level="INFO">Clicking element 'xpath://button[contains(@class, 'b-location_details-btn') and contains(text(), 'Arrange Online')]'.</msg>
<arg>${arrangeOnline}</arg>
<doc>Click the element identified by ``locator``.</doc>
<status status="PASS" start="2025-07-06T12:35:52.053923" elapsed="1.882540"/>
</kw>
<kw name="Wait Until Element Is Visible" owner="SeleniumLibrary">
<arg>${startPlanning}</arg>
<doc>Waits until the element ``locator`` is visible.</doc>
<status status="PASS" start="2025-07-06T12:35:53.937101" elapsed="0.107111"/>
</kw>
<kw name="Click Element" owner="SeleniumLibrary">
<msg time="2025-07-06T12:35:54.046283" level="INFO">Clicking element 'xpath://button[@data-widget-event-click="startPlanning"]'.</msg>
<arg>${startPlanning}</arg>
<doc>Click the element identified by ``locator``.</doc>
<status status="PASS" start="2025-07-06T12:35:54.045113" elapsed="0.513004"/>
</kw>
<kw name="Run Keyword And Return Status" owner="BuiltIn">
<kw name="Wait Until Element Is Visible" owner="SeleniumLibrary">
<arg>${activePlanFoundPopup}</arg>
<arg>timeout=3s</arg>
<doc>Waits until the element ``locator`` is visible.</doc>
<status status="PASS" start="2025-07-06T12:35:54.559530" elapsed="0.282635"/>
</kw>
<msg time="2025-07-06T12:35:54.842974" level="INFO">${isPopupPresent} = True</msg>
<var>${isPopupPresent}</var>
<arg>Wait Until Element Is Visible</arg>
<arg>${activePlanFoundPopup}</arg>
<arg>timeout=3s</arg>
<doc>Runs the given keyword with given arguments and returns the status as a Boolean value.</doc>
<status status="PASS" start="2025-07-06T12:35:54.558704" elapsed="0.284445"/>
</kw>
<if>
<branch type="IF" condition="'${isPopupPresent}' == 'True'">
<kw name="Click Element" owner="SeleniumLibrary">
<msg time="2025-07-06T12:35:54.845053" level="INFO">Clicking element 'xpath://button[normalize-space(text())="Start New"]'.</msg>
<arg>${startNewCTA}</arg>
<doc>Click the element identified by ``locator``.</doc>
<status status="PASS" start="2025-07-06T12:35:54.844387" elapsed="0.516468"/>
</kw>
<status status="PASS" start="2025-07-06T12:35:54.843550" elapsed="0.517635"/>
</branch>
<status status="PASS" start="2025-07-06T12:35:54.843475" elapsed="0.518065"/>
</if>
<kw name="Wait Until Page Contains Element" owner="SeleniumLibrary">
<arg>${immediateNeedRadio}</arg>
<doc>Waits until the element ``locator`` appears on the current page.</doc>
<status status="PASS" start="2025-07-06T12:35:55.361906" elapsed="0.881208"/>
</kw>
<kw name="Click Element" owner="SeleniumLibrary">
<msg time="2025-07-06T12:35:56.243834" level="INFO">Clicking element 'xpath://span[normalize-space(text())="I need to arrange a service now"]'.</msg>
<arg>${immediateNeedRadio}</arg>
<doc>Click the element identified by ``locator``.</doc>
<status status="PASS" start="2025-07-06T12:35:56.243395" elapsed="0.311006"/>
</kw>
<kw name="Wait Until Element Is Visible" owner="SeleniumLibrary">
<arg>${lovedOneDetailsStep}</arg>
<doc>Waits until the element ``locator`` is visible.</doc>
<status status="PASS" start="2025-07-06T12:35:56.554938" elapsed="0.639213"/>
</kw>
<kw name="Wait Until Element Is Visible" owner="SeleniumLibrary">
<arg>${firstNameInput}</arg>
<doc>Waits until the element ``locator`` is visible.</doc>
<status status="PASS" start="2025-07-06T12:35:57.194433" elapsed="0.022701"/>
</kw>
<kw name="Input Text" owner="SeleniumLibrary">
<msg time="2025-07-06T12:35:57.218177" level="INFO">Typing text 'Test' into text field 'xpath://input[@name="dwfrm_guidedSelling_firstName"]'.</msg>
<arg>${firstNameInput}</arg>
<arg>${lovedOneFirstName}</arg>
<doc>Types the given ``text`` into the text field identified by ``locator``.</doc>
<status status="PASS" start="2025-07-06T12:35:57.217611" elapsed="0.075823"/>
</kw>
<kw name="Wait Until Element Is Visible" owner="SeleniumLibrary">
<arg>${lastNameInput}</arg>
<doc>Waits until the element ``locator`` is visible.</doc>
<status status="PASS" start="2025-07-06T12:35:57.293916" elapsed="0.030548"/>
</kw>
<kw name="Input Text" owner="SeleniumLibrary">
<msg time="2025-07-06T12:35:57.325674" level="INFO">Typing text 'Test' into text field 'xpath://input[@name="dwfrm_guidedSelling_lastName"]'.</msg>
<arg>${lastNameInput}</arg>
<arg>${lovedOneLastName}</arg>
<doc>Types the given ``text`` into the text field identified by ``locator``.</doc>
<status status="PASS" start="2025-07-06T12:35:57.324931" elapsed="0.076160"/>
</kw>
<kw name="Wait Until Element Is Visible" owner="SeleniumLibrary">
<arg>${dateOfPassingLabel}</arg>
<doc>Waits until the element ``locator`` is visible.</doc>
<status status="PASS" start="2025-07-06T12:35:57.401645" elapsed="0.037713"/>
</kw>
<kw name="Mouse Down" owner="SeleniumLibrary">
<msg time="2025-07-06T12:35:57.440630" level="INFO">Simulating Mouse Down on element 'xpath://label[@for="dwfrm_guidedSelling_date"]'.</msg>
<arg>${dateOfPassingLabel}</arg>
<doc>Simulates pressing the left mouse button on the element ``locator``.</doc>
<status status="PASS" start="2025-07-06T12:35:57.439858" elapsed="0.318776"/>
</kw>
<kw name="Mouse Up" owner="SeleniumLibrary">
<msg time="2025-07-06T12:35:57.759807" level="INFO">Simulating Mouse Up on element 'xpath://label[@for="dwfrm_guidedSelling_date"]'.</msg>
<arg>${dateOfPassingLabel}</arg>
<doc>Simulates releasing the left mouse button on the element ``locator``.</doc>
<status status="PASS" start="2025-07-06T12:35:57.759088" elapsed="0.317362"/>
</kw>
<kw name="Sleep" owner="BuiltIn">
<msg time="2025-07-06T12:35:59.077983" level="INFO">Slept 1 second.</msg>
<arg>1s</arg>
<doc>Pauses the test executed for the given time.</doc>
<status status="PASS" start="2025-07-06T12:35:58.077026" elapsed="1.001218"/>
</kw>
<kw name="Press Keys" owner="SeleniumLibrary">
<msg time="2025-07-06T12:35:59.080469" level="INFO">Sending key(s) ('07012025',) to xpath://input[@name="dwfrm_guidedSelling_date"] element.</msg>
<msg time="2025-07-06T12:35:59.408398" level="INFO">Sending keys 07012025</msg>
<arg>${dateOfPassingInput}</arg>
<arg>${dateOfPassing}</arg>
<doc>Simulates the user pressing key(s) to an element or on the active browser.</doc>
<status status="PASS" start="2025-07-06T12:35:59.078692" elapsed="0.386609"/>
</kw>
<kw name="Wait Until Element Is Visible" owner="SeleniumLibrary">
<arg>${continueCTA}</arg>
<doc>Waits until the element ``locator`` is visible.</doc>
<status status="PASS" start="2025-07-06T12:35:59.465864" elapsed="0.014975"/>
</kw>
<kw name="Click Element" owner="SeleniumLibrary">
<msg time="2025-07-06T12:35:59.482204" level="INFO">Clicking element 'xpath://button[@type="submit" and @name="dwfrm_guidedSelling_continue"]'.</msg>
<arg>${continueCTA}</arg>
<doc>Click the element identified by ``locator``.</doc>
<status status="PASS" start="2025-07-06T12:35:59.481375" elapsed="0.258709"/>
</kw>
<kw name="Wait Until Element Is Visible" owner="SeleniumLibrary">
<arg>${personalDetailsStep}</arg>
<doc>Waits until the element ``locator`` is visible.</doc>
<status status="PASS" start="2025-07-06T12:35:59.740362" elapsed="0.650912"/>
</kw>
<kw name="Wait Until Element Is Visible" owner="SeleniumLibrary">
<arg>${firstNameInput}</arg>
<doc>Waits until the element ``locator`` is visible.</doc>
<status status="PASS" start="2025-07-06T12:36:00.391573" elapsed="0.015351"/>
</kw>
<kw name="Input Text" owner="SeleniumLibrary">
<msg time="2025-07-06T12:36:00.407740" level="INFO">Typing text 'Test' into text field 'xpath://input[@name="dwfrm_guidedSelling_firstName"]'.</msg>
<arg>${firstNameInput}</arg>
<arg>${ownerFirstName}</arg>
<doc>Types the given ``text`` into the text field identified by ``locator``.</doc>
<status status="PASS" start="2025-07-06T12:36:00.407213" elapsed="0.038574"/>
</kw>
<kw name="Wait Until Element Is Visible" owner="SeleniumLibrary">
<arg>${lastNameInput}</arg>
<doc>Waits until the element ``locator`` is visible.</doc>
<status status="PASS" start="2025-07-06T12:36:00.446390" elapsed="0.015101"/>
</kw>
<kw name="Input Text" owner="SeleniumLibrary">
<msg time="2025-07-06T12:36:00.462285" level="INFO">Typing text 'Test' into text field 'xpath://input[@name="dwfrm_guidedSelling_lastName"]'.</msg>
<arg>${lastNameInput}</arg>
<arg>${ownerLastName}</arg>
<doc>Types the given ``text`` into the text field identified by ``locator``.</doc>
<status status="PASS" start="2025-07-06T12:36:00.461789" elapsed="0.045372"/>
</kw>
<kw name="Wait Until Element Is Visible" owner="SeleniumLibrary">
<arg>${ownerPhoneNumberInput}</arg>
<doc>Waits until the element ``locator`` is visible.</doc>
<status status="PASS" start="2025-07-06T12:36:00.507451" elapsed="0.013638"/>
</kw>
<kw name="Input Text" owner="SeleniumLibrary">
<msg time="2025-07-06T12:36:00.522219" level="INFO">Typing text '+1(987) 654-3210' into text field 'xpath://input[@name="dwfrm_guidedSelling_phone"]'.</msg>
<arg>${ownerPhoneNumberInput}</arg>
<arg>${ownerPhoneNumber}</arg>
<doc>Types the given ``text`` into the text field identified by ``locator``.</doc>
<status status="PASS" start="2025-07-06T12:36:00.521556" elapsed="0.063125"/>
</kw>
<kw name="Wait Until Element Is Visible" owner="SeleniumLibrary">
<arg>${ownerEmailAddressInput}</arg>
<doc>Waits until the element ``locator`` is visible.</doc>
<status status="PASS" start="2025-07-06T12:36:00.584971" elapsed="0.016527"/>
</kw>
<kw name="Input Text" owner="SeleniumLibrary">
<msg time="2025-07-06T12:36:00.603021" level="INFO">Typing text 'd.kaneriya+test@astoundigital.com' into text field 'xpath://input[@name="dwfrm_guidedSelling_email"]'.</msg>
<arg>${ownerEmailAddressInput}</arg>
<arg>${ownerEmailAddress}</arg>
<doc>Types the given ``text`` into the text field identified by ``locator``.</doc>
<status status="PASS" start="2025-07-06T12:36:00.602174" elapsed="0.081399"/>
</kw>
<kw name="Select From List By Label" owner="SeleniumLibrary">
<msg time="2025-07-06T12:36:00.684433" level="INFO">Selecting options from selection list 'xpath://select[@id="dwfrm_guidedSelling_relationship"]' by label Uncle.</msg>
<arg>${ownerRelationShip}</arg>
<arg>${ownerRelationShipValue}</arg>
<doc>Selects options from selection list ``locator`` by ``labels``.</doc>
<status status="PASS" start="2025-07-06T12:36:00.683915" elapsed="0.269075"/>
</kw>
<kw name="Get WebElement" owner="SeleniumLibrary">
<msg time="2025-07-06T12:36:00.958899" level="INFO">${nextStep} = &lt;selenium.webdriver.remote.webelement.WebElement (session="e54ad984-939a-4459-8772-b710b4ec8e5f", element="2702014b-6ef0-4717-b77c-62d77810e535")&gt;</msg>
<var>${nextStep}</var>
<arg>${continueCTA}</arg>
<doc>Returns the first WebElement matching the given ``locator``.</doc>
<status status="PASS" start="2025-07-06T12:36:00.953316" elapsed="0.005667"/>
</kw>
<kw name="Execute Javascript" owner="SeleniumLibrary">
<msg time="2025-07-06T12:36:00.960006" level="INFO">Executing JavaScript:
arguments[0].click();
By using argument:
'&lt;selenium.webdriver.remote.webelement.WebElement (session="e54ad984-939a-4459-8772-b710b4ec8e5f", element="2702014b-6ef0-4717-b77c-62d77810e535")&gt;'</msg>
<arg>arguments[0].click();</arg>
<arg>ARGUMENTS</arg>
<arg>${nextStep}</arg>
<doc>Executes the given JavaScript code with possible arguments.</doc>
<status status="PASS" start="2025-07-06T12:36:00.959261" elapsed="0.102230"/>
</kw>
<arg>${url}</arg>
<status status="PASS" start="2025-07-06T12:35:46.022104" elapsed="15.039778"/>
</kw>
<status status="PASS" start="2025-07-06T12:35:46.020588" elapsed="15.041608"/>
</branch>
<status status="PASS" start="2025-07-06T12:35:46.020515" elapsed="15.041945"/>
</if>
<var name="${serviceIndex}">1</var>
<status status="PASS" start="2025-07-06T12:35:40.812995" elapsed="20.249580"/>
</iter>
<iter>
<if>
<branch type="IF" condition="${serviceIndex} != 0">
<kw name="Fetch All Disposition Options">
<kw name="Wait Until Element Is Visible" owner="SeleniumLibrary">
<arg>${disposition&amp;serviceOptions}</arg>
<doc>Waits until the element ``locator`` is visible.</doc>
<status status="PASS" start="2025-07-06T12:36:01.067597" elapsed="0.839481"/>
</kw>
<kw name="Get WebElements" owner="SeleniumLibrary">
<msg time="2025-07-06T12:36:01.911325" level="INFO">@{options} = [ &lt;selenium.webdriver.remote.webelement.WebElement (session="e54ad984-939a-4459-8772-b710b4ec8e5f", element="8272cdc1-9a5d-4c67-9452-a7bc9fb10188")&gt; | &lt;selenium.webdriver.remote.webelement.WebElement ...</msg>
<var>@{options}</var>
<arg>${disposition&amp;serviceOptions}</arg>
<doc>Returns a list of WebElement objects matching the ``locator``.</doc>
<status status="PASS" start="2025-07-06T12:36:01.907380" elapsed="0.004043"/>
</kw>
<return>
<value>@{options}</value>
<status status="PASS" start="2025-07-06T12:36:01.911599" elapsed="0.000206"/>
</return>
<msg time="2025-07-06T12:36:01.912111" level="INFO">@{dispositionOptions} = [ &lt;selenium.webdriver.remote.webelement.WebElement (session="e54ad984-939a-4459-8772-b710b4ec8e5f", element="8272cdc1-9a5d-4c67-9452-a7bc9fb10188")&gt; | &lt;selenium.webdriver.remote.webelement.WebElement ...</msg>
<var>@{dispositionOptions}</var>
<status status="PASS" start="2025-07-06T12:36:01.066412" elapsed="0.845765"/>
</kw>
<kw name="Get From List" owner="Collections">
<msg time="2025-07-06T12:36:01.912840" level="INFO">${disposition} = &lt;selenium.webdriver.remote.webelement.WebElement (session="e54ad984-939a-4459-8772-b710b4ec8e5f", element="8272cdc1-9a5d-4c67-9452-a7bc9fb10188")&gt;</msg>
<var>${disposition}</var>
<arg>${dispositionOptions}</arg>
<arg>${dispIndex}</arg>
<doc>Returns the value specified with an ``index`` from ``list``.</doc>
<status status="PASS" start="2025-07-06T12:36:01.912417" elapsed="0.000487"/>
</kw>
<kw name="Get Text" owner="SeleniumLibrary">
<msg time="2025-07-06T12:36:01.923897" level="INFO">${dispLabel} = Burial</msg>
<var>${dispLabel}</var>
<arg>${disposition}</arg>
<doc>Returns the text value of the element identified by ``locator``.</doc>
<status status="PASS" start="2025-07-06T12:36:01.913306" elapsed="0.010672"/>
</kw>
<kw name="Click Element" owner="SeleniumLibrary">
<msg time="2025-07-06T12:36:01.924711" level="INFO">Clicking element '&lt;selenium.webdriver.remote.webelement.WebElement (session="e54ad984-939a-4459-8772-b710b4ec8e5f", element="8272cdc1-9a5d-4c67-9452-a7bc9fb10188")&gt;'.</msg>
<arg>${disposition}</arg>
<doc>Click the element identified by ``locator``.</doc>
<status status="PASS" start="2025-07-06T12:36:01.924263" elapsed="0.265926"/>
</kw>
<kw name="Click Element" owner="SeleniumLibrary">
<msg time="2025-07-06T12:36:02.191594" level="INFO">Clicking element 'xpath://button[@type="submit" and @name="dwfrm_guidedSelling_continue"]'.</msg>
<arg>${continueCTA}</arg>
<doc>Click the element identified by ``locator``.</doc>
<status status="PASS" start="2025-07-06T12:36:02.190744" elapsed="0.334575"/>
</kw>
<status status="PASS" start="2025-07-06T12:36:01.065129" elapsed="1.460364"/>
</branch>
<status status="PASS" start="2025-07-06T12:36:01.065045" elapsed="1.460571"/>
</if>
<kw name="Fetch All Service Method Options">
<kw name="Wait Until Element Is Visible" owner="SeleniumLibrary">
<arg>${serviceDetailsStep}</arg>
<doc>Waits until the element ``locator`` is visible.</doc>
<status status="PASS" start="2025-07-06T12:36:02.526415" elapsed="1.661796"/>
</kw>
<kw name="Wait Until Element Is Visible" owner="SeleniumLibrary">
<arg>${disposition&amp;serviceOptions}</arg>
<doc>Waits until the element ``locator`` is visible.</doc>
<status status="PASS" start="2025-07-06T12:36:04.188512" elapsed="0.017411"/>
</kw>
<kw name="Get WebElements" owner="SeleniumLibrary">
<msg time="2025-07-06T12:36:04.211462" level="INFO">@{services} = [ &lt;selenium.webdriver.remote.webelement.WebElement (session="e54ad984-939a-4459-8772-b710b4ec8e5f", element="cff4dd3c-b48c-4d11-bbe6-1c732a0c8afb")&gt; | &lt;selenium.webdriver.remote.webelement.WebElement ...</msg>
<var>@{services}</var>
<arg>${disposition&amp;serviceOptions}</arg>
<doc>Returns a list of WebElement objects matching the ``locator``.</doc>
<status status="PASS" start="2025-07-06T12:36:04.206222" elapsed="0.005326"/>
</kw>
<return>
<value>@{services}</value>
<status status="PASS" start="2025-07-06T12:36:04.211704" elapsed="0.000214"/>
</return>
<msg time="2025-07-06T12:36:04.212325" level="INFO">@{serviceOptions} = [ &lt;selenium.webdriver.remote.webelement.WebElement (session="e54ad984-939a-4459-8772-b710b4ec8e5f", element="cff4dd3c-b48c-4d11-bbe6-1c732a0c8afb")&gt; | &lt;selenium.webdriver.remote.webelement.WebElement ...</msg>
<var>@{serviceOptions}</var>
<status status="PASS" start="2025-07-06T12:36:02.525857" elapsed="1.686544"/>
</kw>
<kw name="Get From List" owner="Collections">
[...]
<var>${row}</var>
<arg>2</arg>
<doc>Returns the given values which can then be assigned to a variables.</doc>
<status status="PASS" start="2025-07-06T12:37:07.480158" elapsed="0.000493"/>
</kw>
<for flavor="IN">
<iter>
<kw name="Split String" owner="String">
<msg time="2025-07-06T12:37:07.481978" level="INFO">${cols} = ['']</msg>
<var>${cols}</var>
<arg>${rowData}</arg>
<arg>separator=|</arg>
<doc>Splits the ``string`` using ``separator`` as a delimiter string.</doc>
<status status="PASS" start="2025-07-06T12:37:07.481526" elapsed="0.000518"/>
</kw>
<kw name="Insert Row" owner="ExcelSage">
<msg time="2025-07-06T12:37:07.494470" level="INFO">Inserted row at index 2 in sheet 'Sheet'.</msg>
<arg>row_index=${row}</arg>
<arg>row_data=${cols}</arg>
<doc>The ``Insert Row`` keyword inserts a new row at a specified index in an Excel sheet and populates that row with the provided data.
The keyword validates the input and ensures that the row index is within Excel's allowable limits (1 to 1,048,576).</doc>
<status status="PASS" start="2025-07-06T12:37:07.482283" elapsed="0.012450"/>
</kw>
<kw name="Evaluate" owner="BuiltIn">
<msg time="2025-07-06T12:37:07.495796" level="INFO">${row} = 3</msg>
<var>${row}</var>
<arg>${row} + 1</arg>
<doc>Evaluates the given expression in Python and returns the result.</doc>
<status status="PASS" start="2025-07-06T12:37:07.495171" elapsed="0.000697"/>
</kw>
<var name="${rowData}"/>
<status status="PASS" start="2025-07-06T12:37:07.481227" elapsed="0.014778"/>
</iter>
<iter>
<kw name="Split String" owner="String">
<msg time="2025-07-06T12:37:07.497093" level="INFO">${cols} = ['Canby Funeral Chapel', 'orccf', 'Burial', 'Facilities', '4']</msg>
<var>${cols}</var>
<arg>${rowData}</arg>
<arg>separator=|</arg>
<doc>Splits the ``string`` using ``separator`` as a delimiter string.</doc>
<status status="PASS" start="2025-07-06T12:37:07.496588" elapsed="0.000571"/>
</kw>
<kw name="Insert Row" owner="ExcelSage">
<msg time="2025-07-06T12:37:07.623910" level="INFO">Inserted row at index 3 in sheet 'Sheet'.</msg>
<arg>row_index=${row}</arg>
<arg>row_data=${cols}</arg>
<doc>The ``Insert Row`` keyword inserts a new row at a specified index in an Excel sheet and populates that row with the provided data.
The keyword validates the input and ensures that the row index is within Excel's allowable limits (1 to 1,048,576).</doc>
<status status="PASS" start="2025-07-06T12:37:07.497420" elapsed="0.126711"/>
</kw>
<kw name="Evaluate" owner="BuiltIn">
<msg time="2025-07-06T12:37:07.624960" level="INFO">${row} = 4</msg>
<var>${row}</var>
<arg>${row} + 1</arg>
<doc>Evaluates the given expression in Python and returns the result.</doc>
<status status="PASS" start="2025-07-06T12:37:07.624467" elapsed="0.000558"/>
</kw>
<var name="${rowData}">Canby Funeral Chapel|orccf|Burial|Facilities|4</var>
<status status="PASS" start="2025-07-06T12:37:07.496270" elapsed="0.128877"/>
</iter>
<iter>
<kw name="Split String" owner="String">
<msg time="2025-07-06T12:37:07.626025" level="INFO">${cols} = ['Molalla Funeral Chapel', 'orcmf', 'Burial', 'Facilities', '4']</msg>
<var>${cols}</var>
<arg>${rowData}</arg>
<arg>separator=|</arg>
<doc>Splits the ``string`` using ``separator`` as a delimiter string.</doc>
<status status="PASS" start="2025-07-06T12:37:07.625646" elapsed="0.000438"/>
</kw>
<kw name="Insert Row" owner="ExcelSage">
<msg time="2025-07-06T12:37:07.655392" level="INFO">Inserted row at index 4 in sheet 'Sheet'.</msg>
<arg>row_index=${row}</arg>
<arg>row_data=${cols}</arg>
<doc>The ``Insert Row`` keyword inserts a new row at a specified index in an Excel sheet and populates that row with the provided data.
The keyword validates the input and ensures that the row index is within Excel's allowable limits (1 to 1,048,576).</doc>
<status status="PASS" start="2025-07-06T12:37:07.626302" elapsed="0.029351"/>
</kw>
<kw name="Evaluate" owner="BuiltIn">
<msg time="2025-07-06T12:37:07.657013" level="INFO">${row} = 5</msg>
<var>${row}</var>
<arg>${row} + 1</arg>
<doc>Evaluates the given expression in Python and returns the result.</doc>
<status status="PASS" start="2025-07-06T12:37:07.656155" elapsed="0.000975"/>
</kw>
<var name="${rowData}">Molalla Funeral Chapel|orcmf|Burial|Facilities|4</var>
<status status="PASS" start="2025-07-06T12:37:07.625373" elapsed="0.032004"/>
</iter>
<iter>
<kw name="Split String" owner="String">
<msg time="2025-07-06T12:37:07.658945" level="INFO">${cols} = ['Molalla Funeral Chapel', 'orcmf', 'Burial', 'No Facilities', '1']</msg>
<var>${cols}</var>
<arg>${rowData}</arg>
<arg>separator=|</arg>
<doc>Splits the ``string`` using ``separator`` as a delimiter string.</doc>
<status status="PASS" start="2025-07-06T12:37:07.658269" elapsed="0.000793"/>
</kw>
<kw name="Insert Row" owner="ExcelSage">
<msg time="2025-07-06T12:37:07.690353" level="INFO">Inserted row at index 5 in sheet 'Sheet'.</msg>
<arg>row_index=${row}</arg>
<arg>row_data=${cols}</arg>
<doc>The ``Insert Row`` keyword inserts a new row at a specified index in an Excel sheet and populates that row with the provided data.
The keyword validates the input and ensures that the row index is within Excel's allowable limits (1 to 1,048,576).</doc>
<status status="PASS" start="2025-07-06T12:37:07.659490" elapsed="0.031124"/>
</kw>
<kw name="Evaluate" owner="BuiltIn">
<msg time="2025-07-06T12:37:07.691611" level="INFO">${row} = 6</msg>
<var>${row}</var>
<arg>${row} + 1</arg>
<doc>Evaluates the given expression in Python and returns the result.</doc>
<status status="PASS" start="2025-07-06T12:37:07.690919" elapsed="0.000806"/>
</kw>
<var name="${rowData}">Molalla Funeral Chapel|orcmf|Burial|No Facilities|1</var>
<status status="PASS" start="2025-07-06T12:37:07.657791" elapsed="0.034132"/>
</iter>
<iter>
<kw name="Split String" owner="String">
<msg time="2025-07-06T12:37:07.693262" level="INFO">${cols} = ['Canby Funeral Chapel', 'orccf', 'Burial', 'No Facilities', '1']</msg>
<var>${cols}</var>
<arg>${rowData}</arg>
<arg>separator=|</arg>
<doc>Splits the ``string`` using ``separator`` as a delimiter string.</doc>
<status status="PASS" start="2025-07-06T12:37:07.692606" elapsed="0.000771"/>
</kw>
<kw name="Insert Row" owner="ExcelSage">
<msg time="2025-07-06T12:37:07.728424" level="INFO">Inserted row at index 6 in sheet 'Sheet'.</msg>
<arg>row_index=${row}</arg>
<arg>row_data=${cols}</arg>
<doc>The ``Insert Row`` keyword inserts a new row at a specified index in an Excel sheet and populates that row with the provided data.
The keyword validates the input and ensures that the row index is within Excel's allowable limits (1 to 1,048,576).</doc>
<status status="PASS" start="2025-07-06T12:37:07.693732" elapsed="0.034995"/>
</kw>
<kw name="Evaluate" owner="BuiltIn">
<msg time="2025-07-06T12:37:07.730036" level="INFO">${row} = 7</msg>
<var>${row}</var>
<arg>${row} + 1</arg>
<doc>Evaluates the given expression in Python and returns the result.</doc>
<status status="PASS" start="2025-07-06T12:37:07.729276" elapsed="0.000880"/>
</kw>
<var name="${rowData}">Canby Funeral Chapel|orccf|Burial|No Facilities|1</var>
<status status="PASS" start="2025-07-06T12:37:07.692212" elapsed="0.038181"/>
</iter>
<iter>
<kw name="Split String" owner="String">
<msg time="2025-07-06T12:37:07.731906" level="INFO">${cols} = ['Canby Funeral Chapel', 'orccf', 'Burial', 'All', '5']</msg>
<var>${cols}</var>
<arg>${rowData}</arg>
<arg>separator=|</arg>
<doc>Splits the ``string`` using ``separator`` as a delimiter string.</doc>
<status status="PASS" start="2025-07-06T12:37:07.731253" elapsed="0.000771"/>
</kw>
<kw name="Insert Row" owner="ExcelSage">
<msg time="2025-07-06T12:37:07.766608" level="INFO">Inserted row at index 7 in sheet 'Sheet'.</msg>
<arg>row_index=${row}</arg>
<arg>row_data=${cols}</arg>
<doc>The ``Insert Row`` keyword inserts a new row at a specified index in an Excel sheet and populates that row with the provided data.
The keyword validates the input and ensures that the row index is within Excel's allowable limits (1 to 1,048,576).</doc>
<status status="PASS" start="2025-07-06T12:37:07.732518" elapsed="0.034339"/>
</kw>
<kw name="Evaluate" owner="BuiltIn">
<msg time="2025-07-06T12:37:07.767716" level="INFO">${row} = 8</msg>
<var>${row}</var>
<arg>${row} + 1</arg>
<doc>Evaluates the given expression in Python and returns the result.</doc>
<status status="PASS" start="2025-07-06T12:37:07.767172" elapsed="0.000612"/>
</kw>
<var name="${rowData}">Canby Funeral Chapel|orccf|Burial|All|5</var>
<status status="PASS" start="2025-07-06T12:37:07.730803" elapsed="0.037109"/>
</iter>
<iter>
<kw name="Split String" owner="String">
<msg time="2025-07-06T12:37:07.770229" level="INFO">${cols} = ['Molalla Funeral Chapel', 'orcmf', 'Burial', 'All', '5']</msg>
<var>${cols}</var>
<arg>${rowData}</arg>
<arg>separator=|</arg>
<doc>Splits the ``string`` using ``separator`` as a delimiter string.</doc>
<status status="PASS" start="2025-07-06T12:37:07.768870" elapsed="0.001494"/>
</kw>
<kw name="Insert Row" owner="ExcelSage">
<msg time="2025-07-06T12:37:07.797232" level="INFO">Inserted row at index 8 in sheet 'Sheet'.</msg>
<arg>row_index=${row}</arg>
<arg>row_data=${cols}</arg>
<doc>The ``Insert Row`` keyword inserts a new row at a specified index in an Excel sheet and populates that row with the provided data.
The keyword validates the input and ensures that the row index is within Excel's allowable limits (1 to 1,048,576).</doc>
<status status="PASS" start="2025-07-06T12:37:07.770909" elapsed="0.026582"/>
</kw>
<kw name="Evaluate" owner="BuiltIn">
<msg time="2025-07-06T12:37:07.798416" level="INFO">${row} = 9</msg>
<var>${row}</var>
<arg>${row} + 1</arg>
<doc>Evaluates the given expression in Python and returns the result.</doc>
<status status="PASS" start="2025-07-06T12:37:07.797836" elapsed="0.000648"/>
</kw>
<var name="${rowData}">Molalla Funeral Chapel|orcmf|Burial|All|5</var>
<status status="PASS" start="2025-07-06T12:37:07.768148" elapsed="0.030474"/>
</iter>
<iter>
<kw name="Split String" owner="String">
<msg time="2025-07-06T12:37:07.799646" level="INFO">${cols} = ['Canby Funeral Chapel', 'orccf', 'Cremation', 'Facilities', '4']</msg>
<var>${cols}</var>
<arg>${rowData}</arg>
<arg>separator=|</arg>
<doc>Splits the ``string`` using ``separator`` as a delimiter string.</doc>
<status status="PASS" start="2025-07-06T12:37:07.799234" elapsed="0.000478"/>
</kw>
<kw name="Insert Row" owner="ExcelSage">
<msg time="2025-07-06T12:37:07.828158" level="INFO">Inserted row at index 9 in sheet 'Sheet'.</msg>
<arg>row_index=${row}</arg>
<arg>row_data=${cols}</arg>
<doc>The ``Insert Row`` keyword inserts a new row at a specified index in an Excel sheet and populates that row with the provided data.
The keyword validates the input and ensures that the row index is within Excel's allowable limits (1 to 1,048,576).</doc>
<status status="PASS" start="2025-07-06T12:37:07.799948" elapsed="0.028462"/>
</kw>
<kw name="Evaluate" owner="BuiltIn">
<msg time="2025-07-06T12:37:07.829308" level="INFO">${row} = 10</msg>
<var>${row}</var>
<arg>${row} + 1</arg>
<doc>Evaluates the given expression in Python and returns the result.</doc>
<status status="PASS" start="2025-07-06T12:37:07.828754" elapsed="0.000623"/>
</kw>
<var name="${rowData}">Canby Funeral Chapel|orccf|Cremation|Facilities|4</var>
<status status="PASS" start="2025-07-06T12:37:07.798929" elapsed="0.030574"/>
</iter>
<iter>
<kw name="Split String" owner="String">
<msg time="2025-07-06T12:37:07.830505" level="INFO">${cols} = ['Molalla Funeral Chapel', 'orcmf', 'Cremation', 'Facilities', '4']</msg>
<var>${cols}</var>
<arg>${rowData}</arg>
<arg>separator=|</arg>
<doc>Splits the ``string`` using ``separator`` as a delimiter string.</doc>
<status status="PASS" start="2025-07-06T12:37:07.830047" elapsed="0.000525"/>
</kw>
<kw name="Insert Row" owner="ExcelSage">
<msg time="2025-07-06T12:37:07.858083" level="INFO">Inserted row at index 10 in sheet 'Sheet'.</msg>
<arg>row_index=${row}</arg>
<arg>row_data=${cols}</arg>
<doc>The ``Insert Row`` keyword inserts a new row at a specified index in an Excel sheet and populates that row with the provided data.
The keyword validates the input and ensures that the row index is within Excel's allowable limits (1 to 1,048,576).</doc>
<status status="PASS" start="2025-07-06T12:37:07.830818" elapsed="0.027524"/>
</kw>
<kw name="Evaluate" owner="BuiltIn">
<msg time="2025-07-06T12:37:07.859566" level="INFO">${row} = 11</msg>
<var>${row}</var>
<arg>${row} + 1</arg>
<doc>Evaluates the given expression in Python and returns the result.</doc>
<status status="PASS" start="2025-07-06T12:37:07.858834" elapsed="0.000842"/>
</kw>
<var name="${rowData}">Molalla Funeral Chapel|orcmf|Cremation|Facilities|4</var>
<status status="PASS" start="2025-07-06T12:37:07.829743" elapsed="0.030143"/>
</iter>
<iter>
<kw name="Split String" owner="String">
<msg time="2025-07-06T12:37:07.860888" level="INFO">${cols} = ['Molalla Funeral Chapel', 'orcmf', 'Cremation', 'No Facilities', '3']</msg>
<var>${cols}</var>
<arg>${rowData}</arg>
<arg>separator=|</arg>
<doc>Splits the ``string`` using ``separator`` as a delimiter string.</doc>
<status status="PASS" start="2025-07-06T12:37:07.860475" elapsed="0.000491"/>
</kw>
<kw name="Insert Row" owner="ExcelSage">
<msg time="2025-07-06T12:37:07.886709" level="INFO">Inserted row at index 11 in sheet 'Sheet'.</msg>
<arg>row_index=${row}</arg>
<arg>row_data=${cols}</arg>
<doc>The ``Insert Row`` keyword inserts a new row at a specified index in an Excel sheet and populates that row with the provided data.
The keyword validates the input and ensures that the row index is within Excel's allowable limits (1 to 1,048,576).</doc>
<status status="PASS" start="2025-07-06T12:37:07.861193" elapsed="0.025755"/>
</kw>
<kw name="Evaluate" owner="BuiltIn">
<msg time="2025-07-06T12:37:07.887911" level="INFO">${row} = 12</msg>
<var>${row}</var>
<arg>${row} + 1</arg>
<doc>Evaluates the given expression in Python and returns the result.</doc>
<status status="PASS" start="2025-07-06T12:37:07.887371" elapsed="0.000605"/>
</kw>
<var name="${rowData}">Molalla Funeral Chapel|orcmf|Cremation|No Facilities|3</var>
<status status="PASS" start="2025-07-06T12:37:07.860162" elapsed="0.027937"/>
</iter>
<iter>
<kw name="Split String" owner="String">
<msg time="2025-07-06T12:37:07.889166" level="INFO">${cols} = ['Canby Funeral Chapel', 'orccf', 'Cremation', 'No Facilities', '3']</msg>
<var>${cols}</var>
<arg>${rowData}</arg>
<arg>separator=|</arg>
<doc>Splits the ``string`` using ``separator`` as a delimiter string.</doc>
<status status="PASS" start="2025-07-06T12:37:07.888753" elapsed="0.000476"/>
</kw>
<kw name="Insert Row" owner="ExcelSage">
<msg time="2025-07-06T12:37:07.912969" level="INFO">Inserted row at index 12 in sheet 'Sheet'.</msg>
<arg>row_index=${row}</arg>
<arg>row_data=${cols}</arg>
<doc>The ``Insert Row`` keyword inserts a new row at a specified index in an Excel sheet and populates that row with the provided data.
The keyword validates the input and ensures that the row index is within Excel's allowable limits (1 to 1,048,576).</doc>
<status status="PASS" start="2025-07-06T12:37:07.889449" elapsed="0.023840"/>
</kw>
<kw name="Evaluate" owner="BuiltIn">
<msg time="2025-07-06T12:37:07.914256" level="INFO">${row} = 13</msg>
<var>${row}</var>
<arg>${row} + 1</arg>
<doc>Evaluates the given expression in Python and returns the result.</doc>
<status status="PASS" start="2025-07-06T12:37:07.913635" elapsed="0.000693"/>
</kw>
<var name="${rowData}">Canby Funeral Chapel|orccf|Cremation|No Facilities|3</var>
<status status="PASS" start="2025-07-06T12:37:07.888375" elapsed="0.026085"/>
</iter>
<iter>
<kw name="Split String" owner="String">
<msg time="2025-07-06T12:37:07.915479" level="INFO">${cols} = ['Molalla Funeral Chapel', 'orcmf', 'Cremation', 'All', '7']</msg>
<var>${cols}</var>
<arg>${rowData}</arg>
<arg>separator=|</arg>
<doc>Splits the ``string`` using ``separator`` as a delimiter string.</doc>
<status status="PASS" start="2025-07-06T12:37:07.915012" elapsed="0.000533"/>
</kw>
<kw name="Insert Row" owner="ExcelSage">
<msg time="2025-07-06T12:37:07.943795" level="INFO">Inserted row at index 13 in sheet 'Sheet'.</msg>
<arg>row_index=${row}</arg>
<arg>row_data=${cols}</arg>
<doc>The ``Insert Row`` keyword inserts a new row at a specified index in an Excel sheet and populates that row with the provided data.
The keyword validates the input and ensures that the row index is within Excel's allowable limits (1 to 1,048,576).</doc>
<status status="PASS" start="2025-07-06T12:37:07.915783" elapsed="0.028249"/>
</kw>
<kw name="Evaluate" owner="BuiltIn">
<msg time="2025-07-06T12:37:07.944897" level="INFO">${row} = 14</msg>
<var>${row}</var>
<arg>${row} + 1</arg>
<doc>Evaluates the given expression in Python and returns the result.</doc>
<status status="PASS" start="2025-07-06T12:37:07.944357" elapsed="0.000622"/>
</kw>
<var name="${rowData}">Molalla Funeral Chapel|orcmf|Cremation|All|7</var>
<status status="PASS" start="2025-07-06T12:37:07.914704" elapsed="0.030405"/>
</iter>
<iter>
<kw name="Split String" owner="String">
<msg time="2025-07-06T12:37:07.946083" level="INFO">${cols} = ['Canby Funeral Chapel', 'orccf', 'Cremation', 'All', '7']</msg>
<var>${cols}</var>
<arg>${rowData}</arg>
<arg>separator=|</arg>
<doc>Splits the ``string`` using ``separator`` as a delimiter string.</doc>
<status status="PASS" start="2025-07-06T12:37:07.945651" elapsed="0.000496"/>
</kw>
<kw name="Insert Row" owner="ExcelSage">
<msg time="2025-07-06T12:37:07.975853" level="INFO">Inserted row at index 14 in sheet 'Sheet'.</msg>
<arg>row_index=${row}</arg>
<arg>row_data=${cols}</arg>
<doc>The ``Insert Row`` keyword inserts a new row at a specified index in an Excel sheet and populates that row with the provided data.
The keyword validates the input and ensures that the row index is within Excel's allowable limits (1 to 1,048,576).</doc>
<status status="PASS" start="2025-07-06T12:37:07.946388" elapsed="0.029699"/>
</kw>
<kw name="Evaluate" owner="BuiltIn">
<msg time="2025-07-06T12:37:07.977244" level="INFO">${row} = 15</msg>
<var>${row}</var>
<arg>${row} + 1</arg>
<doc>Evaluates the given expression in Python and returns the result.</doc>
<status status="PASS" start="2025-07-06T12:37:07.976536" elapsed="0.000858"/>
</kw>
<var name="${rowData}">Canby Funeral Chapel|orccf|Cremation|All|7</var>
<status status="PASS" start="2025-07-06T12:37:07.945348" elapsed="0.032280"/>
</iter>
<var>${rowData}</var>
<value>@{testResults}</value>
<status status="PASS" start="2025-07-06T12:37:07.480822" elapsed="0.497048"/>
</for>
<kw name="Save Workbook" owner="ExcelSage">
<msg time="2025-07-06T12:37:07.992890" level="INFO">Workbook 'Results/results.xlsx' saved successfully!</msg>
<doc>The ``Save Workbook`` keyword saves the currently active workbook. It first checks if there is an active
workbook open, raising a ``WorkbookNotOpenError`` if no workbook is available. If a workbook is open,
the keyword saves it to the file specified, ensuring that any changes made to the workbook are persisted.
This keyword does not return anything, as it simply saves the workbook.</doc>
<status status="PASS" start="2025-07-06T12:37:07.978365" elapsed="0.014765"/>
</kw>
<status status="PASS" start="2025-07-06T12:37:07.393459" elapsed="0.599993"/>
</kw>
<arg>Write Test Results to Excel File</arg>
<doc>Runs a keyword only once after all executions have gone through this step in the last possible moment.
[https://pabot.org/PabotLib.html?ref=log#run-teardown-only-once|Open online docs.]</doc>
<status status="PASS" start="2025-07-06T12:37:06.476328" elapsed="1.517376"/>
</kw>
<status status="PASS" start="2025-07-06T12:34:42.792040" elapsed="145.201867"/>
</suite>
<statistics>
<total>
<stat pass="1" fail="0" skip="0">All Tests</stat>
</total>
<tag>
</tag>
<suite>
<stat name="GuidedSellingFlow" id="s1" pass="1" fail="0" skip="0">GuidedSellingFlow</stat>
</suite>
</statistics>
<errors>
</errors>
</robot>
