<?xml version="1.0" encoding="UTF-8"?>
<robot generator="Robot 7.3.2 (Python 3.13.5 on win32)" generated="2025-07-06T12:34:42.616397" rpa="false" schemaversion="5">
<suite id="s1" name="GuidedSellingFlow" source="D:\Guided-Selling-Automation\Tests\GuidedSellingFlow.robot">
<kw name="Run Setup Only Once" owner="pabot.PabotLib" type="SETUP">
<kw name="Initialize Parallel Result Storage">
<kw name="Set Parallel Value For Key" owner="pabot.PabotLib">
<arg>testResultsGlobal</arg>
<arg>${EMPTY}</arg>
<doc>Set a globally available key and value that can be accessed
from all the pabot processes.
[https://pabot.org/PabotLib.html?ref=log#set-parallel-value-for-key|Open online docs.]</doc>
<status status="PASS" start="2025-07-06T12:34:45.438740" elapsed="0.004966"/>
</kw>
<status status="PASS" start="2025-07-06T12:34:45.437673" elapsed="0.006549"/>
</kw>
<arg>Initialize Parallel Result Storage</arg>
<doc>Runs a keyword only once at the first possible moment when
an execution has gone through this step.
[https://pabot.org/PabotLib.html?ref=log#run-setup-only-once|Open online docs.]</doc>
<status status="PASS" start="2025-07-06T12:34:45.421186" elapsed="0.028019"/>
</kw>
<test id="s1-t1" name="Run GS for orccf" line="72">
<kw name="Begin Web Test" owner="Common" type="SETUP">
<kw name="Open Browser" owner="SeleniumLibrary">
<msg time="2025-07-06T12:34:45.455649" level="INFO">Opening browser 'firefox' to base url 'about:blank'.</msg>
<arg>about:blank</arg>
<arg>firefox</arg>
<doc>Opens a new browser instance to the optional ``url``.</doc>
<status status="PASS" start="2025-07-06T12:34:45.454544" elapsed="9.931085"/>
</kw>
<kw name="Maximize Browser Window" owner="SeleniumLibrary">
<doc>Maximizes current browser window.</doc>
<status status="PASS" start="2025-07-06T12:34:55.386273" elapsed="0.005518"/>
</kw>
<kw name="Set Selenium Timeout" owner="SeleniumLibrary">
<arg>15s</arg>
<doc>Sets the timeout that is used by various keywords.</doc>
<status status="PASS" start="2025-07-06T12:34:55.392343" elapsed="0.004064"/>
</kw>
<status status="PASS" start="2025-07-06T12:34:45.453245" elapsed="9.943590"/>
</kw>
<kw name="Execute Guided Selling Flow for All Combinations">
<kw name="Open Storefront and Accept Cookies">
<kw name="Go To" owner="SeleniumLibrary">
<msg time="2025-07-06T12:34:55.401194" level="INFO">Opening url 'https://storefront:fpg2022@staging.afterall.com'</msg>
<arg>${env}</arg>
<doc>Navigates the current browser window to the provided ``url``.</doc>
<status status="PASS" start="2025-07-06T12:34:55.400682" elapsed="7.953197"/>
</kw>
<kw name="Wait Until Element Is Visible" owner="SeleniumLibrary">
<arg>${rejectCookies}</arg>
<doc>Waits until the element ``locator`` is visible.</doc>
<status status="PASS" start="2025-07-06T12:35:03.354410" elapsed="0.217973"/>
</kw>
<kw name="Click Element" owner="SeleniumLibrary">
<msg time="2025-07-06T12:35:03.573755" level="INFO">Clicking element 'xpath://a[@aria-controls="consent-dialog" and contains(text(), "Accept Without Tracking")]'.</msg>
<arg>${rejectCookies}</arg>
<doc>Click the element identified by ``locator``.</doc>
<status status="PASS" start="2025-07-06T12:35:03.572954" elapsed="0.805748"/>
</kw>
<kw name="Wait Until Element Is Not Visible" owner="SeleniumLibrary">
<arg>${rejectCookies}</arg>
<doc>Waits until the element ``locator`` is not visible.</doc>
<status status="PASS" start="2025-07-06T12:35:04.379257" elapsed="1.084373"/>
</kw>
<status status="PASS" start="2025-07-06T12:34:55.399908" elapsed="10.063940"/>
</kw>
<kw name="Start Guided Selling Until Disposition Step">
<kw name="Go To" owner="SeleniumLibrary">
<msg time="2025-07-06T12:35:05.465480" level="INFO">Opening url 'https://staging.afterall.com/funeral-cremation/oregon/canby/canby-funeral-chapel/orccf.html'</msg>
<arg>${url}</arg>
<doc>Navigates the current browser window to the provided ``url``.</doc>
<status status="PASS" start="2025-07-06T12:35:05.465067" elapsed="6.195568"/>
</kw>
<kw name="Wait Until Element Is Visible" owner="SeleniumLibrary">
<arg>${arrangeOnline}</arg>
<doc>Waits until the element ``locator`` is visible.</doc>
<status status="PASS" start="2025-07-06T12:35:11.661196" elapsed="0.116379"/>
</kw>
<kw name="Click Element" owner="SeleniumLibrary">
<msg time="2025-07-06T12:35:11.778983" level="INFO">Clicking element 'xpath://button[contains(@class, 'b-location_details-btn') and contains(text(), 'Arrange Online')]'.</msg>
<arg>${arrangeOnline}</arg>
<doc>Click the element identified by ``locator``.</doc>
<status status="PASS" start="2025-07-06T12:35:11.778186" elapsed="0.798510"/>
</kw>
<kw name="Wait Until Element Is Visible" owner="SeleniumLibrary">
<arg>${startPlanning}</arg>
<doc>Waits until the element ``locator`` is visible.</doc>
<status status="PASS" start="2025-07-06T12:35:12.577154" elapsed="0.047330"/>
</kw>
<kw name="Click Element" owner="SeleniumLibrary">
<msg time="2025-07-06T12:35:12.625931" level="INFO">Clicking element 'xpath://button[@data-widget-event-click="startPlanning"]'.</msg>
<arg>${startPlanning}</arg>
<doc>Click the element identified by ``locator``.</doc>
<status status="PASS" start="2025-07-06T12:35:12.625072" elapsed="0.386694"/>
</kw>
<kw name="Run Keyword And Return Status" owner="BuiltIn">
<kw name="Wait Until Element Is Visible" owner="SeleniumLibrary">
<msg time="2025-07-06T12:35:16.396496" level="INFO" html="true">&lt;/td&gt;&lt;/tr&gt;&lt;tr&gt;&lt;td colspan="3"&gt;&lt;a href="selenium-screenshot-1.png"&gt;&lt;img src="selenium-screenshot-1.png" width="800px"&gt;&lt;/a&gt;</msg>
<msg time="2025-07-06T12:35:16.396855" level="FAIL">Element 'xpath://h2[@class="b-dialog-title" and normalize-space(text())="Active Plan Found"]' not visible after 3 seconds.</msg>
<arg>${activePlanFoundPopup}</arg>
<arg>timeout=3s</arg>
<doc>Waits until the element ``locator`` is visible.</doc>
<status status="FAIL" start="2025-07-06T12:35:13.013055" elapsed="3.389576">Element 'xpath://h2[@class="b-dialog-title" and normalize-space(text())="Active Plan Found"]' not visible after 3 seconds.</status>
</kw>
<msg time="2025-07-06T12:35:16.403041" level="INFO">${isPopupPresent} = False</msg>
<var>${isPopupPresent}</var>
<arg>Wait Until Element Is Visible</arg>
<arg>${activePlanFoundPopup}</arg>
<arg>timeout=3s</arg>
<doc>Runs the given keyword with given arguments and returns the status as a Boolean value.</doc>
<status status="PASS" start="2025-07-06T12:35:13.012310" elapsed="3.390834"/>
</kw>
<if>
<branch type="IF" condition="'${isPopupPresent}' == 'True'">
<kw name="Click Element" owner="SeleniumLibrary">
<arg>${startNewCTA}</arg>
<doc>Click the element identified by ``locator``.</doc>
<status status="NOT RUN" start="2025-07-06T12:35:16.404130" elapsed="0.000216"/>
</kw>
<status status="NOT RUN" start="2025-07-06T12:35:16.403465" elapsed="0.001075"/>
</branch>
<status status="PASS" start="2025-07-06T12:35:16.403394" elapsed="0.001350"/>
</if>
<kw name="Wait Until Page Contains Element" owner="SeleniumLibrary">
<arg>${immediateNeedRadio}</arg>
<doc>Waits until the element ``locator`` appears on the current page.</doc>
<status status="PASS" start="2025-07-06T12:35:16.405043" elapsed="0.005631"/>
</kw>
<kw name="Click Element" owner="SeleniumLibrary">
<msg time="2025-07-06T12:35:16.411977" level="INFO">Clicking element 'xpath://span[normalize-space(text())="I need to arrange a service now"]'.</msg>
<arg>${immediateNeedRadio}</arg>
<doc>Click the element identified by ``locator``.</doc>
<status status="PASS" start="2025-07-06T12:35:16.411192" elapsed="0.367098"/>
</kw>
<kw name="Wait Until Element Is Visible" owner="SeleniumLibrary">
<arg>${lovedOneDetailsStep}</arg>
<doc>Waits until the element ``locator`` is visible.</doc>
<status status="PASS" start="2025-07-06T12:35:16.779030" elapsed="0.645989"/>
</kw>
<kw name="Wait Until Element Is Visible" owner="SeleniumLibrary">
<arg>${firstNameInput}</arg>
<doc>Waits until the element ``locator`` is visible.</doc>
<status status="PASS" start="2025-07-06T12:35:17.425336" elapsed="0.041516"/>
</kw>
<kw name="Input Text" owner="SeleniumLibrary">
<msg time="2025-07-06T12:35:17.468691" level="INFO">Typing text 'Test' into text field 'xpath://input[@name="dwfrm_guidedSelling_firstName"]'.</msg>
<arg>${firstNameInput}</arg>
<arg>${lovedOneFirstName}</arg>
<doc>Types the given ``text`` into the text field identified by ``locator``.</doc>
<status status="PASS" start="2025-07-06T12:35:17.467373" elapsed="0.174358"/>
</kw>
<kw name="Wait Until Element Is Visible" owner="SeleniumLibrary">
<arg>${lastNameInput}</arg>
<doc>Waits until the element ``locator`` is visible.</doc>
<status status="PASS" start="2025-07-06T12:35:17.642435" elapsed="0.027260"/>
</kw>
<kw name="Input Text" owner="SeleniumLibrary">
<msg time="2025-07-06T12:35:17.671518" level="INFO">Typing text 'Test' into text field 'xpath://input[@name="dwfrm_guidedSelling_lastName"]'.</msg>
<arg>${lastNameInput}</arg>
<arg>${lovedOneLastName}</arg>
<doc>Types the given ``text`` into the text field identified by ``locator``.</doc>
<status status="PASS" start="2025-07-06T12:35:17.670269" elapsed="0.069263"/>
</kw>
<kw name="Wait Until Element Is Visible" owner="SeleniumLibrary">
<arg>${dateOfPassingLabel}</arg>
<doc>Waits until the element ``locator`` is visible.</doc>
<status status="PASS" start="2025-07-06T12:35:17.740092" elapsed="0.037387"/>
</kw>
<kw name="Mouse Down" owner="SeleniumLibrary">
<msg time="2025-07-06T12:35:17.778836" level="INFO">Simulating Mouse Down on element 'xpath://label[@for="dwfrm_guidedSelling_date"]'.</msg>
<arg>${dateOfPassingLabel}</arg>
<doc>Simulates pressing the left mouse button on the element ``locator``.</doc>
<status status="PASS" start="2025-07-06T12:35:17.777995" elapsed="0.380921"/>
</kw>
<kw name="Mouse Up" owner="SeleniumLibrary">
<msg time="2025-07-06T12:35:18.159718" level="INFO">Simulating Mouse Up on element 'xpath://label[@for="dwfrm_guidedSelling_date"]'.</msg>
<arg>${dateOfPassingLabel}</arg>
<doc>Simulates releasing the left mouse button on the element ``locator``.</doc>
<status status="PASS" start="2025-07-06T12:35:18.159233" elapsed="0.346543"/>
</kw>
<kw name="Sleep" owner="BuiltIn">
<msg time="2025-07-06T12:35:19.507010" level="INFO">Slept 1 second.</msg>
<arg>1s</arg>
<doc>Pauses the test executed for the given time.</doc>
<status status="PASS" start="2025-07-06T12:35:18.506150" elapsed="1.001222"/>
</kw>
<kw name="Press Keys" owner="SeleniumLibrary">
<msg time="2025-07-06T12:35:19.509746" level="INFO">Sending key(s) ('07012025',) to xpath://input[@name="dwfrm_guidedSelling_date"] element.</msg>
<msg time="2025-07-06T12:35:19.843500" level="INFO">Sending keys 07012025</msg>
<arg>${dateOfPassingInput}</arg>
<arg>${dateOfPassing}</arg>
<doc>Simulates the user pressing key(s) to an element or on the active browser.</doc>
<status status="PASS" start="2025-07-06T12:35:19.508107" elapsed="0.389913"/>
</kw>
<kw name="Wait Until Element Is Visible" owner="SeleniumLibrary">
<arg>${continueCTA}</arg>
<doc>Waits until the element ``locator`` is visible.</doc>
<status status="PASS" start="2025-07-06T12:35:19.898340" elapsed="0.015741"/>
</kw>
<kw name="Click Element" owner="SeleniumLibrary">
<msg time="2025-07-06T12:35:19.914837" level="INFO">Clicking element 'xpath://button[@type="submit" and @name="dwfrm_guidedSelling_continue"]'.</msg>
<arg>${continueCTA}</arg>
<doc>Click the element identified by ``locator``.</doc>
<status status="PASS" start="2025-07-06T12:35:19.914382" elapsed="0.276910"/>
</kw>
<kw name="Wait Until Element Is Visible" owner="SeleniumLibrary">
<arg>${personalDetailsStep}</arg>
<doc>Waits until the element ``locator`` is visible.</doc>
<status status="PASS" start="2025-07-06T12:35:20.191774" elapsed="0.650864"/>
</kw>
<kw name="Wait Until Element Is Visible" owner="SeleniumLibrary">
<arg>${firstNameInput}</arg>
<doc>Waits until the element ``locator`` is visible.</doc>
<status status="PASS" start="2025-07-06T12:35:20.842944" elapsed="0.020937"/>
</kw>
<kw name="Input Text" owner="SeleniumLibrary">
<msg time="2025-07-06T12:35:20.865402" level="INFO">Typing text 'Test' into text field 'xpath://input[@name="dwfrm_guidedSelling_firstName"]'.</msg>
<arg>${firstNameInput}</arg>
<arg>${ownerFirstName}</arg>
<doc>Types the given ``text`` into the text field identified by ``locator``.</doc>
<status status="PASS" start="2025-07-06T12:35:20.864456" elapsed="0.045371"/>
</kw>
<kw name="Wait Until Element Is Visible" owner="SeleniumLibrary">
<arg>${lastNameInput}</arg>
<doc>Waits until the element ``locator`` is visible.</doc>
<status status="PASS" start="2025-07-06T12:35:20.910251" elapsed="0.020010"/>
</kw>
<kw name="Input Text" owner="SeleniumLibrary">
<msg time="2025-07-06T12:35:20.931096" level="INFO">Typing text 'Test' into text field 'xpath://input[@name="dwfrm_guidedSelling_lastName"]'.</msg>
<arg>${lastNameInput}</arg>
<arg>${ownerLastName}</arg>
<doc>Types the given ``text`` into the text field identified by ``locator``.</doc>
<status status="PASS" start="2025-07-06T12:35:20.930566" elapsed="0.043021"/>
</kw>
<kw name="Wait Until Element Is Visible" owner="SeleniumLibrary">
<arg>${ownerPhoneNumberInput}</arg>
<doc>Waits until the element ``locator`` is visible.</doc>
<status status="PASS" start="2025-07-06T12:35:20.974206" elapsed="0.024965"/>
</kw>
<kw name="Input Text" owner="SeleniumLibrary">
<msg time="2025-07-06T12:35:21.000985" level="INFO">Typing text '+1(987) 654-3210' into text field 'xpath://input[@name="dwfrm_guidedSelling_phone"]'.</msg>
<arg>${ownerPhoneNumberInput}</arg>
<arg>${ownerPhoneNumber}</arg>
<doc>Types the given ``text`` into the text field identified by ``locator``.</doc>
<status status="PASS" start="2025-07-06T12:35:20.999808" elapsed="0.091730"/>
</kw>
<kw name="Wait Until Element Is Visible" owner="SeleniumLibrary">
<arg>${ownerEmailAddressInput}</arg>
<doc>Waits until the element ``locator`` is visible.</doc>
<status status="PASS" start="2025-07-06T12:35:21.091980" elapsed="0.021345"/>
</kw>
<kw name="Input Text" owner="SeleniumLibrary">
<msg time="2025-07-06T12:35:21.114744" level="INFO">Typing text 'd.kaneriya+test@astoundigital.com' into text field 'xpath://input[@name="dwfrm_guidedSelling_email"]'.</msg>
<arg>${ownerEmailAddressInput}</arg>
<arg>${ownerEmailAddress}</arg>
<doc>Types the given ``text`` into the text field identified by ``locator``.</doc>
<status status="PASS" start="2025-07-06T12:35:21.113824" elapsed="0.098311"/>
</kw>
<kw name="Select From List By Label" owner="SeleniumLibrary">
<msg time="2025-07-06T12:35:21.213044" level="INFO">Selecting options from selection list 'xpath://select[@id="dwfrm_guidedSelling_relationship"]' by label Uncle.</msg>
<arg>${ownerRelationShip}</arg>
<arg>${ownerRelationShipValue}</arg>
<doc>Selects options from selection list ``locator`` by ``labels``.</doc>
<status status="PASS" start="2025-07-06T12:35:21.212436" elapsed="0.274253"/>
</kw>
<kw name="Get WebElement" owner="SeleniumLibrary">
<msg time="2025-07-06T12:35:21.495763" level="INFO">${nextStep} = &lt;selenium.webdriver.remote.webelement.WebElement (session="d770a9ce-3490-44cb-be5f-ff0e3208f5c3", element="8c778b1a-a511-459a-842c-20b7ce1c094c")&gt;</msg>
<var>${nextStep}</var>
<arg>${continueCTA}</arg>
<doc>Returns the first WebElement matching the given ``locator``.</doc>
<status status="PASS" start="2025-07-06T12:35:21.487249" elapsed="0.008696"/>
</kw>
<kw name="Execute Javascript" owner="SeleniumLibrary">
<msg time="2025-07-06T12:35:21.497896" level="INFO">Executing JavaScript:
arguments[0].click();
By using argument:
'&lt;selenium.webdriver.remote.webelement.WebElement (session="d770a9ce-3490-44cb-be5f-ff0e3208f5c3", element="8c778b1a-a511-459a-842c-20b7ce1c094c")&gt;'</msg>
<arg>arguments[0].click();</arg>
<arg>ARGUMENTS</arg>
<arg>${nextStep}</arg>
<doc>Executes the given JavaScript code with possible arguments.</doc>
<status status="PASS" start="2025-07-06T12:35:21.496513" elapsed="0.057083"/>
</kw>
<arg>${url}</arg>
<status status="PASS" start="2025-07-06T12:35:05.464348" elapsed="16.089489"/>
</kw>
<kw name="Get Text" owner="SeleniumLibrary">
<msg time="2025-07-06T12:35:21.574528" level="INFO">${location} = Canby Funeral Chapel</msg>
<var>${location}</var>
<arg>${locationName}</arg>
<doc>Returns the text value of the element identified by ``locator``.</doc>
<status status="PASS" start="2025-07-06T12:35:21.554317" elapsed="0.020522"/>
</kw>
<kw name="Fetch All Disposition Options">
<kw name="Wait Until Element Is Visible" owner="SeleniumLibrary">
<arg>${disposition&amp;serviceOptions}</arg>
<doc>Waits until the element ``locator`` is visible.</doc>
<status status="PASS" start="2025-07-06T12:35:21.576503" elapsed="0.849112"/>
</kw>
<kw name="Get WebElements" owner="SeleniumLibrary">
<msg time="2025-07-06T12:35:22.431280" level="INFO">@{options} = [ &lt;selenium.webdriver.remote.webelement.WebElement (session="d770a9ce-3490-44cb-be5f-ff0e3208f5c3", element="5ee9e743-ba96-40d2-b14d-289f66fcd7d1")&gt; | &lt;selenium.webdriver.remote.webelement.WebElement ...</msg>
<var>@{options}</var>
<arg>${disposition&amp;serviceOptions}</arg>
<doc>Returns a list of WebElement objects matching the ``locator``.</doc>
<status status="PASS" start="2025-07-06T12:35:22.425908" elapsed="0.005528"/>
</kw>
<return>
<value>@{options}</value>
<status status="PASS" start="2025-07-06T12:35:22.431771" elapsed="0.000359"/>
</return>
<msg time="2025-07-06T12:35:22.432806" level="INFO">@{dispositionOptions} = [ &lt;selenium.webdriver.remote.webelement.WebElement (session="d770a9ce-3490-44cb-be5f-ff0e3208f5c3", element="5ee9e743-ba96-40d2-b14d-289f66fcd7d1")&gt; | &lt;selenium.webdriver.remote.webelement.WebElement ...</msg>
<var>@{dispositionOptions}</var>
<status status="PASS" start="2025-07-06T12:35:21.575489" elapsed="0.857542"/>
</kw>
<kw name="Get Length" owner="BuiltIn">
<msg time="2025-07-06T12:35:22.434344" level="INFO">Length is 2.</msg>
<msg time="2025-07-06T12:35:22.434717" level="INFO">${dispositionLength} = 2</msg>
<var>${dispositionLength}</var>
<arg>${dispositionOptions}</arg>
<doc>Returns and logs the length of the given item as an integer.</doc>
<status status="PASS" start="2025-07-06T12:35:22.433704" elapsed="0.001166"/>
</kw>
<for flavor="IN RANGE">
<iter>
<kw name="Fetch All Disposition Options">
<kw name="Wait Until Element Is Visible" owner="SeleniumLibrary">
<arg>${disposition&amp;serviceOptions}</arg>
<doc>Waits until the element ``locator`` is visible.</doc>
<status status="PASS" start="2025-07-06T12:35:22.438420" elapsed="0.020555"/>
</kw>
<kw name="Get WebElements" owner="SeleniumLibrary">
<msg time="2025-07-06T12:35:22.463988" level="INFO">@{options} = [ &lt;selenium.webdriver.remote.webelement.WebElement (session="d770a9ce-3490-44cb-be5f-ff0e3208f5c3", element="5ee9e743-ba96-40d2-b14d-289f66fcd7d1")&gt; | &lt;selenium.webdriver.remote.webelement.WebElement ...</msg>
<var>@{options}</var>
<arg>${disposition&amp;serviceOptions}</arg>
<doc>Returns a list of WebElement objects matching the ``locator``.</doc>
<status status="PASS" start="2025-07-06T12:35:22.459293" elapsed="0.004794"/>
</kw>
<return>
<value>@{options}</value>
<status status="PASS" start="2025-07-06T12:35:22.464262" elapsed="0.000204"/>
</return>
<msg time="2025-07-06T12:35:22.464855" level="INFO">@{dispositionOptions} = [ &lt;selenium.webdriver.remote.webelement.WebElement (session="d770a9ce-3490-44cb-be5f-ff0e3208f5c3", element="5ee9e743-ba96-40d2-b14d-289f66fcd7d1")&gt; | &lt;selenium.webdriver.remote.webelement.WebElement ...</msg>
<var>@{dispositionOptions}</var>
<status status="PASS" start="2025-07-06T12:35:22.437523" elapsed="0.027416"/>
</kw>
<kw name="Get From List" owner="Collections">
<msg time="2025-07-06T12:35:22.465853" level="INFO">${disposition} = &lt;selenium.webdriver.remote.webelement.WebElement (session="d770a9ce-3490-44cb-be5f-ff0e3208f5c3", element="5ee9e743-ba96-40d2-b14d-289f66fcd7d1")&gt;</msg>
<var>${disposition}</var>
<arg>${dispositionOptions}</arg>
<arg>${dispIndex}</arg>
<doc>Returns the value specified with an ``index`` from ``list``.</doc>
<status status="PASS" start="2025-07-06T12:35:22.465198" elapsed="0.000812"/>
</kw>
<kw name="Get Text" owner="SeleniumLibrary">
<msg time="2025-07-06T12:35:22.481850" level="INFO">${dispLabel} = Burial</msg>
<var>${dispLabel}</var>
<arg>${disposition}</arg>
<doc>Returns the text value of the element identified by ``locator``.</doc>
<status status="PASS" start="2025-07-06T12:35:22.466549" elapsed="0.015449"/>
</kw>
<kw name="Click Element" owner="SeleniumLibrary">
<msg time="2025-07-06T12:35:22.483607" level="INFO">Clicking element '&lt;selenium.webdriver.remote.webelement.WebElement (session="d770a9ce-3490-44cb-be5f-ff0e3208f5c3", element="5ee9e743-ba96-40d2-b14d-289f66fcd7d1")&gt;'.</msg>
<arg>${disposition}</arg>
<doc>Click the element identified by ``locator``.</doc>
<status status="PASS" start="2025-07-06T12:35:22.482495" elapsed="0.328282"/>
</kw>
<kw name="Click Element" owner="SeleniumLibrary">
<msg time="2025-07-06T12:35:22.813900" level="INFO">Clicking element 'xpath://button[@type="submit" and @name="dwfrm_guidedSelling_continue"]'.</msg>
<arg>${continueCTA}</arg>
<doc>Click the element identified by ``locator``.</doc>
<status status="PASS" start="2025-07-06T12:35:22.811662" elapsed="0.422282"/>
</kw>
<kw name="Fetch All Service Method Options">
<kw name="Wait Until Element Is Visible" owner="SeleniumLibrary">
<arg>${serviceDetailsStep}</arg>
<doc>Waits until the element ``locator`` is visible.</doc>
<status status="PASS" start="2025-07-06T12:35:23.235422" elapsed="0.641817"/>
</kw>
<kw name="Wait Until Element Is Visible" owner="SeleniumLibrary">
<arg>${disposition&amp;serviceOptions}</arg>
<doc>Waits until the element ``locator`` is visible.</doc>
<status status="PASS" start="2025-07-06T12:35:23.877690" elapsed="0.019783"/>
</kw>
<kw name="Get WebElements" owner="SeleniumLibrary">
<msg time="2025-07-06T12:35:23.902617" level="INFO">@{services} = [ &lt;selenium.webdriver.remote.webelement.WebElement (session="d770a9ce-3490-44cb-be5f-ff0e3208f5c3", element="fe575d94-023c-41fd-b2a0-d10f984c5e3c")&gt; | &lt;selenium.webdriver.remote.webelement.WebElement ...</msg>
<var>@{services}</var>
<arg>${disposition&amp;serviceOptions}</arg>
<doc>Returns a list of WebElement objects matching the ``locator``.</doc>
<status status="PASS" start="2025-07-06T12:35:23.897852" elapsed="0.004873"/>
</kw>
<return>
<value>@{services}</value>
<status status="PASS" start="2025-07-06T12:35:23.902877" elapsed="0.000195"/>
</return>
<msg time="2025-07-06T12:35:23.903396" level="INFO">@{serviceOptions} = [ &lt;selenium.webdriver.remote.webelement.WebElement (session="d770a9ce-3490-44cb-be5f-ff0e3208f5c3", element="fe575d94-023c-41fd-b2a0-d10f984c5e3c")&gt; | &lt;selenium.webdriver.remote.webelement.WebElement ...</msg>
<var>@{serviceOptions}</var>
<status status="PASS" start="2025-07-06T12:35:23.234409" elapsed="0.669052"/>
</kw>
<kw name="Get Length" owner="BuiltIn">
<msg time="2025-07-06T12:35:23.903997" level="INFO">Length is 3.</msg>
<msg time="2025-07-06T12:35:23.904134" level="INFO">${serviceLength} = 3</msg>
<var>${serviceLength}</var>
<arg>${serviceOptions}</arg>
<doc>Returns and logs the length of the given item as an integer.</doc>
<status status="PASS" start="2025-07-06T12:35:23.903690" elapsed="0.000496"/>
</kw>
<for flavor="IN RANGE">
<iter>
<if>
<branch type="IF" condition="${serviceIndex} != 0">
<kw name="Fetch All Disposition Options">
<var>@{dispositionOptions}</var>
<status status="NOT RUN" start="2025-07-06T12:35:23.906161" elapsed="0.000171"/>
</kw>
<kw name="Get From List" owner="Collections">
<var>${disposition}</var>
<arg>${dispositionOptions}</arg>
<arg>${dispIndex}</arg>
<doc>Returns the value specified with an ``index`` from ``list``.</doc>
<status status="NOT RUN" start="2025-07-06T12:35:23.906559" elapsed="0.000130"/>
</kw>
<kw name="Get Text" owner="SeleniumLibrary">
<var>${dispLabel}</var>
<arg>${disposition}</arg>
<doc>Returns the text value of the element identified by ``locator``.</doc>
<status status="NOT RUN" start="2025-07-06T12:35:23.906902" elapsed="0.000124"/>
</kw>
<kw name="Click Element" owner="SeleniumLibrary">
<arg>${disposition}</arg>
<doc>Click the element identified by ``locator``.</doc>
<status status="NOT RUN" start="2025-07-06T12:35:23.907235" elapsed="0.000123"/>
</kw>
<kw name="Click Element" owner="SeleniumLibrary">
<arg>${continueCTA}</arg>
<doc>Click the element identified by ``locator``.</doc>
<status status="NOT RUN" start="2025-07-06T12:35:23.907795" elapsed="0.000257"/>
</kw>
<status status="NOT RUN" start="2025-07-06T12:35:23.905683" elapsed="0.002596"/>
</branch>
<status status="PASS" start="2025-07-06T12:35:23.905636" elapsed="0.002837"/>
</if>
<kw name="Fetch All Service Method Options">
<kw name="Wait Until Element Is Visible" owner="SeleniumLibrary">
<arg>${serviceDetailsStep}</arg>
<doc>Waits until the element ``locator`` is visible.</doc>
<status status="PASS" start="2025-07-06T12:35:23.909393" elapsed="0.013457"/>
</kw>
<kw name="Wait Until Element Is Visible" owner="SeleniumLibrary">
<arg>${disposition&amp;serviceOptions}</arg>
<doc>Waits until the element ``locator`` is visible.</doc>
<status status="PASS" start="2025-07-06T12:35:23.923181" elapsed="0.014299"/>
</kw>
<kw name="Get WebElements" owner="SeleniumLibrary">
<msg time="2025-07-06T12:35:23.941378" level="INFO">@{services} = [ &lt;selenium.webdriver.remote.webelement.WebElement (session="d770a9ce-3490-44cb-be5f-ff0e3208f5c3", element="fe575d94-023c-41fd-b2a0-d10f984c5e3c")&gt; | &lt;selenium.webdriver.remote.webelement.WebElement ...</msg>
<var>@{services}</var>
<arg>${disposition&amp;serviceOptions}</arg>
<doc>Returns a list of WebElement objects matching the ``locator``.</doc>
<status status="PASS" start="2025-07-06T12:35:23.937770" elapsed="0.003707"/>
</kw>
<return>
<value>@{services}</value>
<status status="PASS" start="2025-07-06T12:35:23.941640" elapsed="0.000202"/>
</return>
<msg time="2025-07-06T12:35:23.942168" level="INFO">@{serviceOptions} = [ &lt;selenium.webdriver.remote.webelement.WebElement (session="d770a9ce-3490-44cb-be5f-ff0e3208f5c3", element="fe575d94-023c-41fd-b2a0-d10f984c5e3c")&gt; | &lt;selenium.webdriver.remote.webelement.WebElement ...</msg>
<var>@{serviceOptions}</var>
<status status="PASS" start="2025-07-06T12:35:23.908827" elapsed="0.033406"/>
</kw>
<kw name="Get From List" owner="Collections">
<msg time="2025-07-06T12:35:23.942875" level="INFO">${service} = &lt;selenium.webdriver.remote.webelement.WebElement (session="d770a9ce-3490-44cb-be5f-ff0e3208f5c3", element="fe575d94-023c-41fd-b2a0-d10f984c5e3c")&gt;</msg>
<var>${service}</var>
<arg>${serviceOptions}</arg>
<arg>${serviceIndex}</arg>
<doc>Returns the value specified with an ``index`` from ``list``.</doc>
<status status="PASS" start="2025-07-06T12:35:23.942463" elapsed="0.000474"/>
</kw>
<kw name="Get Text" owner="SeleniumLibrary">
<msg time="2025-07-06T12:35:23.955634" level="INFO">${serviceLabel} = A private viewing, service, or celebration at church, funeral home, or other location</msg>
<var>${serviceLabel}</var>
<arg>${service}</arg>
<doc>Returns the text value of the element identified by ``locator``.</doc>
<status status="PASS" start="2025-07-06T12:35:23.943163" elapsed="0.012584"/>
</kw>
<if>
<branch type="IF" condition="'${serviceLabel}' == 'A private viewing, service, or celebration at church, funeral home, or other location'">
<kw name="Set Variable" owner="BuiltIn">
<msg time="2025-07-06T12:35:23.956919" level="INFO">${serviceLabel} = Facilities</msg>
<var>${serviceLabel}</var>
<arg>Facilities</arg>
<doc>Returns the given values which can then be assigned to a variables.</doc>
<status status="PASS" start="2025-07-06T12:35:23.956571" elapsed="0.000408"/>
</kw>
<status status="PASS" start="2025-07-06T12:35:23.956034" elapsed="0.001065"/>
</branch>
<branch type="ELSE IF" condition="'${serviceLabel}' == 'No formal service. Just the Burial selection' or '${serviceLabel}' == 'No formal service. Just the Cremation selection'">
<kw name="Set Variable" owner="BuiltIn">
<var>${serviceLabel}</var>
<arg>No Facilities</arg>
<doc>Returns the given values which can then be assigned to a variables.</doc>
<status status="NOT RUN" start="2025-07-06T12:35:23.957464" elapsed="0.000152"/>
</kw>
<status status="NOT RUN" start="2025-07-06T12:35:23.957205" elapsed="0.000547"/>
</branch>
<branch type="ELSE IF" condition="'${serviceLabel}' == 'I’m not sure yet'">
<kw name="Set Variable" owner="BuiltIn">
<var>${serviceLabel}</var>
<arg>All</arg>
<doc>Returns the given values which can then be assigned to a variables.</doc>
<status status="NOT RUN" start="2025-07-06T12:35:23.958124" elapsed="0.000124"/>
</kw>
<status status="NOT RUN" start="2025-07-06T12:35:23.957873" elapsed="0.000483"/>
</branch>
<status status="PASS" start="2025-07-06T12:35:23.955987" elapsed="0.002472"/>
</if>
<kw name="Get WebElement" owner="SeleniumLibrary">
<msg time="2025-07-06T12:35:23.959076" level="INFO">${service} = &lt;selenium.webdriver.remote.webelement.WebElement (session="d770a9ce-3490-44cb-be5f-ff0e3208f5c3", element="fe575d94-023c-41fd-b2a0-d10f984c5e3c")&gt;</msg>
<var>${service}</var>
<arg>${service}</arg>
<doc>Returns the first WebElement matching the given ``locator``.</doc>
<status status="PASS" start="2025-07-06T12:35:23.958606" elapsed="0.000533"/>
</kw>
<kw name="Execute Javascript" owner="SeleniumLibrary">
<msg time="2025-07-06T12:35:23.960003" level="INFO">Executing JavaScript:
arguments[0].click();
By using argument:
'&lt;selenium.webdriver.remote.webelement.WebElement (session="d770a9ce-3490-44cb-be5f-ff0e3208f5c3", element="fe575d94-023c-41fd-b2a0-d10f984c5e3c")&gt;'</msg>
<arg>arguments[0].click();</arg>
<arg>ARGUMENTS</arg>
<arg>${service}</arg>
<doc>Executes the given JavaScript code with possible arguments.</doc>
<status status="PASS" start="2025-07-06T12:35:23.959355" elapsed="0.042123"/>
</kw>
<kw name="Get Package Count for Current Selection">
<kw name="Wait Until Element Is Visible" owner="SeleniumLibrary">
<arg>${packageOptions}</arg>
<doc>Waits until the element ``locator`` is visible.</doc>
<status status="PASS" start="2025-07-06T12:35:24.004087" elapsed="2.872190"/>
</kw>
<kw name="Get WebElements" owner="SeleniumLibrary">
<msg time="2025-07-06T12:35:26.887140" level="INFO">${packages} = [&lt;selenium.webdriver.remote.webelement.WebElement (session="d770a9ce-3490-44cb-be5f-ff0e3208f5c3", element="db3fa117-058c-46c4-9568-18cd99e7202d")&gt;, &lt;selenium.webdriver.remote.webelement.WebElement (s...</msg>
<var>${packages}</var>
<arg>${packageOptions}</arg>
<doc>Returns a list of WebElement objects matching the ``locator``.</doc>
<status status="PASS" start="2025-07-06T12:35:26.876835" elapsed="0.010467"/>
</kw>
<kw name="Get Length" owner="BuiltIn">
<msg time="2025-07-06T12:35:26.888611" level="INFO">Length is 4.</msg>
<msg time="2025-07-06T12:35:26.888952" level="INFO">${count} = 4</msg>
<var>${count}</var>
<arg>${packages}</arg>
<doc>Returns and logs the length of the given item as an integer.</doc>
<status status="PASS" start="2025-07-06T12:35:26.887836" elapsed="0.001262"/>
</kw>
<return>
<value>${count}</value>
<status status="PASS" start="2025-07-06T12:35:26.889424" elapsed="0.000406"/>
</return>
<msg time="2025-07-06T12:35:26.890496" level="INFO">${packageCount} = 4</msg>
<var>${packageCount}</var>
<status status="PASS" start="2025-07-06T12:35:24.002729" elapsed="2.887904"/>
</kw>
<kw name="Log" owner="BuiltIn">
<msg time="2025-07-06T12:35:26.892681" level="INFO">Package Combination - Location: Canby Funeral Chapel | orccf | Disposition: Burial | Service: Facilities | Packages: 4</msg>
<arg>Package Combination - Location: ${location} | ${locationId} | Disposition: ${dispLabel} | Service: ${serviceLabel} | Packages: ${packageCount}</arg>
<doc>Logs the given message with the given level.</doc>
<status status="PASS" start="2025-07-06T12:35:26.891128" elapsed="0.001799"/>
</kw>
<kw name="Log To Console" owner="BuiltIn">
<arg>Package Combination - Location: ${location} | ${locationId} | Disposition: ${dispLabel} | Service: ${serviceLabel} | Packages: ${packageCount}</arg>
<doc>Logs the given message to the console.</doc>
<status status="PASS" start="2025-07-06T12:35:26.893471" elapsed="0.001215"/>
</kw>
<kw name="Catenate" owner="BuiltIn">
<msg time="2025-07-06T12:35:26.896337" level="INFO">${dataRow} = Canby Funeral Chapel|orccf|Burial|Facilities|4</msg>
<var>${dataRow}</var>
<arg>SEPARATOR=|</arg>
<arg>${location}</arg>
<arg>${locationId}</arg>
<arg>${dispLabel}</arg>
<arg>${serviceLabel}</arg>
<arg>${packageCount}</arg>
<doc>Catenates the given items together and returns the resulted string.</doc>
<status status="PASS" start="2025-07-06T12:35:26.895327" elapsed="0.001129"/>
</kw>
<kw name="Acquire Lock" owner="pabot.PabotLib">
<arg>result</arg>
<doc>Wait for a lock with name.
[https://pabot.org/PabotLib.html?ref=log#acquire-lock|Open online docs.]</doc>
<status status="PASS" start="2025-07-06T12:35:26.896913" elapsed="0.003096"/>
</kw>
<kw name="Get Parallel Value For Key" owner="pabot.PabotLib">
<msg time="2025-07-06T12:35:26.903750" level="INFO">${existing} = </msg>
<var>${existing}</var>
<arg>testResultsGlobal</arg>
<doc>Get the value for a key. If there is no value for the key then empty
string is returned.
[https://pabot.org/PabotLib.html?ref=log#get-parallel-value-for-key|Open online docs.]</doc>
<status status="PASS" start="2025-07-06T12:35:26.900553" elapsed="0.003345"/>
</kw>
<if>
<branch type="IF" condition="$existing == 'NONE'">
<kw name="Set Variable" owner="BuiltIn">
<var>${existing}</var>
<arg>${dataRow}</arg>
<doc>Returns the given values which can then be assigned to a variables.</doc>
<status status="NOT RUN" start="2025-07-06T12:35:26.905137" elapsed="0.000294"/>
</kw>
<status status="NOT RUN" start="2025-07-06T12:35:26.904297" elapsed="0.001448"/>
</branch>
<branch type="ELSE">
<kw name="Catenate" owner="BuiltIn">
<msg time="2025-07-06T12:35:26.908023" level="INFO">${existing} = 
Canby Funeral Chapel|orccf|Burial|Facilities|4</msg>
<var>${existing}</var>
<arg>SEPARATOR=\n</arg>
<arg>${existing}</arg>
<arg>${dataRow}</arg>
<doc>Catenates the given items together and returns the resulted string.</doc>
<status status="PASS" start="2025-07-06T12:35:26.906814" elapsed="0.001384"/>
</kw>
<status status="PASS" start="2025-07-06T12:35:26.905994" elapsed="0.002519"/>
</branch>
<status status="PASS" start="2025-07-06T12:35:26.904221" elapsed="0.004506"/>
</if>
<kw name="Set Parallel Value For Key" owner="pabot.PabotLib">
<arg>testResultsGlobal</arg>
<arg>${existing}</arg>
<doc>Set a globally available key and value that can be accessed
from all the pabot processes.
[https://pabot.org/PabotLib.html?ref=log#set-parallel-value-for-key|Open online docs.]</doc>
<status status="PASS" start="2025-07-06T12:35:26.909106" elapsed="0.003373"/>
</kw>
<kw name="Release Lock" owner="pabot.PabotLib">
<arg>result</arg>
<doc>Release a lock with name.
[https://pabot.org/PabotLib.html?ref=log#release-lock|Open online docs.]</doc>
<status status="PASS" start="2025-07-06T12:35:26.913099" elapsed="0.002984"/>
</kw>
<kw name="Evaluate" owner="BuiltIn">
<msg time="2025-07-06T12:35:26.918755" level="INFO">${isLastService} = False</msg>
<var>${isLastService}</var>
<arg>${serviceIndex} == ${serviceLength}-1</arg>
<doc>Evaluates the given expression in Python and returns the result.</doc>
<status status="PASS" start="2025-07-06T12:35:26.916787" elapsed="0.002247"/>
</kw>
<kw name="Evaluate" owner="BuiltIn">
<msg time="2025-07-06T12:35:26.922514" level="INFO">${isLastDisposition} = False</msg>
<var>${isLastDisposition}</var>
<arg>${dispIndex} == ${dispositionLength}-1</arg>
<doc>Evaluates the given expression in Python and returns the result.</doc>
<status status="PASS" start="2025-07-06T12:35:26.920562" elapsed="0.002263"/>
</kw>
<if>
<branch type="IF" condition="not (${isLastService} and ${isLastDisposition})">
<kw name="Start Guided Selling Until Disposition Step">
<kw name="Go To" owner="SeleniumLibrary">
<msg time="2025-07-06T12:35:26.930179" level="INFO">Opening url 'https://staging.afterall.com/funeral-cremation/oregon/canby/canby-funeral-chapel/orccf.html'</msg>
<arg>${url}</arg>
<doc>Navigates the current browser window to the provided ``url``.</doc>
<status status="PASS" start="2025-07-06T12:35:26.929421" elapsed="5.525881"/>
</kw>
<kw name="Wait Until Element Is Visible" owner="SeleniumLibrary">
<arg>${arrangeOnline}</arg>
<doc>Waits until the element ``locator`` is visible.</doc>
<status status="PASS" start="2025-07-06T12:35:32.455818" elapsed="0.203272"/>
</kw>
<kw name="Click Element" owner="SeleniumLibrary">
<msg time="2025-07-06T12:35:32.660426" level="INFO">Clicking element 'xpath://button[contains(@class, 'b-location_details-btn') and contains(text(), 'Arrange Online')]'.</msg>
<arg>${arrangeOnline}</arg>
<doc>Click the element identified by ``locator``.</doc>
<status status="PASS" start="2025-07-06T12:35:32.659658" elapsed="0.842359"/>
</kw>
<kw name="Wait Until Element Is Visible" owner="SeleniumLibrary">
<arg>${startPlanning}</arg>
<doc>Waits until the element ``locator`` is visible.</doc>
<status status="PASS" start="2025-07-06T12:35:33.502524" elapsed="0.243294"/>
</kw>
<kw name="Click Element" owner="SeleniumLibrary">
<msg time="2025-07-06T12:35:33.747008" level="INFO">Clicking element 'xpath://button[@data-widget-event-click="startPlanning"]'.</msg>
<arg>${startPlanning}</arg>
<doc>Click the element identified by ``locator``.</doc>
<status status="PASS" start="2025-07-06T12:35:33.746268" elapsed="0.473674"/>
</kw>
<kw name="Run Keyword And Return Status" owner="BuiltIn">
<kw name="Wait Until Element Is Visible" owner="SeleniumLibrary">
<arg>${activePlanFoundPopup}</arg>
<arg>timeout=3s</arg>
<doc>Waits until the element ``locator`` is visible.</doc>
<status status="PASS" start="2025-07-06T12:35:34.221414" elapsed="0.246740"/>
</kw>
<msg time="2025-07-06T12:35:34.468674" level="INFO">${isPopupPresent} = True</msg>
<var>${isPopupPresent}</var>
<arg>Wait Until Element Is Visible</arg>
<arg>${activePlanFoundPopup}</arg>
<arg>timeout=3s</arg>
<doc>Runs the given keyword with given arguments and returns the status as a Boolean value.</doc>
<status status="PASS" start="2025-07-06T12:35:34.220612" elapsed="0.248187"/>
</kw>
<if>
<branch type="IF" condition="'${isPopupPresent}' == 'True'">
<kw name="Click Element" owner="SeleniumLibrary">
<msg time="2025-07-06T12:35:34.471887" level="INFO">Clicking element 'xpath://button[normalize-space(text())="Start New"]'.</msg>
<arg>${startNewCTA}</arg>
<doc>Click the element identified by ``locator``.</doc>
<status status="PASS" start="2025-07-06T12:35:34.470270" elapsed="0.375292"/>
</kw>
<status status="PASS" start="2025-07-06T12:35:34.469228" elapsed="0.376752"/>
</branch>
<status status="PASS" start="2025-07-06T12:35:34.469135" elapsed="0.377120"/>
</if>
<kw name="Wait Until Page Contains Element" owner="SeleniumLibrary">
<arg>${immediateNeedRadio}</arg>
<doc>Waits until the element ``locator`` appears on the current page.</doc>
<status status="PASS" start="2025-07-06T12:35:34.846750" elapsed="0.839254"/>
</kw>
<kw name="Click Element" owner="SeleniumLibrary">
<msg time="2025-07-06T12:35:35.687361" level="INFO">Clicking element 'xpath://span[normalize-space(text())="I need to arrange a service now"]'.</msg>
<arg>${immediateNeedRadio}</arg>
<doc>Click the element identified by ``locator``.</doc>
<status status="PASS" start="2025-07-06T12:35:35.686508" elapsed="0.287617"/>
</kw>
<kw name="Wait Until Element Is Visible" owner="SeleniumLibrary">
<arg>${lovedOneDetailsStep}</arg>
<doc>Waits until the element ``locator`` is visible.</doc>
<status status="PASS" start="2025-07-06T12:35:35.974867" elapsed="0.636174"/>
</kw>
<kw name="Wait Until Element Is Visible" owner="SeleniumLibrary">
<arg>${firstNameInput}</arg>
<doc>Waits until the element ``locator`` is visible.</doc>
<status status="PASS" start="2025-07-06T12:35:36.611392" elapsed="0.013449"/>
</kw>
<kw name="Input Text" owner="SeleniumLibrary">
<msg time="2025-07-06T12:35:36.625612" level="INFO">Typing text 'Test' into text field 'xpath://input[@name="dwfrm_guidedSelling_firstName"]'.</msg>
<arg>${firstNameInput}</arg>
<arg>${lovedOneFirstName}</arg>
<doc>Types the given ``text`` into the text field identified by ``locator``.</doc>
<status status="PASS" start="2025-07-06T12:35:36.625129" elapsed="0.051036"/>
</kw>
<kw name="Wait Until Element Is Visible" owner="SeleniumLibrary">
<arg>${lastNameInput}</arg>
<doc>Waits until the element ``locator`` is visible.</doc>
<status status="PASS" start="2025-07-06T12:35:36.676758" elapsed="0.017003"/>
</kw>
<kw name="Input Text" owner="SeleniumLibrary">
<msg time="2025-07-06T12:35:36.695192" level="INFO">Typing text 'Test' into text field 'xpath://input[@name="dwfrm_guidedSelling_lastName"]'.</msg>
<arg>${lastNameInput}</arg>
<arg>${lovedOneLastName}</arg>
<doc>Types the given ``text`` into the text field identified by ``locator``.</doc>
<status status="PASS" start="2025-07-06T12:35:36.694305" elapsed="0.035668"/>
</kw>
<kw name="Wait Until Element Is Visible" owner="SeleniumLibrary">
<arg>${dateOfPassingLabel}</arg>
<doc>Waits until the element ``locator`` is visible.</doc>
<status status="PASS" start="2025-07-06T12:35:36.730553" elapsed="0.019302"/>
</kw>
<kw name="Mouse Down" owner="SeleniumLibrary">
<msg time="2025-07-06T12:35:36.750603" level="INFO">Simulating Mouse Down on element 'xpath://label[@for="dwfrm_guidedSelling_date"]'.</msg>
<arg>${dateOfPassingLabel}</arg>
<doc>Simulates pressing the left mouse button on the element ``locator``.</doc>
<status status="PASS" start="2025-07-06T12:35:36.750146" elapsed="0.269152"/>
</kw>
<kw name="Mouse Up" owner="SeleniumLibrary">
<msg time="2025-07-06T12:35:37.020039" level="INFO">Simulating Mouse Up on element 'xpath://label[@for="dwfrm_guidedSelling_date"]'.</msg>
<arg>${dateOfPassingLabel}</arg>
<doc>Simulates releasing the left mouse button on the element ``locator``.</doc>
<status status="PASS" start="2025-07-06T12:35:37.019582" elapsed="0.306095"/>
</kw>
<kw name="Sleep" owner="BuiltIn">
<msg time="2025-07-06T12:35:38.327142" level="INFO">Slept 1 second.</msg>
<arg>1s</arg>
<doc>Pauses the test executed for the given time.</doc>
<status status="PASS" start="2025-07-06T12:35:37.326212" elapsed="1.001102"/>
</kw>
<kw name="Press Keys" owner="SeleniumLibrary">
<msg time="2025-07-06T12:35:38.328419" level="INFO">Sending key(s) ('07012025',) to xpath://input[@name="dwfrm_guidedSelling_date"] element.</msg>
<msg time="2025-07-06T12:35:38.695942" level="INFO">Sending keys 07012025</msg>
<arg>${dateOfPassingInput}</arg>
<arg>${dateOfPassing}</arg>
<doc>Simulates the user pressing key(s) to an element or on the active browser.</doc>
<status status="PASS" start="2025-07-06T12:35:38.327629" elapsed="0.438055"/>
</kw>
<kw name="Wait Until Element Is Visible" owner="SeleniumLibrary">
<arg>${continueCTA}</arg>
<doc>Waits until the element ``locator`` is visible.</doc>
<status status="PASS" start="2025-07-06T12:35:38.766154" elapsed="0.017934"/>
</kw>
<kw name="Click Element" owner="SeleniumLibrary">
<msg time="2025-07-06T12:35:38.785270" level="INFO">Clicking element 'xpath://button[@type="submit" and @name="dwfrm_guidedSelling_continue"]'.</msg>
<arg>${continueCTA}</arg>
<doc>Click the element identified by ``locator``.</doc>
<status status="PASS" start="2025-07-06T12:35:38.784555" elapsed="0.259236"/>
</kw>
<kw name="Wait Until Element Is Visible" owner="SeleniumLibrary">
<arg>${personalDetailsStep}</arg>
<doc>Waits until the element ``locator`` is visible.</doc>
<status status="PASS" start="2025-07-06T12:35:39.044283" elapsed="0.651881"/>
</kw>
<kw name="Wait Until Element Is Visible" owner="SeleniumLibrary">
<arg>${firstNameInput}</arg>
<doc>Waits until the element ``locator`` is visible.</doc>
<status status="PASS" start="2025-07-06T12:35:39.696630" elapsed="0.017057"/>
</kw>
<kw name="Input Text" owner="SeleniumLibrary">
<msg time="2025-07-06T12:35:39.714453" level="INFO">Typing text 'Test' into text field 'xpath://input[@name="dwfrm_guidedSelling_firstName"]'.</msg>
<arg>${firstNameInput}</arg>
<arg>${ownerFirstName}</arg>
<doc>Types the given ``text`` into the text field identified by ``locator``.</doc>
<status status="PASS" start="2025-07-06T12:35:39.713977" elapsed="0.038628"/>
</kw>
<kw name="Wait Until Element Is Visible" owner="SeleniumLibrary">
<arg>${lastNameInput}</arg>
<doc>Waits until the element ``locator`` is visible.</doc>
<status status="PASS" start="2025-07-06T12:35:39.752990" elapsed="0.017512"/>
</kw>
<kw name="Input Text" owner="SeleniumLibrary">
<msg time="2025-07-06T12:35:39.771617" level="INFO">Typing text 'Test' into text field 'xpath://input[@name="dwfrm_guidedSelling_lastName"]'.</msg>
<arg>${lastNameInput}</arg>
<arg>${ownerLastName}</arg>
<doc>Types the given ``text`` into the text field identified by ``locator``.</doc>
<status status="PASS" start="2025-07-06T12:35:39.771075" elapsed="0.032729"/>
</kw>
<kw name="Wait Until Element Is Visible" owner="SeleniumLibrary">
<arg>${ownerPhoneNumberInput}</arg>
<doc>Waits until the element ``locator`` is visible.</doc>
<status status="PASS" start="2025-07-06T12:35:39.804095" elapsed="0.017529"/>
</kw>
<kw name="Input Text" owner="SeleniumLibrary">
<msg time="2025-07-06T12:35:39.822844" level="INFO">Typing text '+1(987) 654-3210' into text field 'xpath://input[@name="dwfrm_guidedSelling_phone"]'.</msg>
<arg>${ownerPhoneNumberInput}</arg>
<arg>${ownerPhoneNumber}</arg>
<doc>Types the given ``text`` into the text field identified by ``locator``.</doc>
<status status="PASS" start="2025-07-06T12:35:39.821927" elapsed="0.054965"/>
</kw>
<kw name="Wait Until Element Is Visible" owner="SeleniumLibrary">
<arg>${ownerEmailAddressInput}</arg>
<doc>Waits until the element ``locator`` is visible.</doc>
<status status="PASS" start="2025-07-06T12:35:39.877419" elapsed="0.013758"/>
</kw>
<kw name="Input Text" owner="SeleniumLibrary">
<msg time="2025-07-06T12:35:39.891963" level="INFO">Typing text 'd.kaneriya+test@astoundigital.com' into text field 'xpath://input[@name="dwfrm_guidedSelling_email"]'.</msg>
<arg>${ownerEmailAddressInput}</arg>
<arg>${ownerEmailAddress}</arg>
<doc>Types the given ``text`` into the text field identified by ``locator``.</doc>
<status status="PASS" start="2025-07-06T12:35:39.891481" elapsed="0.090882"/>
</kw>
<kw name="Select From List By Label" owner="SeleniumLibrary">
<msg time="2025-07-06T12:35:39.983300" level="INFO">Selecting options from selection list 'xpath://select[@id="dwfrm_guidedSelling_relationship"]' by label Uncle.</msg>
<arg>${ownerRelationShip}</arg>
<arg>${ownerRelationShipValue}</arg>
<doc>Selects options from selection list ``locator`` by ``labels``.</doc>
<status status="PASS" start="2025-07-06T12:35:39.982751" elapsed="0.249884"/>
</kw>
<kw name="Get WebElement" owner="SeleniumLibrary">
<msg time="2025-07-06T12:35:40.239078" level="INFO">${nextStep} = &lt;selenium.webdriver.remote.webelement.WebElement (session="d770a9ce-3490-44cb-be5f-ff0e3208f5c3", element="9e36a65c-9477-4f1a-a6bf-e72abe8b7584")&gt;</msg>
<var>${nextStep}</var>
<arg>${continueCTA}</arg>
<doc>Returns the first WebElement matching the given ``locator``.</doc>
<status status="PASS" start="2025-07-06T12:35:40.232997" elapsed="0.006242"/>
</kw>
<kw name="Execute Javascript" owner="SeleniumLibrary">
<msg time="2025-07-06T12:35:40.241032" level="INFO">Executing JavaScript:
arguments[0].click();
By using argument:
'&lt;selenium.webdriver.remote.webelement.WebElement (session="d770a9ce-3490-44cb-be5f-ff0e3208f5c3", element="9e36a65c-9477-4f1a-a6bf-e72abe8b7584")&gt;'</msg>
<arg>arguments[0].click();</arg>
<arg>ARGUMENTS</arg>
<arg>${nextStep}</arg>
<doc>Executes the given JavaScript code with possible arguments.</doc>
<status status="PASS" start="2025-07-06T12:35:40.239781" elapsed="0.058871"/>
</kw>
<arg>${url}</arg>
<status status="PASS" start="2025-07-06T12:35:26.927073" elapsed="13.371973"/>
</kw>
<status status="PASS" start="2025-07-06T12:35:26.923516" elapsed="13.375755"/>
</branch>
<status status="PASS" start="2025-07-06T12:35:26.923437" elapsed="13.376057"/>
</if>
<var name="${serviceIndex}">0</var>
<status status="PASS" start="2025-07-06T12:35:23.905433" elapsed="16.394155"/>
</iter>
<iter>
<if>
<branch type="IF" condition="${serviceIndex} != 0">
<kw name="Fetch All Disposition Options">
<kw name="Wait Until Element Is Visible" owner="SeleniumLibrary">
<arg>${disposition&amp;serviceOptions}</arg>
<doc>Waits until the element ``locator`` is visible.</doc>
<status status="PASS" start="2025-07-06T12:35:40.302443" elapsed="0.851208"/>
</kw>
<kw name="Get WebElements" owner="SeleniumLibrary">
<msg time="2025-07-06T12:35:41.160600" level="INFO">@{options} = [ &lt;selenium.webdriver.remote.webelement.WebElement (session="d770a9ce-3490-44cb-be5f-ff0e3208f5c3", element="d9e3ed42-376d-4bd9-9261-0fa47e1df890")&gt; | &lt;selenium.webdriver.remote.webelement.WebElement ...</msg>
<var>@{options}</var>
<arg>${disposition&amp;serviceOptions}</arg>
<doc>Returns a list of WebElement objects matching the ``locator``.</doc>
<status status="PASS" start="2025-07-06T12:35:41.154156" elapsed="0.006614"/>
</kw>
<return>
<value>@{options}</value>
<status status="PASS" start="2025-07-06T12:35:41.161067" elapsed="0.000441"/>
</return>
<msg time="2025-07-06T12:35:41.162270" level="INFO">@{dispositionOptions} = [ &lt;selenium.webdriver.remote.webelement.WebElement (session="d770a9ce-3490-44cb-be5f-ff0e3208f5c3", element="d9e3ed42-376d-4bd9-9261-0fa47e1df890")&gt; | &lt;selenium.webdriver.remote.webelement.WebElement ...</msg>
<var>@{dispositionOptions}</var>
<status status="PASS" start="2025-07-06T12:35:40.301695" elapsed="0.860748"/>
</kw>
<kw name="Get From List" owner="Collections">
<msg time="2025-07-06T12:35:41.163975" level="INFO">${disposition} = &lt;selenium.webdriver.remote.webelement.WebElement (session="d770a9ce-3490-44cb-be5f-ff0e3208f5c3", element="d9e3ed42-376d-4bd9-9261-0fa47e1df890")&gt;</msg>
<var>${disposition}</var>
<arg>${dispositionOptions}</arg>
<arg>${dispIndex}</arg>
<doc>Returns the value specified with an ``index`` from ``list``.</doc>
<status status="PASS" start="2025-07-06T12:35:41.163029" elapsed="0.001099"/>
</kw>
<kw name="Get Text" owner="SeleniumLibrary">
<msg time="2025-07-06T12:35:41.183269" level="INFO">${dispLabel} = Burial</msg>
<var>${dispLabel}</var>
<arg>${disposition}</arg>
<doc>Returns the text value of the element identified by ``locator``.</doc>
<status status="PASS" start="2025-07-06T12:35:41.164670" elapsed="0.018743"/>
</kw>
<kw name="Click Element" owner="SeleniumLibrary">
<msg time="2025-07-06T12:35:41.184699" level="INFO">Clicking element '&lt;selenium.webdriver.remote.webelement.WebElement (session="d770a9ce-3490-44cb-be5f-ff0e3208f5c3", element="d9e3ed42-376d-4bd9-9261-0fa47e1df890")&gt;'.</msg>
<arg>${disposition}</arg>
<doc>Click the element identified by ``locator``.</doc>
<status status="PASS" start="2025-07-06T12:35:41.183916" elapsed="0.262863"/>
</kw>
<kw name="Click Element" owner="SeleniumLibrary">
<msg time="2025-07-06T12:35:41.448086" level="INFO">Clicking element 'xpath://button[@type="submit" and @name="dwfrm_guidedSelling_continue"]'.</msg>
<arg>${continueCTA}</arg>
<doc>Click the element identified by ``locator``.</doc>
<status status="PASS" start="2025-07-06T12:35:41.447288" elapsed="0.261576"/>
</kw>
<status status="PASS" start="2025-07-06T12:35:40.301100" elapsed="1.407930"/>
</branch>
<status status="PASS" start="2025-07-06T12:35:40.301054" elapsed="1.408107"/>
</if>
<kw name="Fetch All Service Method Options">
<kw name="Wait Until Element Is Visible" owner="SeleniumLibrary">
<arg>${serviceDetailsStep}</arg>
<doc>Waits until the element ``locator`` is visible.</doc>
<status status="PASS" start="2025-07-06T12:35:41.710804" elapsed="0.652323"/>
</kw>
<kw name="Wait Until Element Is Visible" owner="SeleniumLibrary">
<arg>${disposition&amp;serviceOptions}</arg>
<doc>Waits until the element ``locator`` is visible.</doc>
<status status="PASS" start="2025-07-06T12:35:42.363737" elapsed="0.027737"/>
</kw>
<kw name="Get WebElements" owner="SeleniumLibrary">
<msg time="2025-07-06T12:35:42.396933" level="INFO">@{services} = [ &lt;selenium.webdriver.remote.webelement.WebElement (session="d770a9ce-3490-44cb-be5f-ff0e3208f5c3", element="0a52448c-5e17-49dc-a127-7ffd5faf6b18")&gt; | &lt;selenium.webdriver.remote.webelement.WebElement ...</msg>
<var>@{services}</var>
<arg>${disposition&amp;serviceOptions}</arg>
<doc>Returns a list of WebElement objects matching the ``locator``.</doc>
<status status="PASS" start="2025-07-06T12:35:42.391819" elapsed="0.005296"/>
</kw>
<return>
<value>@{services}</value>
<status status="PASS" start="2025-07-06T12:35:42.397491" elapsed="0.000412"/>
</return>
<msg time="2025-07-06T12:35:42.398645" level="INFO">@{serviceOptions} = [ &lt;selenium.webdriver.remote.webelement.WebElement (session="d770a9ce-3490-44cb-be5f-ff0e3208f5c3", element="0a52448c-5e17-49dc-a127-7ffd5faf6b18")&gt; | &lt;selenium.webdriver.remote.webelement.WebElement ...</msg>
<var>@{serviceOptions}</var>
<status status="PASS" start="2025-07-06T12:35:41.709448" elapsed="0.689322"/>
</kw>
<kw name="Get From List" owner="Collections">
<msg time="2025-07-06T12:35:42.400408" level="INFO">${service} = &lt;selenium.webdriver.remote.webelement.WebElement (session="d770a9ce-3490-44cb-be5f-ff0e3208f5c3", element="146e0b99-34ca-46ad-8f2b-bd029cdedb09")&gt;</msg>
<var>${service}</var>
<arg>${serviceOptions}</arg>
<arg>${serviceIndex}</arg>
<doc>Returns the value specified with an ``index`` from ``list``.</doc>
<status status="PASS" start="2025-07-06T12:35:42.399356" elapsed="0.001251"/>
</kw>
<kw name="Get Text" owner="SeleniumLibrary">
<msg time="2025-07-06T12:35:42.416470" level="INFO">${serviceLabel} = No formal service. Just the Burial selection</msg>
<var>${serviceLabel}</var>
<arg>${service}</arg>
<doc>Returns the text value of the element identified by ``locator``.</doc>
<status status="PASS" start="2025-07-06T12:35:42.401335" elapsed="0.015270"/>
</kw>
<if>
<branch type="IF" condition="'${serviceLabel}' == 'A private viewing, service, or celebration at church, funeral home, or other location'">
<kw name="Set Variable" owner="BuiltIn">
<var>${serviceLabel}</var>
<arg>Facilities</arg>
<doc>Returns the given values which can then be assigned to a variables.</doc>
<status status="NOT RUN" start="2025-07-06T12:35:42.417482" elapsed="0.000142"/>
</kw>
<status status="NOT RUN" start="2025-07-06T12:35:42.416973" elapsed="0.000784"/>
</branch>
<branch type="ELSE IF" condition="'${serviceLabel}' == 'No formal service. Just the Burial selection' or '${serviceLabel}' == 'No formal service. Just the Cremation selection'">
<kw name="Set Variable" owner="BuiltIn">
<msg time="2025-07-06T12:35:42.418668" level="INFO">${serviceLabel} = No Facilities</msg>
<var>${serviceLabel}</var>
<arg>No Facilities</arg>
<doc>Returns the given values which can then be assigned to a variables.</doc>
<status status="PASS" start="2025-07-06T12:35:42.418314" elapsed="0.000420"/>
</kw>
<status status="PASS" start="2025-07-06T12:35:42.417859" elapsed="0.001003"/>
</branch>
<branch type="ELSE IF" condition="'${serviceLabel}' == 'I’m not sure yet'">
<kw name="Set Variable" owner="BuiltIn">
<var>${serviceLabel}</var>
<arg>All</arg>
<doc>Returns the given values which can then be assigned to a variables.</doc>
<status status="NOT RUN" start="2025-07-06T12:35:42.419291" elapsed="0.000136"/>
</kw>
<status status="NOT RUN" start="2025-07-06T12:35:42.418975" elapsed="0.000562"/>
</branch>
<status status="PASS" start="2025-07-06T12:35:42.416922" elapsed="0.002711"/>
</if>
<kw name="Get WebElement" owner="SeleniumLibrary">
<msg time="2025-07-06T12:35:42.420254" level="INFO">${service} = &lt;selenium.webdriver.remote.webelement.WebElement (session="d770a9ce-3490-44cb-be5f-ff0e3208f5c3", element="146e0b99-34ca-46ad-8f2b-bd029cdedb09")&gt;</msg>
<var>${service}</var>
<arg>${service}</arg>
<doc>Returns the first WebElement matching the given ``locator``.</doc>
<status status="PASS" start="2025-07-06T12:35:42.419784" elapsed="0.000547"/>
</kw>
<kw name="Execute Javascript" owner="SeleniumLibrary">
<msg time="2025-07-06T12:35:42.421229" level="INFO">Executing JavaScript:
arguments[0].click();
By using argument:
'&lt;selenium.webdriver.remote.webelement.WebElement (session="d770a9ce-3490-44cb-be5f-ff0e3208f5c3", element="146e0b99-34ca-46ad-8f2b-bd029cdedb09")&gt;'</msg>
<arg>arguments[0].click();</arg>
<arg>ARGUMENTS</arg>
<arg>${service}</arg>
<doc>Executes the given JavaScript code with possible arguments.</doc>
<status status="PASS" start="2025-07-06T12:35:42.420578" elapsed="0.030233"/>
</kw>
<kw name="Get Package Count for Current Selection">
<kw name="Wait Until Element Is Visible" owner="SeleniumLibrary">
<arg>${packageOptions}</arg>
<doc>Waits until the element ``locator`` is visible.</doc>
<status status="PASS" start="2025-07-06T12:35:42.452085" elapsed="3.937255"/>
</kw>
<kw name="Get WebElements" owner="SeleniumLibrary">
<msg time="2025-07-06T12:35:46.399967" level="INFO">${packages} = [&lt;selenium.webdriver.remote.webelement.WebElement (session="d770a9ce-3490-44cb-be5f-ff0e3208f5c3", element="aad04b70-fc66-444d-917e-01331122dd1c")&gt;]</msg>
<var>${packages}</var>
<arg>${packageOptions}</arg>
<doc>Returns a list of WebElement objects matching the ``locator``.</doc>
<status status="PASS" start="2025-07-06T12:35:46.389871" elapsed="0.010270"/>
</kw>
<kw name="Get Length" owner="BuiltIn">
<msg time="2025-07-06T12:35:46.401546" level="INFO">Length is 1.</msg>
<msg time="2025-07-06T12:35:46.401872" level="INFO">${count} = 1</msg>
<var>${count}</var>
<arg>${packages}</arg>
<doc>Returns and logs the length of the given item as an integer.</doc>
<status status="PASS" start="2025-07-06T12:35:46.400739" elapsed="0.001301"/>
</kw>
<return>
<value>${count}</value>
<status status="PASS" start="2025-07-06T12:35:46.402366" elapsed="0.000382"/>
</return>
<msg time="2025-07-06T12:35:46.403301" level="INFO">${packageCount} = 1</msg>
<var>${packageCount}</var>
<status status="PASS" start="2025-07-06T12:35:42.451235" elapsed="3.952218"/>
</kw>
<kw name="Log" owner="BuiltIn">
<msg time="2025-07-06T12:35:46.405020" level="INFO">Package Combination - Location: Canby Funeral Chapel | orccf | Disposition: Burial | Service: No Facilities | Packages: 1</msg>
<arg>Package Combination - Location: ${location} | ${locationId} | Disposition: ${dispLabel} | Service: ${serviceLabel} | Packages: ${packageCount}</arg>
<doc>Logs the given message with the given level.</doc>
<status status="PASS" start="2025-07-06T12:35:46.403912" elapsed="0.001322"/>
</kw>
<kw name="Log To Console" owner="BuiltIn">
<arg>Package Combination - Location: ${location} | ${locationId} | Disposition: ${dispLabel} | Service: ${serviceLabel} | Packages: ${packageCount}</arg>
<doc>Logs the given message to the console.</doc>
<status status="PASS" start="2025-07-06T12:35:46.405828" elapsed="0.001444"/>
</kw>
<kw name="Catenate" owner="BuiltIn">
<msg time="2025-07-06T12:35:46.409162" level="INFO">${dataRow} = Canby Funeral Chapel|orccf|Burial|No Facilities|1</msg>
<var>${dataRow}</var>
<arg>SEPARATOR=|</arg>
<arg>${location}</arg>
<arg>${locationId}</arg>
<arg>${dispLabel}</arg>
<arg>${serviceLabel}</arg>
<arg>${packageCount}</arg>
<doc>Catenates the given items together and returns the resulted string.</doc>
<status status="PASS" start="2025-07-06T12:35:46.407866" elapsed="0.001452"/>
</kw>
<kw name="Acquire Lock" owner="pabot.PabotLib">
<arg>result</arg>
<doc>Wait for a lock with name.
[https://pabot.org/PabotLib.html?ref=log#acquire-lock|Open online docs.]</doc>
<status status="PASS" start="2025-07-06T12:35:46.409907" elapsed="0.003048"/>
</kw>
<kw name="Get Parallel Value For Key" owner="pabot.PabotLib">
<msg time="2025-07-06T12:35:46.416766" level="INFO">${existing} = 
Canby Funeral Chapel|orccf|Burial|Facilities|4
Molalla Funeral Chapel|orcmf|Burial|Facilities|4
Molalla Funeral Chapel|orcmf|Burial|No Facilities|1</msg>
<var>${existing}</var>
<arg>testResultsGlobal</arg>
<doc>Get the value for a key. If there is no value for the key then empty
string is returned.
[https://pabot.org/PabotLib.html?ref=log#get-parallel-value-for-key|Open online docs.]</doc>
<status status="PASS" start="2025-07-06T12:35:46.413595" elapsed="0.003356"/>
</kw>
<if>
<branch type="IF" condition="$existing == 'NONE'">
<kw name="Set Variable" owner="BuiltIn">
<var>${existing}</var>
<arg>${dataRow}</arg>
<doc>Returns the given values which can then be assigned to a variables.</doc>
<status status="NOT RUN" start="2025-07-06T12:35:46.418294" elapsed="0.000292"/>
</kw>
<status status="NOT RUN" start="2025-07-06T12:35:46.417414" elapsed="0.001475"/>
</branch>
<branch type="ELSE">
<kw name="Catenate" owner="BuiltIn">
<msg time="2025-07-06T12:35:46.420501" level="INFO">${existing} = 
Canby Funeral Chapel|orccf|Burial|Facilities|4
Molalla Funeral Chapel|orcmf|Burial|Facilities|4
Molalla Funeral Chapel|orcmf|Burial|No Facilities|1
Canby Funeral Chapel|orccf|Burial|No Facilities|1</msg>
<var>${existing}</var>
<arg>SEPARATOR=\n</arg>
<arg>${existing}</arg>
<arg>${dataRow}</arg>
<doc>Catenates the given items together and returns the resulted string.</doc>
<status status="PASS" start="2025-07-06T12:35:46.419616" elapsed="0.001046"/>
</kw>
<status status="PASS" start="2025-07-06T12:35:46.419131" elapsed="0.001807"/>
</branch>
<status status="PASS" start="2025-07-06T12:35:46.417328" elapsed="0.003828"/>
</if>
<kw name="Set Parallel Value For Key" owner="pabot.PabotLib">
<arg>testResultsGlobal</arg>
<arg>${existing}</arg>
<doc>Set a globally available key and value that can be accessed
from all the pabot processes.
[https://pabot.org/PabotLib.html?ref=log#set-parallel-value-for-key|Open online docs.]</doc>
<status status="PASS" start="2025-07-06T12:35:46.421516" elapsed="0.003257"/>
</kw>
<kw name="Release Lock" owner="pabot.PabotLib">
<arg>result</arg>
<doc>Release a lock with name.
[https://pabot.org/PabotLib.html?ref=log#release-lock|Open online docs.]</doc>
<status status="PASS" start="2025-07-06T12:35:46.425311" elapsed="0.003099"/>
</kw>
<kw name="Evaluate" owner="BuiltIn">
<msg time="2025-07-06T12:35:46.430204" level="INFO">${isLastService} = False</msg>
<var>${isLastService}</var>
<arg>${serviceIndex} == ${serviceLength}-1</arg>
<doc>Evaluates the given expression in Python and returns the result.</doc>
<status status="PASS" start="2025-07-06T12:35:46.428961" elapsed="0.001403"/>
</kw>
<kw name="Evaluate" owner="BuiltIn">
<msg time="2025-07-06T12:35:46.432340" level="INFO">${isLastDisposition} = False</msg>
<var>${isLastDisposition}</var>
<arg>${dispIndex} == ${dispositionLength}-1</arg>
<doc>Evaluates the given expression in Python and returns the result.</doc>
<status status="PASS" start="2025-07-06T12:35:46.430940" elapsed="0.001550"/>
</kw>
<if>
<branch type="IF" condition="not (${isLastService} and ${isLastDisposition})">
<kw name="Start Guided Selling Until Disposition Step">
<kw name="Go To" owner="SeleniumLibrary">
<msg time="2025-07-06T12:35:46.436651" level="INFO">Opening url 'https://staging.afterall.com/funeral-cremation/oregon/canby/canby-funeral-chapel/orccf.html'</msg>
<arg>${url}</arg>
<doc>Navigates the current browser window to the provided ``url``.</doc>
<status status="PASS" start="2025-07-06T12:35:46.435925" elapsed="4.685717"/>
</kw>
<kw name="Wait Until Element Is Visible" owner="SeleniumLibrary">
<arg>${arrangeOnline}</arg>
<doc>Waits until the element ``locator`` is visible.</doc>
<status status="PASS" start="2025-07-06T12:35:51.122230" elapsed="3.062083"/>
</kw>
<kw name="Click Element" owner="SeleniumLibrary">
<msg time="2025-07-06T12:35:54.185631" level="INFO">Clicking element 'xpath://button[contains(@class, 'b-location_details-btn') and contains(text(), 'Arrange Online')]'.</msg>
<arg>${arrangeOnline}</arg>
<doc>Click the element identified by ``locator``.</doc>
<status status="PASS" start="2025-07-06T12:35:54.184807" elapsed="0.923131"/>
</kw>
<kw name="Wait Until Element Is Visible" owner="SeleniumLibrary">
<arg>${startPlanning}</arg>
<doc>Waits until the element ``locator`` is visible.</doc>
<status status="PASS" start="2025-07-06T12:35:55.108474" elapsed="0.030146"/>
</kw>
<kw name="Click Element" owner="SeleniumLibrary">
<msg time="2025-07-06T12:35:55.139839" level="INFO">Clicking element 'xpath://button[@data-widget-event-click="startPlanning"]'.</msg>
<arg>${startPlanning}</arg>
<doc>Click the element identified by ``locator``.</doc>
<status status="PASS" start="2025-07-06T12:35:55.139116" elapsed="0.301418"/>
</kw>
<kw name="Run Keyword And Return Status" owner="BuiltIn">
<kw name="Wait Until Element Is Visible" owner="SeleniumLibrary">
<arg>${activePlanFoundPopup}</arg>
<arg>timeout=3s</arg>
<doc>Waits until the element ``locator`` is visible.</doc>
<status status="PASS" start="2025-07-06T12:35:55.441877" elapsed="0.231751"/>
</kw>
<msg time="2025-07-06T12:35:55.674121" level="INFO">${isPopupPresent} = True</msg>
<var>${isPopupPresent}</var>
<arg>Wait Until Element Is Visible</arg>
<arg>${activePlanFoundPopup}</arg>
<arg>timeout=3s</arg>
<doc>Runs the given keyword with given arguments and returns the status as a Boolean value.</doc>
<status status="PASS" start="2025-07-06T12:35:55.441172" elapsed="0.233079"/>
</kw>
<if>
<branch type="IF" condition="'${isPopupPresent}' == 'True'">
<kw name="Click Element" owner="SeleniumLibrary">
<msg time="2025-07-06T12:35:55.676218" level="INFO">Clicking element 'xpath://button[normalize-space(text())="Start New"]'.</msg>
<arg>${startNewCTA}</arg>
<doc>Click the element identified by ``locator``.</doc>
<status status="PASS" start="2025-07-06T12:35:55.675476" elapsed="0.467535"/>
</kw>
<status status="PASS" start="2025-07-06T12:35:55.674646" elapsed="0.468672"/>
</branch>
<status status="PASS" start="2025-07-06T12:35:55.674570" elapsed="0.469016"/>
</if>
<kw name="Wait Until Page Contains Element" owner="SeleniumLibrary">
<arg>${immediateNeedRadio}</arg>
<doc>Waits until the element ``locator`` appears on the current page.</doc>
<status status="PASS" start="2025-07-06T12:35:56.143960" elapsed="0.865142"/>
</kw>
<kw name="Click Element" owner="SeleniumLibrary">
<msg time="2025-07-06T12:35:57.009931" level="INFO">Clicking element 'xpath://span[normalize-space(text())="I need to arrange a service now"]'.</msg>
<arg>${immediateNeedRadio}</arg>
<doc>Click the element identified by ``locator``.</doc>
<status status="PASS" start="2025-07-06T12:35:57.009466" elapsed="0.284638"/>
</kw>
<kw name="Wait Until Element Is Visible" owner="SeleniumLibrary">
<arg>${lovedOneDetailsStep}</arg>
<doc>Waits until the element ``locator`` is visible.</doc>
<status status="PASS" start="2025-07-06T12:35:57.294572" elapsed="0.648152"/>
</kw>
<kw name="Wait Until Element Is Visible" owner="SeleniumLibrary">
<arg>${firstNameInput}</arg>
<doc>Waits until the element ``locator`` is visible.</doc>
<status status="PASS" start="2025-07-06T12:35:57.943157" elapsed="0.016953"/>
</kw>
<kw name="Input Text" owner="SeleniumLibrary">
<msg time="2025-07-06T12:35:57.960888" level="INFO">Typing text 'Test' into text field 'xpath://input[@name="dwfrm_guidedSelling_firstName"]'.</msg>
<arg>${firstNameInput}</arg>
<arg>${lovedOneFirstName}</arg>
<doc>Types the given ``text`` into the text field identified by ``locator``.</doc>
<status status="PASS" start="2025-07-06T12:35:57.960389" elapsed="0.052467"/>
</kw>
<kw name="Wait Until Element Is Visible" owner="SeleniumLibrary">
<arg>${lastNameInput}</arg>
<doc>Waits until the element ``locator`` is visible.</doc>
<status status="PASS" start="2025-07-06T12:35:58.013362" elapsed="0.020919"/>
</kw>
<kw name="Input Text" owner="SeleniumLibrary">
<msg time="2025-07-06T12:35:58.035572" level="INFO">Typing text 'Test' into text field 'xpath://input[@name="dwfrm_guidedSelling_lastName"]'.</msg>
<arg>${lastNameInput}</arg>
<arg>${lovedOneLastName}</arg>
<doc>Types the given ``text`` into the text field identified by ``locator``.</doc>
<status status="PASS" start="2025-07-06T12:35:58.034758" elapsed="0.046772"/>
</kw>
<kw name="Wait Until Element Is Visible" owner="SeleniumLibrary">
<arg>${dateOfPassingLabel}</arg>
<doc>Waits until the element ``locator`` is visible.</doc>
<status status="PASS" start="2025-07-06T12:35:58.081889" elapsed="0.014148"/>
</kw>
<kw name="Mouse Down" owner="SeleniumLibrary">
<msg time="2025-07-06T12:35:58.097207" level="INFO">Simulating Mouse Down on element 'xpath://label[@for="dwfrm_guidedSelling_date"]'.</msg>
<arg>${dateOfPassingLabel}</arg>
<doc>Simulates pressing the left mouse button on the element ``locator``.</doc>
<status status="PASS" start="2025-07-06T12:35:58.096511" elapsed="0.275399"/>
</kw>
<kw name="Mouse Up" owner="SeleniumLibrary">
<msg time="2025-07-06T12:35:58.372977" level="INFO">Simulating Mouse Up on element 'xpath://label[@for="dwfrm_guidedSelling_date"]'.</msg>
<arg>${dateOfPassingLabel}</arg>
<doc>Simulates releasing the left mouse button on the element ``locator``.</doc>
<status status="PASS" start="2025-07-06T12:35:58.372366" elapsed="0.310491"/>
</kw>
<kw name="Sleep" owner="BuiltIn">
<msg time="2025-07-06T12:35:59.684040" level="INFO">Slept 1 second.</msg>
<arg>1s</arg>
<doc>Pauses the test executed for the given time.</doc>
<status status="PASS" start="2025-07-06T12:35:58.683318" elapsed="1.000914"/>
</kw>
<kw name="Press Keys" owner="SeleniumLibrary">
<msg time="2025-07-06T12:35:59.685204" level="INFO">Sending key(s) ('07012025',) to xpath://input[@name="dwfrm_guidedSelling_date"] element.</msg>
<msg time="2025-07-06T12:35:59.990680" level="INFO">Sending keys 07012025</msg>
<arg>${dateOfPassingInput}</arg>
<arg>${dateOfPassing}</arg>
<doc>Simulates the user pressing key(s) to an element or on the active browser.</doc>
<status status="PASS" start="2025-07-06T12:35:59.684520" elapsed="0.378395"/>
</kw>
<kw name="Wait Until Element Is Visible" owner="SeleniumLibrary">
<arg>${continueCTA}</arg>
<doc>Waits until the element ``locator`` is visible.</doc>
<status status="PASS" start="2025-07-06T12:36:00.063389" elapsed="0.017490"/>
</kw>
<kw name="Click Element" owner="SeleniumLibrary">
<msg time="2025-07-06T12:36:00.082091" level="INFO">Clicking element 'xpath://button[@type="submit" and @name="dwfrm_guidedSelling_continue"]'.</msg>
<arg>${continueCTA}</arg>
<doc>Click the element identified by ``locator``.</doc>
<status status="PASS" start="2025-07-06T12:36:00.081369" elapsed="0.288163"/>
</kw>
<kw name="Wait Until Element Is Visible" owner="SeleniumLibrary">
<arg>${personalDetailsStep}</arg>
<doc>Waits until the element ``locator`` is visible.</doc>
<status status="PASS" start="2025-07-06T12:36:00.369849" elapsed="0.641045"/>
</kw>
<kw name="Wait Until Element Is Visible" owner="SeleniumLibrary">
<arg>${firstNameInput}</arg>
<doc>Waits until the element ``locator`` is visible.</doc>
<status status="PASS" start="2025-07-06T12:36:01.011381" elapsed="0.033150"/>
</kw>
<kw name="Input Text" owner="SeleniumLibrary">
<msg time="2025-07-06T12:36:01.045858" level="INFO">Typing text 'Test' into text field 'xpath://input[@name="dwfrm_guidedSelling_firstName"]'.</msg>
<arg>${firstNameInput}</arg>
<arg>${ownerFirstName}</arg>
<doc>Types the given ``text`` into the text field identified by ``locator``.</doc>
<status status="PASS" start="2025-07-06T12:36:01.045037" elapsed="0.081842"/>
</kw>
<kw name="Wait Until Element Is Visible" owner="SeleniumLibrary">
<arg>${lastNameInput}</arg>
<doc>Waits until the element ``locator`` is visible.</doc>
<status status="PASS" start="2025-07-06T12:36:01.127588" elapsed="0.032218"/>
</kw>
<kw name="Input Text" owner="SeleniumLibrary">
<msg time="2025-07-06T12:36:01.160614" level="INFO">Typing text 'Test' into text field 'xpath://input[@name="dwfrm_guidedSelling_lastName"]'.</msg>
<arg>${lastNameInput}</arg>
<arg>${ownerLastName}</arg>
<doc>Types the given ``text`` into the text field identified by ``locator``.</doc>
<status status="PASS" start="2025-07-06T12:36:01.160103" elapsed="0.085054"/>
</kw>
<kw name="Wait Until Element Is Visible" owner="SeleniumLibrary">
<arg>${ownerPhoneNumberInput}</arg>
<doc>Waits until the element ``locator`` is visible.</doc>
<status status="PASS" start="2025-07-06T12:36:01.245631" elapsed="0.039345"/>
</kw>
<kw name="Input Text" owner="SeleniumLibrary">
<msg time="2025-07-06T12:36:01.286239" level="INFO">Typing text '+1(987) 654-3210' into text field 'xpath://input[@name="dwfrm_guidedSelling_phone"]'.</msg>
<arg>${ownerPhoneNumberInput}</arg>
<arg>${ownerPhoneNumber}</arg>
<doc>Types the given ``text`` into the text field identified by ``locator``.</doc>
<status status="PASS" start="2025-07-06T12:36:01.285425" elapsed="0.075620"/>
</kw>
<kw name="Wait Until Element Is Visible" owner="SeleniumLibrary">
<arg>${ownerEmailAddressInput}</arg>
<doc>Waits until the element ``locator`` is visible.</doc>
<status status="PASS" start="2025-07-06T12:36:01.361411" elapsed="0.017953"/>
</kw>
<kw name="Input Text" owner="SeleniumLibrary">
<msg time="2025-07-06T12:36:01.381078" level="INFO">Typing text 'd.kaneriya+test@astoundigital.com' into text field 'xpath://input[@name="dwfrm_guidedSelling_email"]'.</msg>
<arg>${ownerEmailAddressInput}</arg>
<arg>${ownerEmailAddress}</arg>
<doc>Types the given ``text`` into the text field identified by ``locator``.</doc>
<status status="PASS" start="2025-07-06T12:36:01.380085" elapsed="0.092353"/>
</kw>
<kw name="Select From List By Label" owner="SeleniumLibrary">
<msg time="2025-07-06T12:36:01.473257" level="INFO">Selecting options from selection list 'xpath://select[@id="dwfrm_guidedSelling_relationship"]' by label Uncle.</msg>
<arg>${ownerRelationShip}</arg>
<arg>${ownerRelationShipValue}</arg>
<doc>Selects options from selection list ``locator`` by ``labels``.</doc>
<status status="PASS" start="2025-07-06T12:36:01.472738" elapsed="0.257105"/>
</kw>
<kw name="Get WebElement" owner="SeleniumLibrary">
<msg time="2025-07-06T12:36:01.743916" level="INFO">${nextStep} = &lt;selenium.webdriver.remote.webelement.WebElement (session="d770a9ce-3490-44cb-be5f-ff0e3208f5c3", element="9a8af034-504b-44ec-b6e2-bc96fe4328fa")&gt;</msg>
<var>${nextStep}</var>
<arg>${continueCTA}</arg>
<doc>Returns the first WebElement matching the given ``locator``.</doc>
<status status="PASS" start="2025-07-06T12:36:01.732170" elapsed="0.012012"/>
</kw>
<kw name="Execute Javascript" owner="SeleniumLibrary">
<msg time="2025-07-06T12:36:01.746887" level="INFO">Executing JavaScript:
arguments[0].click();
By using argument:
'&lt;selenium.webdriver.remote.webelement.WebElement (session="d770a9ce-3490-44cb-be5f-ff0e3208f5c3", element="9a8af034-504b-44ec-b6e2-bc96fe4328fa")&gt;'</msg>
<arg>arguments[0].click();</arg>
<arg>ARGUMENTS</arg>
<arg>${nextStep}</arg>
<doc>Executes the given JavaScript code with possible arguments.</doc>
<status status="PASS" start="2025-07-06T12:36:01.744862" elapsed="0.088168"/>
</kw>
<arg>${url}</arg>
<status status="PASS" start="2025-07-06T12:35:46.434733" elapsed="15.398824"/>
</kw>
<status status="PASS" start="2025-07-06T12:35:46.432973" elapsed="15.400850"/>
</branch>
<status status="PASS" start="2025-07-06T12:35:46.432890" elapsed="15.401212"/>
</if>
<var name="${serviceIndex}">1</var>
<status status="PASS" start="2025-07-06T12:35:40.300759" elapsed="21.533521"/>
</iter>
<iter>
<if>
<branch type="IF" condition="${serviceIndex} != 0">
<kw name="Fetch All Disposition Options">
<kw name="Wait Until Element Is Visible" owner="SeleniumLibrary">
<arg>${disposition&amp;serviceOptions}</arg>
<doc>Waits until the element ``locator`` is visible.</doc>
<status status="PASS" start="2025-07-06T12:36:01.837571" elapsed="0.839512"/>
</kw>
<kw name="Get WebElements" owner="SeleniumLibrary">
<msg time="2025-07-06T12:36:02.682457" level="INFO">@{options} = [ &lt;selenium.webdriver.remote.webelement.WebElement (session="d770a9ce-3490-44cb-be5f-ff0e3208f5c3", element="845f2211-9dc3-41ab-847f-9773041ec56e")&gt; | &lt;selenium.webdriver.remote.webelement.WebElement ...</msg>
<var>@{options}</var>
<arg>${disposition&amp;serviceOptions}</arg>
<doc>Returns a list of WebElement objects matching the ``locator``.</doc>
<status status="PASS" start="2025-07-06T12:36:02.677387" elapsed="0.005230"/>
</kw>
<return>
<value>@{options}</value>
<status status="PASS" start="2025-07-06T12:36:02.682919" elapsed="0.000419"/>
</return>
<msg time="2025-07-06T12:36:02.684280" level="INFO">@{dispositionOptions} = [ &lt;selenium.webdriver.remote.webelement.WebElement (session="d770a9ce-3490-44cb-be5f-ff0e3208f5c3", element="845f2211-9dc3-41ab-847f-9773041ec56e")&gt; | &lt;selenium.webdriver.remote.webelement.WebElement ...</msg>
<var>@{dispositionOptions}</var>
<status status="PASS" start="2025-07-06T12:36:01.836624" elapsed="0.847759"/>
</kw>
<kw name="Get From List" owner="Collections">
<msg time="2025-07-06T12:36:02.685343" level="INFO">${disposition} = &lt;selenium.webdriver.remote.webelement.WebElement (session="d770a9ce-3490-44cb-be5f-ff0e3208f5c3", element="845f2211-9dc3-41ab-847f-9773041ec56e")&gt;</msg>
<var>${disposition}</var>
<arg>${dispositionOptions}</arg>
<arg>${dispIndex}</arg>
<doc>Returns the value specified with an ``index`` from ``list``.</doc>
<status status="PASS" start="2025-07-06T12:36:02.684733" elapsed="0.000677"/>
</kw>
<kw name="Get Text" owner="SeleniumLibrary">
<msg time="2025-07-06T12:36:02.695418" level="INFO">${dispLabel} = Burial</msg>
<var>${dispLabel}</var>
<arg>${disposition}</arg>
<doc>Returns the text value of the element identified by ``locator``.</doc>
<status status="PASS" start="2025-07-06T12:36:02.685665" elapsed="0.009837"/>
</kw>
<kw name="Click Element" owner="SeleniumLibrary">
<msg time="2025-07-06T12:36:02.696255" level="INFO">Clicking element '&lt;selenium.webdriver.remote.webelement.WebElement (session="d770a9ce-3490-44cb-be5f-ff0e3208f5c3", element="845f2211-9dc3-41ab-847f-9773041ec56e")&gt;'.</msg>
<arg>${disposition}</arg>
<doc>Click the element identified by ``locator``.</doc>
<status status="PASS" start="2025-07-06T12:36:02.695791" elapsed="0.258136"/>
</kw>
<kw name="Click Element" owner="SeleniumLibrary">
<msg time="2025-07-06T12:36:02.955214" level="INFO">Clicking element 'xpath://button[@type="submit" and @name="dwfrm_guidedSelling_continue"]'.</msg>
<arg>${continueCTA}</arg>
<doc>Click the element identified by ``locator``.</doc>
<status status="PASS" start="2025-07-06T12:36:02.954416" elapsed="0.280239"/>
</kw>
<status status="PASS" start="2025-07-06T12:36:01.835662" elapsed="1.399158"/>
</branch>
<status status="PASS" start="2025-07-06T12:36:01.835590" elapsed="1.399355"/>
</if>
<kw name="Fetch All Service Method Options">
<kw name="Wait Until Element Is Visible" owner="SeleniumLibrary">
<arg>${serviceDetailsStep}</arg>
<doc>Waits until the element ``locator`` is visible.</doc>
<status status="PASS" start="2025-07-06T12:36:03.235752" elapsed="0.640404"/>
</kw>
<kw name="Wait Until Element Is Visible" owner="SeleniumLibrary">
<arg>${disposition&amp;serviceOptions}</arg>
<doc>Waits until the element ``locator`` is visible.</doc>
<status status="PASS" start="2025-07-06T12:36:03.876447" elapsed="0.016548"/>
</kw>
<kw name="Get WebElements" owner="SeleniumLibrary">
<msg time="2025-07-06T12:36:03.897289" level="INFO">@{services} = [ &lt;selenium.webdriver.remote.webelement.WebElement (session="d770a9ce-3490-44cb-be5f-ff0e3208f5c3", element="e409972f-83c8-4605-b52a-c71cee731c7e")&gt; | &lt;selenium.webdriver.remote.webelement.WebElement ...</msg>
<var>@{services}</var>
<arg>${disposition&amp;serviceOptions}</arg>
<doc>Returns a list of WebElement objects matching the ``locator``.</doc>
<status status="PASS" start="2025-07-06T12:36:03.893293" elapsed="0.004173"/>
</kw>
<return>
<value>@{services}</value>
<status status="PASS" start="2025-07-06T12:36:03.897830" elapsed="0.000522"/>
</return>
[...]
<arg>${ownerPhoneNumberInput}</arg>
<arg>${ownerPhoneNumber}</arg>
<doc>Types the given ``text`` into the text field identified by ``locator``.</doc>
<status status="PASS" start="2025-07-06T12:36:57.639619" elapsed="0.052897"/>
</kw>
<kw name="Wait Until Element Is Visible" owner="SeleniumLibrary">
<arg>${ownerEmailAddressInput}</arg>
<doc>Waits until the element ``locator`` is visible.</doc>
<status status="PASS" start="2025-07-06T12:36:57.692820" elapsed="0.013539"/>
</kw>
<kw name="Input Text" owner="SeleniumLibrary">
<msg time="2025-07-06T12:36:57.707521" level="INFO">Typing text 'd.kaneriya+test@astoundigital.com' into text field 'xpath://input[@name="dwfrm_guidedSelling_email"]'.</msg>
<arg>${ownerEmailAddressInput}</arg>
<arg>${ownerEmailAddress}</arg>
<doc>Types the given ``text`` into the text field identified by ``locator``.</doc>
<status status="PASS" start="2025-07-06T12:36:57.706652" elapsed="0.070867"/>
</kw>
<kw name="Select From List By Label" owner="SeleniumLibrary">
<msg time="2025-07-06T12:36:57.778586" level="INFO">Selecting options from selection list 'xpath://select[@id="dwfrm_guidedSelling_relationship"]' by label Uncle.</msg>
<arg>${ownerRelationShip}</arg>
<arg>${ownerRelationShipValue}</arg>
<doc>Selects options from selection list ``locator`` by ``labels``.</doc>
<status status="PASS" start="2025-07-06T12:36:57.777991" elapsed="0.289049"/>
</kw>
<kw name="Get WebElement" owner="SeleniumLibrary">
<msg time="2025-07-06T12:36:58.073030" level="INFO">${nextStep} = &lt;selenium.webdriver.remote.webelement.WebElement (session="d770a9ce-3490-44cb-be5f-ff0e3208f5c3", element="e37aa7bb-c34f-426c-95b8-4c6218bdf19e")&gt;</msg>
<var>${nextStep}</var>
<arg>${continueCTA}</arg>
<doc>Returns the first WebElement matching the given ``locator``.</doc>
<status status="PASS" start="2025-07-06T12:36:58.067601" elapsed="0.005512"/>
</kw>
<kw name="Execute Javascript" owner="SeleniumLibrary">
<msg time="2025-07-06T12:36:58.074112" level="INFO">Executing JavaScript:
arguments[0].click();
By using argument:
'&lt;selenium.webdriver.remote.webelement.WebElement (session="d770a9ce-3490-44cb-be5f-ff0e3208f5c3", element="e37aa7bb-c34f-426c-95b8-4c6218bdf19e")&gt;'</msg>
<arg>arguments[0].click();</arg>
<arg>ARGUMENTS</arg>
<arg>${nextStep}</arg>
<doc>Executes the given JavaScript code with possible arguments.</doc>
<status status="PASS" start="2025-07-06T12:36:58.073384" elapsed="0.057008"/>
</kw>
<arg>${url}</arg>
<status status="PASS" start="2025-07-06T12:36:44.808826" elapsed="13.321966"/>
</kw>
<status status="PASS" start="2025-07-06T12:36:44.807143" elapsed="13.324020"/>
</branch>
<status status="PASS" start="2025-07-06T12:36:44.807063" elapsed="13.324367"/>
</if>
<var name="${serviceIndex}">1</var>
<status status="PASS" start="2025-07-06T12:36:40.107792" elapsed="18.023878"/>
</iter>
<iter>
<if>
<branch type="IF" condition="${serviceIndex} != 0">
<kw name="Fetch All Disposition Options">
<kw name="Wait Until Element Is Visible" owner="SeleniumLibrary">
<arg>${disposition&amp;serviceOptions}</arg>
<doc>Waits until the element ``locator`` is visible.</doc>
<status status="PASS" start="2025-07-06T12:36:58.136281" elapsed="0.869960"/>
</kw>
<kw name="Get WebElements" owner="SeleniumLibrary">
<msg time="2025-07-06T12:36:59.014295" level="INFO">@{options} = [ &lt;selenium.webdriver.remote.webelement.WebElement (session="d770a9ce-3490-44cb-be5f-ff0e3208f5c3", element="1d7acd36-b4a5-4f7d-97bd-8ccc8654a4d2")&gt; | &lt;selenium.webdriver.remote.webelement.WebElement ...</msg>
<var>@{options}</var>
<arg>${disposition&amp;serviceOptions}</arg>
<doc>Returns a list of WebElement objects matching the ``locator``.</doc>
<status status="PASS" start="2025-07-06T12:36:59.007123" elapsed="0.007380"/>
</kw>
<return>
<value>@{options}</value>
<status status="PASS" start="2025-07-06T12:36:59.015002" elapsed="0.000424"/>
</return>
<msg time="2025-07-06T12:36:59.016240" level="INFO">@{dispositionOptions} = [ &lt;selenium.webdriver.remote.webelement.WebElement (session="d770a9ce-3490-44cb-be5f-ff0e3208f5c3", element="1d7acd36-b4a5-4f7d-97bd-8ccc8654a4d2")&gt; | &lt;selenium.webdriver.remote.webelement.WebElement ...</msg>
<var>@{dispositionOptions}</var>
<status status="PASS" start="2025-07-06T12:36:58.134961" elapsed="0.881501"/>
</kw>
<kw name="Get From List" owner="Collections">
<msg time="2025-07-06T12:36:59.018157" level="INFO">${disposition} = &lt;selenium.webdriver.remote.webelement.WebElement (session="d770a9ce-3490-44cb-be5f-ff0e3208f5c3", element="99e0db9c-7173-4c00-a874-d318564e84b7")&gt;</msg>
<var>${disposition}</var>
<arg>${dispositionOptions}</arg>
<arg>${dispIndex}</arg>
<doc>Returns the value specified with an ``index`` from ``list``.</doc>
<status status="PASS" start="2025-07-06T12:36:59.016980" elapsed="0.001362"/>
</kw>
<kw name="Get Text" owner="SeleniumLibrary">
<msg time="2025-07-06T12:36:59.037979" level="INFO">${dispLabel} = Cremation</msg>
<var>${dispLabel}</var>
<arg>${disposition}</arg>
<doc>Returns the text value of the element identified by ``locator``.</doc>
<status status="PASS" start="2025-07-06T12:36:59.019049" elapsed="0.019016"/>
</kw>
<kw name="Click Element" owner="SeleniumLibrary">
<msg time="2025-07-06T12:36:59.038988" level="INFO">Clicking element '&lt;selenium.webdriver.remote.webelement.WebElement (session="d770a9ce-3490-44cb-be5f-ff0e3208f5c3", element="99e0db9c-7173-4c00-a874-d318564e84b7")&gt;'.</msg>
<arg>${disposition}</arg>
<doc>Click the element identified by ``locator``.</doc>
<status status="PASS" start="2025-07-06T12:36:59.038421" elapsed="0.290147"/>
</kw>
<kw name="Click Element" owner="SeleniumLibrary">
<msg time="2025-07-06T12:36:59.329299" level="INFO">Clicking element 'xpath://button[@type="submit" and @name="dwfrm_guidedSelling_continue"]'.</msg>
<arg>${continueCTA}</arg>
<doc>Click the element identified by ``locator``.</doc>
<status status="PASS" start="2025-07-06T12:36:59.328864" elapsed="0.266363"/>
</kw>
<status status="PASS" start="2025-07-06T12:36:58.134001" elapsed="1.461383"/>
</branch>
<status status="PASS" start="2025-07-06T12:36:58.133913" elapsed="1.461584"/>
</if>
<kw name="Fetch All Service Method Options">
<kw name="Wait Until Element Is Visible" owner="SeleniumLibrary">
<arg>${serviceDetailsStep}</arg>
<doc>Waits until the element ``locator`` is visible.</doc>
<status status="PASS" start="2025-07-06T12:36:59.596425" elapsed="0.642155"/>
</kw>
<kw name="Wait Until Element Is Visible" owner="SeleniumLibrary">
<arg>${disposition&amp;serviceOptions}</arg>
<doc>Waits until the element ``locator`` is visible.</doc>
<status status="PASS" start="2025-07-06T12:37:00.238883" elapsed="0.016780"/>
</kw>
<kw name="Get WebElements" owner="SeleniumLibrary">
<msg time="2025-07-06T12:37:00.259972" level="INFO">@{services} = [ &lt;selenium.webdriver.remote.webelement.WebElement (session="d770a9ce-3490-44cb-be5f-ff0e3208f5c3", element="63b64518-b209-4dc9-af0a-50040402a0cc")&gt; | &lt;selenium.webdriver.remote.webelement.WebElement ...</msg>
<var>@{services}</var>
<arg>${disposition&amp;serviceOptions}</arg>
<doc>Returns a list of WebElement objects matching the ``locator``.</doc>
<status status="PASS" start="2025-07-06T12:37:00.255968" elapsed="0.004096"/>
</kw>
<return>
<value>@{services}</value>
<status status="PASS" start="2025-07-06T12:37:00.260238" elapsed="0.000214"/>
</return>
<msg time="2025-07-06T12:37:00.260783" level="INFO">@{serviceOptions} = [ &lt;selenium.webdriver.remote.webelement.WebElement (session="d770a9ce-3490-44cb-be5f-ff0e3208f5c3", element="63b64518-b209-4dc9-af0a-50040402a0cc")&gt; | &lt;selenium.webdriver.remote.webelement.WebElement ...</msg>
<var>@{serviceOptions}</var>
<status status="PASS" start="2025-07-06T12:36:59.595799" elapsed="0.665064"/>
</kw>
<kw name="Get From List" owner="Collections">
<msg time="2025-07-06T12:37:00.261547" level="INFO">${service} = &lt;selenium.webdriver.remote.webelement.WebElement (session="d770a9ce-3490-44cb-be5f-ff0e3208f5c3", element="1fab854d-9c03-4cbd-a700-8339ba60de3b")&gt;</msg>
<var>${service}</var>
<arg>${serviceOptions}</arg>
<arg>${serviceIndex}</arg>
<doc>Returns the value specified with an ``index`` from ``list``.</doc>
<status status="PASS" start="2025-07-06T12:37:00.261110" elapsed="0.000499"/>
</kw>
<kw name="Get Text" owner="SeleniumLibrary">
<msg time="2025-07-06T12:37:00.284723" level="INFO">${serviceLabel} = I’m not sure yet</msg>
<var>${serviceLabel}</var>
<arg>${service}</arg>
<doc>Returns the text value of the element identified by ``locator``.</doc>
<status status="PASS" start="2025-07-06T12:37:00.261844" elapsed="0.023042"/>
</kw>
<if>
<branch type="IF" condition="'${serviceLabel}' == 'A private viewing, service, or celebration at church, funeral home, or other location'">
<kw name="Set Variable" owner="BuiltIn">
<var>${serviceLabel}</var>
<arg>Facilities</arg>
<doc>Returns the given values which can then be assigned to a variables.</doc>
<status status="NOT RUN" start="2025-07-06T12:37:00.286371" elapsed="0.000340"/>
</kw>
<status status="NOT RUN" start="2025-07-06T12:37:00.285409" elapsed="0.001669"/>
</branch>
<branch type="ELSE IF" condition="'${serviceLabel}' == 'No formal service. Just the Burial selection' or '${serviceLabel}' == 'No formal service. Just the Cremation selection'">
<kw name="Set Variable" owner="BuiltIn">
<var>${serviceLabel}</var>
<arg>No Facilities</arg>
<doc>Returns the given values which can then be assigned to a variables.</doc>
<status status="NOT RUN" start="2025-07-06T12:37:00.288581" elapsed="0.000346"/>
</kw>
<status status="NOT RUN" start="2025-07-06T12:37:00.287436" elapsed="0.001788"/>
</branch>
<branch type="ELSE IF" condition="'${serviceLabel}' == 'I’m not sure yet'">
<kw name="Set Variable" owner="BuiltIn">
<msg time="2025-07-06T12:37:00.291727" level="INFO">${serviceLabel} = All</msg>
<var>${serviceLabel}</var>
<arg>All</arg>
<doc>Returns the given values which can then be assigned to a variables.</doc>
<status status="PASS" start="2025-07-06T12:37:00.290959" elapsed="0.000917"/>
</kw>
<status status="PASS" start="2025-07-06T12:37:00.289915" elapsed="0.002258"/>
</branch>
<status status="PASS" start="2025-07-06T12:37:00.285309" elapsed="0.007167"/>
</if>
<kw name="Get WebElement" owner="SeleniumLibrary">
<msg time="2025-07-06T12:37:00.295223" level="INFO">${service} = &lt;selenium.webdriver.remote.webelement.WebElement (session="d770a9ce-3490-44cb-be5f-ff0e3208f5c3", element="1fab854d-9c03-4cbd-a700-8339ba60de3b")&gt;</msg>
<var>${service}</var>
<arg>${service}</arg>
<doc>Returns the first WebElement matching the given ``locator``.</doc>
<status status="PASS" start="2025-07-06T12:37:00.292882" elapsed="0.002494"/>
</kw>
<kw name="Execute Javascript" owner="SeleniumLibrary">
<msg time="2025-07-06T12:37:00.297327" level="INFO">Executing JavaScript:
arguments[0].click();
By using argument:
'&lt;selenium.webdriver.remote.webelement.WebElement (session="d770a9ce-3490-44cb-be5f-ff0e3208f5c3", element="1fab854d-9c03-4cbd-a700-8339ba60de3b")&gt;'</msg>
<arg>arguments[0].click();</arg>
<arg>ARGUMENTS</arg>
<arg>${service}</arg>
<doc>Executes the given JavaScript code with possible arguments.</doc>
<status status="PASS" start="2025-07-06T12:37:00.295966" elapsed="0.152416"/>
</kw>
<kw name="Get Package Count for Current Selection">
<kw name="Wait Until Element Is Visible" owner="SeleniumLibrary">
<arg>${packageOptions}</arg>
<doc>Waits until the element ``locator`` is visible.</doc>
<status status="PASS" start="2025-07-06T12:37:00.450417" elapsed="1.696854"/>
</kw>
<kw name="Get WebElements" owner="SeleniumLibrary">
<msg time="2025-07-06T12:37:02.164616" level="INFO">${packages} = [&lt;selenium.webdriver.remote.webelement.WebElement (session="d770a9ce-3490-44cb-be5f-ff0e3208f5c3", element="b8b3eb33-7c3b-459d-9db8-c82483b83b58")&gt;, &lt;selenium.webdriver.remote.webelement.WebElement (s...</msg>
<var>${packages}</var>
<arg>${packageOptions}</arg>
<doc>Returns a list of WebElement objects matching the ``locator``.</doc>
<status status="PASS" start="2025-07-06T12:37:02.147791" elapsed="0.017082"/>
</kw>
<kw name="Get Length" owner="BuiltIn">
<msg time="2025-07-06T12:37:02.165927" level="INFO">Length is 7.</msg>
<msg time="2025-07-06T12:37:02.166172" level="INFO">${count} = 7</msg>
<var>${count}</var>
<arg>${packages}</arg>
<doc>Returns and logs the length of the given item as an integer.</doc>
<status status="PASS" start="2025-07-06T12:37:02.165371" elapsed="0.000924"/>
</kw>
<return>
<value>${count}</value>
<status status="PASS" start="2025-07-06T12:37:02.166566" elapsed="0.000424"/>
</return>
<msg time="2025-07-06T12:37:02.167604" level="INFO">${packageCount} = 7</msg>
<var>${packageCount}</var>
<status status="PASS" start="2025-07-06T12:37:00.449093" elapsed="1.718638"/>
</kw>
<kw name="Log" owner="BuiltIn">
<msg time="2025-07-06T12:37:02.169423" level="INFO">Package Combination - Location: Canby Funeral Chapel | orccf | Disposition: Cremation | Service: All | Packages: 7</msg>
<arg>Package Combination - Location: ${location} | ${locationId} | Disposition: ${dispLabel} | Service: ${serviceLabel} | Packages: ${packageCount}</arg>
<doc>Logs the given message with the given level.</doc>
<status status="PASS" start="2025-07-06T12:37:02.168231" elapsed="0.001468"/>
</kw>
<kw name="Log To Console" owner="BuiltIn">
<arg>Package Combination - Location: ${location} | ${locationId} | Disposition: ${dispLabel} | Service: ${serviceLabel} | Packages: ${packageCount}</arg>
<doc>Logs the given message to the console.</doc>
<status status="PASS" start="2025-07-06T12:37:02.170324" elapsed="0.000951"/>
</kw>
<kw name="Catenate" owner="BuiltIn">
<msg time="2025-07-06T12:37:02.172768" level="INFO">${dataRow} = Canby Funeral Chapel|orccf|Cremation|All|7</msg>
<var>${dataRow}</var>
<arg>SEPARATOR=|</arg>
<arg>${location}</arg>
<arg>${locationId}</arg>
<arg>${dispLabel}</arg>
<arg>${serviceLabel}</arg>
<arg>${packageCount}</arg>
<doc>Catenates the given items together and returns the resulted string.</doc>
<status status="PASS" start="2025-07-06T12:37:02.171715" elapsed="0.001165"/>
</kw>
<kw name="Acquire Lock" owner="pabot.PabotLib">
<arg>result</arg>
<doc>Wait for a lock with name.
[https://pabot.org/PabotLib.html?ref=log#acquire-lock|Open online docs.]</doc>
<status status="PASS" start="2025-07-06T12:37:02.173456" elapsed="0.003363"/>
</kw>
<kw name="Get Parallel Value For Key" owner="pabot.PabotLib">
<msg time="2025-07-06T12:37:02.180506" level="INFO">${existing} = 
Canby Funeral Chapel|orccf|Burial|Facilities|4
Molalla Funeral Chapel|orcmf|Burial|Facilities|4
Molalla Funeral Chapel|orcmf|Burial|No Facilities|1
Canby Funeral Chapel|orccf|Burial|No Facilities|1
C...</msg>
<var>${existing}</var>
<arg>testResultsGlobal</arg>
<doc>Get the value for a key. If there is no value for the key then empty
string is returned.
[https://pabot.org/PabotLib.html?ref=log#get-parallel-value-for-key|Open online docs.]</doc>
<status status="PASS" start="2025-07-06T12:37:02.177377" elapsed="0.003270"/>
</kw>
<if>
<branch type="IF" condition="$existing == 'NONE'">
<kw name="Set Variable" owner="BuiltIn">
<var>${existing}</var>
<arg>${dataRow}</arg>
<doc>Returns the given values which can then be assigned to a variables.</doc>
<status status="NOT RUN" start="2025-07-06T12:37:02.181741" elapsed="0.000255"/>
</kw>
<status status="NOT RUN" start="2025-07-06T12:37:02.180992" elapsed="0.001245"/>
</branch>
<branch type="ELSE">
<kw name="Catenate" owner="BuiltIn">
<msg time="2025-07-06T12:37:02.185127" level="INFO">${existing} = 
Canby Funeral Chapel|orccf|Burial|Facilities|4
Molalla Funeral Chapel|orcmf|Burial|Facilities|4
Molalla Funeral Chapel|orcmf|Burial|No Facilities|1
Canby Funeral Chapel|orccf|Burial|No Facilities|1
C...</msg>
<var>${existing}</var>
<arg>SEPARATOR=\n</arg>
<arg>${existing}</arg>
<arg>${dataRow}</arg>
<doc>Catenates the given items together and returns the resulted string.</doc>
<status status="PASS" start="2025-07-06T12:37:02.182918" elapsed="0.002365"/>
</kw>
<status status="PASS" start="2025-07-06T12:37:02.182441" elapsed="0.003133"/>
</branch>
<status status="PASS" start="2025-07-06T12:37:02.180931" elapsed="0.004855"/>
</if>
<kw name="Set Parallel Value For Key" owner="pabot.PabotLib">
<arg>testResultsGlobal</arg>
<arg>${existing}</arg>
<doc>Set a globally available key and value that can be accessed
from all the pabot processes.
[https://pabot.org/PabotLib.html?ref=log#set-parallel-value-for-key|Open online docs.]</doc>
<status status="PASS" start="2025-07-06T12:37:02.186109" elapsed="0.003076"/>
</kw>
<kw name="Release Lock" owner="pabot.PabotLib">
<arg>result</arg>
<doc>Release a lock with name.
[https://pabot.org/PabotLib.html?ref=log#release-lock|Open online docs.]</doc>
<status status="PASS" start="2025-07-06T12:37:02.189743" elapsed="0.002679"/>
</kw>
<kw name="Evaluate" owner="BuiltIn">
<msg time="2025-07-06T12:37:02.194008" level="INFO">${isLastService} = True</msg>
<var>${isLastService}</var>
<arg>${serviceIndex} == ${serviceLength}-1</arg>
<doc>Evaluates the given expression in Python and returns the result.</doc>
<status status="PASS" start="2025-07-06T12:37:02.192924" elapsed="0.001212"/>
</kw>
<kw name="Evaluate" owner="BuiltIn">
<msg time="2025-07-06T12:37:02.195684" level="INFO">${isLastDisposition} = True</msg>
<var>${isLastDisposition}</var>
<arg>${dispIndex} == ${dispositionLength}-1</arg>
<doc>Evaluates the given expression in Python and returns the result.</doc>
<status status="PASS" start="2025-07-06T12:37:02.194597" elapsed="0.001208"/>
</kw>
<if>
<branch type="IF" condition="not (${isLastService} and ${isLastDisposition})">
<kw name="Start Guided Selling Until Disposition Step">
<arg>${url}</arg>
<status status="NOT RUN" start="2025-07-06T12:37:02.197608" elapsed="0.000465"/>
</kw>
<status status="NOT RUN" start="2025-07-06T12:37:02.196160" elapsed="0.002181"/>
</branch>
<status status="PASS" start="2025-07-06T12:37:02.196091" elapsed="0.002461"/>
</if>
<var name="${serviceIndex}">2</var>
<status status="PASS" start="2025-07-06T12:36:58.133348" elapsed="4.067166"/>
</iter>
<var>${serviceIndex}</var>
<value>${serviceLength}</value>
<status status="PASS" start="2025-07-06T12:36:23.318617" elapsed="38.882243"/>
</for>
<var name="${dispIndex}">1</var>
<status status="PASS" start="2025-07-06T12:36:21.169492" elapsed="41.031688"/>
</iter>
<var>${dispIndex}</var>
<value>${dispositionLength}</value>
<status status="PASS" start="2025-07-06T12:35:22.435209" elapsed="99.766239"/>
</for>
<arg>url=https://staging.afterall.com/funeral-cremation/oregon/canby/canby-funeral-chapel/orccf.html</arg>
<arg>locationId=orccf</arg>
<status status="PASS" start="2025-07-06T12:34:55.398589" elapsed="126.803431"/>
</kw>
<kw name="End Web Test" owner="Common" type="TEARDOWN">
<kw name="Close All Browsers" owner="SeleniumLibrary">
<doc>Closes all open browsers and resets the browser cache.</doc>
<status status="PASS" start="2025-07-06T12:37:02.203930" elapsed="4.534658"/>
</kw>
<status status="PASS" start="2025-07-06T12:37:02.202857" elapsed="4.535941"/>
</kw>
<status status="PASS" start="2025-07-06T12:34:45.449554" elapsed="141.289362"/>
</test>
<kw name="Run Teardown Only Once" owner="pabot.PabotLib" type="TEARDOWN">
<msg time="2025-07-06T12:37:06.740134" level="INFO">Teardown skipped in this item</msg>
<arg>Write Test Results to Excel File</arg>
<doc>Runs a keyword only once after all executions have gone through this step in the last possible moment.
[https://pabot.org/PabotLib.html?ref=log#run-teardown-only-once|Open online docs.]</doc>
<status status="PASS" start="2025-07-06T12:37:06.739697" elapsed="0.000534"/>
</kw>
<status status="PASS" start="2025-07-06T12:34:42.680529" elapsed="144.059822"/>
</suite>
<statistics>
<total>
<stat pass="1" fail="0" skip="0">All Tests</stat>
</total>
<tag>
</tag>
<suite>
<stat name="GuidedSellingFlow" id="s1" pass="1" fail="0" skip="0">GuidedSellingFlow</stat>
</suite>
</statistics>
<errors>
</errors>
</robot>
